[2023-12-10T18:06:26.955+0000] {processor.py:157} INFO - Started process (PID=47) to work on /home/airflow/.local/lib/python3.8/site-packages/airflow/example_dags/example_subdag_operator.py
[2023-12-10T18:06:26.965+0000] {processor.py:829} INFO - Processing file /home/airflow/.local/lib/python3.8/site-packages/airflow/example_dags/example_subdag_operator.py for tasks to queue
[2023-12-10T18:06:26.984+0000] {logging_mixin.py:154} INFO - [2023-12-10T18:06:26.983+0000] {dagbag.py:536} INFO - Filling up the DagBag from /home/airflow/.local/lib/python3.8/site-packages/airflow/example_dags/example_subdag_operator.py
[2023-12-10T18:06:27.097+0000] {processor.py:839} INFO - DAG(s) dict_keys(['example_subdag_operator.section-1', 'example_subdag_operator.section-2', 'example_subdag_operator']) retrieved from /home/airflow/.local/lib/python3.8/site-packages/airflow/example_dags/example_subdag_operator.py
[2023-12-10T18:06:27.104+0000] {logging_mixin.py:154} INFO - [2023-12-10T18:06:27.104+0000] {dag.py:2941} INFO - Sync 3 DAGs
[2023-12-10T18:06:27.180+0000] {logging_mixin.py:154} INFO - [2023-12-10T18:06:27.180+0000] {dag.py:3722} INFO - Setting next_dagrun for example_subdag_operator to 2022-01-01T00:00:00+00:00, run_after=2022-01-01T00:00:00+00:00
[2023-12-10T18:06:27.209+0000] {logging_mixin.py:154} INFO - [2023-12-10T18:06:27.208+0000] {dag.py:3722} INFO - Setting next_dagrun for example_subdag_operator.section-1 to None, run_after=None
[2023-12-10T18:06:27.223+0000] {logging_mixin.py:154} INFO - [2023-12-10T18:06:27.222+0000] {dag.py:3722} INFO - Setting next_dagrun for example_subdag_operator.section-2 to None, run_after=None
[2023-12-10T18:06:27.316+0000] {logging_mixin.py:154} INFO - [2023-12-10T18:06:27.316+0000] {dag.py:2941} INFO - Sync 2 DAGs
[2023-12-10T18:06:27.330+0000] {logging_mixin.py:154} INFO - [2023-12-10T18:06:27.330+0000] {dag.py:3722} INFO - Setting next_dagrun for example_subdag_operator.section-1 to None, run_after=None
[2023-12-10T18:06:27.333+0000] {logging_mixin.py:154} INFO - [2023-12-10T18:06:27.333+0000] {dag.py:3722} INFO - Setting next_dagrun for example_subdag_operator.section-2 to None, run_after=None
[2023-12-10T18:06:27.366+0000] {processor.py:179} INFO - Processing /home/airflow/.local/lib/python3.8/site-packages/airflow/example_dags/example_subdag_operator.py took 0.438 seconds
[2023-12-10T18:06:58.011+0000] {processor.py:157} INFO - Started process (PID=102) to work on /home/airflow/.local/lib/python3.8/site-packages/airflow/example_dags/example_subdag_operator.py
[2023-12-10T18:06:58.012+0000] {processor.py:829} INFO - Processing file /home/airflow/.local/lib/python3.8/site-packages/airflow/example_dags/example_subdag_operator.py for tasks to queue
[2023-12-10T18:06:58.016+0000] {logging_mixin.py:154} INFO - [2023-12-10T18:06:58.015+0000] {dagbag.py:536} INFO - Filling up the DagBag from /home/airflow/.local/lib/python3.8/site-packages/airflow/example_dags/example_subdag_operator.py
[2023-12-10T18:06:58.051+0000] {processor.py:839} INFO - DAG(s) dict_keys(['example_subdag_operator.section-1', 'example_subdag_operator.section-2', 'example_subdag_operator']) retrieved from /home/airflow/.local/lib/python3.8/site-packages/airflow/example_dags/example_subdag_operator.py
[2023-12-10T18:06:58.070+0000] {logging_mixin.py:154} INFO - [2023-12-10T18:06:58.070+0000] {dag.py:2941} INFO - Sync 3 DAGs
[2023-12-10T18:06:58.097+0000] {logging_mixin.py:154} INFO - [2023-12-10T18:06:58.097+0000] {dag.py:3722} INFO - Setting next_dagrun for example_subdag_operator to 2022-01-01T00:00:00+00:00, run_after=2022-01-01T00:00:00+00:00
[2023-12-10T18:06:58.102+0000] {logging_mixin.py:154} INFO - [2023-12-10T18:06:58.101+0000] {dag.py:3722} INFO - Setting next_dagrun for example_subdag_operator.section-1 to None, run_after=None
[2023-12-10T18:06:58.104+0000] {logging_mixin.py:154} INFO - [2023-12-10T18:06:58.104+0000] {dag.py:3722} INFO - Setting next_dagrun for example_subdag_operator.section-2 to None, run_after=None
[2023-12-10T18:06:58.114+0000] {logging_mixin.py:154} INFO - [2023-12-10T18:06:58.114+0000] {dag.py:2941} INFO - Sync 2 DAGs
[2023-12-10T18:06:58.124+0000] {logging_mixin.py:154} INFO - [2023-12-10T18:06:58.124+0000] {dag.py:3722} INFO - Setting next_dagrun for example_subdag_operator.section-1 to None, run_after=None
[2023-12-10T18:06:58.133+0000] {logging_mixin.py:154} INFO - [2023-12-10T18:06:58.133+0000] {dag.py:3722} INFO - Setting next_dagrun for example_subdag_operator.section-2 to None, run_after=None
[2023-12-10T18:06:58.151+0000] {processor.py:179} INFO - Processing /home/airflow/.local/lib/python3.8/site-packages/airflow/example_dags/example_subdag_operator.py took 0.144 seconds
[2023-12-10T18:07:28.840+0000] {processor.py:157} INFO - Started process (PID=157) to work on /home/airflow/.local/lib/python3.8/site-packages/airflow/example_dags/example_subdag_operator.py
[2023-12-10T18:07:28.842+0000] {processor.py:829} INFO - Processing file /home/airflow/.local/lib/python3.8/site-packages/airflow/example_dags/example_subdag_operator.py for tasks to queue
[2023-12-10T18:07:28.845+0000] {logging_mixin.py:154} INFO - [2023-12-10T18:07:28.845+0000] {dagbag.py:536} INFO - Filling up the DagBag from /home/airflow/.local/lib/python3.8/site-packages/airflow/example_dags/example_subdag_operator.py
[2023-12-10T18:07:28.875+0000] {processor.py:839} INFO - DAG(s) dict_keys(['example_subdag_operator.section-1', 'example_subdag_operator.section-2', 'example_subdag_operator']) retrieved from /home/airflow/.local/lib/python3.8/site-packages/airflow/example_dags/example_subdag_operator.py
[2023-12-10T18:07:28.892+0000] {logging_mixin.py:154} INFO - [2023-12-10T18:07:28.892+0000] {dag.py:2941} INFO - Sync 3 DAGs
[2023-12-10T18:07:28.917+0000] {logging_mixin.py:154} INFO - [2023-12-10T18:07:28.916+0000] {dag.py:3722} INFO - Setting next_dagrun for example_subdag_operator to 2022-01-01T00:00:00+00:00, run_after=2022-01-01T00:00:00+00:00
[2023-12-10T18:07:28.921+0000] {logging_mixin.py:154} INFO - [2023-12-10T18:07:28.921+0000] {dag.py:3722} INFO - Setting next_dagrun for example_subdag_operator.section-1 to None, run_after=None
[2023-12-10T18:07:28.925+0000] {logging_mixin.py:154} INFO - [2023-12-10T18:07:28.924+0000] {dag.py:3722} INFO - Setting next_dagrun for example_subdag_operator.section-2 to None, run_after=None
[2023-12-10T18:07:28.935+0000] {logging_mixin.py:154} INFO - [2023-12-10T18:07:28.935+0000] {dag.py:2941} INFO - Sync 2 DAGs
[2023-12-10T18:07:28.945+0000] {logging_mixin.py:154} INFO - [2023-12-10T18:07:28.945+0000] {dag.py:3722} INFO - Setting next_dagrun for example_subdag_operator.section-1 to None, run_after=None
[2023-12-10T18:07:28.947+0000] {logging_mixin.py:154} INFO - [2023-12-10T18:07:28.946+0000] {dag.py:3722} INFO - Setting next_dagrun for example_subdag_operator.section-2 to None, run_after=None
[2023-12-10T18:07:29.001+0000] {processor.py:179} INFO - Processing /home/airflow/.local/lib/python3.8/site-packages/airflow/example_dags/example_subdag_operator.py took 0.166 seconds
[2023-12-10T18:07:59.234+0000] {processor.py:157} INFO - Started process (PID=212) to work on /home/airflow/.local/lib/python3.8/site-packages/airflow/example_dags/example_subdag_operator.py
[2023-12-10T18:07:59.235+0000] {processor.py:829} INFO - Processing file /home/airflow/.local/lib/python3.8/site-packages/airflow/example_dags/example_subdag_operator.py for tasks to queue
[2023-12-10T18:07:59.238+0000] {logging_mixin.py:154} INFO - [2023-12-10T18:07:59.238+0000] {dagbag.py:536} INFO - Filling up the DagBag from /home/airflow/.local/lib/python3.8/site-packages/airflow/example_dags/example_subdag_operator.py
[2023-12-10T18:07:59.271+0000] {processor.py:839} INFO - DAG(s) dict_keys(['example_subdag_operator.section-1', 'example_subdag_operator.section-2', 'example_subdag_operator']) retrieved from /home/airflow/.local/lib/python3.8/site-packages/airflow/example_dags/example_subdag_operator.py
[2023-12-10T18:07:59.287+0000] {logging_mixin.py:154} INFO - [2023-12-10T18:07:59.287+0000] {dag.py:2941} INFO - Sync 3 DAGs
[2023-12-10T18:07:59.312+0000] {logging_mixin.py:154} INFO - [2023-12-10T18:07:59.312+0000] {dag.py:3722} INFO - Setting next_dagrun for example_subdag_operator to 2022-01-01T00:00:00+00:00, run_after=2022-01-01T00:00:00+00:00
[2023-12-10T18:07:59.317+0000] {logging_mixin.py:154} INFO - [2023-12-10T18:07:59.317+0000] {dag.py:3722} INFO - Setting next_dagrun for example_subdag_operator.section-1 to None, run_after=None
[2023-12-10T18:07:59.319+0000] {logging_mixin.py:154} INFO - [2023-12-10T18:07:59.319+0000] {dag.py:3722} INFO - Setting next_dagrun for example_subdag_operator.section-2 to None, run_after=None
[2023-12-10T18:07:59.328+0000] {logging_mixin.py:154} INFO - [2023-12-10T18:07:59.327+0000] {dag.py:2941} INFO - Sync 2 DAGs
[2023-12-10T18:07:59.335+0000] {logging_mixin.py:154} INFO - [2023-12-10T18:07:59.335+0000] {dag.py:3722} INFO - Setting next_dagrun for example_subdag_operator.section-1 to None, run_after=None
[2023-12-10T18:07:59.336+0000] {logging_mixin.py:154} INFO - [2023-12-10T18:07:59.336+0000] {dag.py:3722} INFO - Setting next_dagrun for example_subdag_operator.section-2 to None, run_after=None
[2023-12-10T18:07:59.348+0000] {processor.py:179} INFO - Processing /home/airflow/.local/lib/python3.8/site-packages/airflow/example_dags/example_subdag_operator.py took 0.119 seconds
