[2023-12-10T18:06:26.185+0000] {processor.py:157} INFO - Started process (PID=43) to work on /home/airflow/.local/lib/python3.8/site-packages/airflow/example_dags/example_short_circuit_operator.py
[2023-12-10T18:06:26.189+0000] {processor.py:829} INFO - Processing file /home/airflow/.local/lib/python3.8/site-packages/airflow/example_dags/example_short_circuit_operator.py for tasks to queue
[2023-12-10T18:06:26.206+0000] {logging_mixin.py:154} INFO - [2023-12-10T18:06:26.205+0000] {dagbag.py:536} INFO - Filling up the DagBag from /home/airflow/.local/lib/python3.8/site-packages/airflow/example_dags/example_short_circuit_operator.py
[2023-12-10T18:06:26.277+0000] {processor.py:839} INFO - DAG(s) dict_keys(['example_short_circuit_operator']) retrieved from /home/airflow/.local/lib/python3.8/site-packages/airflow/example_dags/example_short_circuit_operator.py
[2023-12-10T18:06:26.347+0000] {logging_mixin.py:154} INFO - [2023-12-10T18:06:26.347+0000] {dag.py:2941} INFO - Sync 1 DAGs
[2023-12-10T18:06:26.439+0000] {logging_mixin.py:154} INFO - [2023-12-10T18:06:26.439+0000] {dag.py:3722} INFO - Setting next_dagrun for example_short_circuit_operator to 2023-12-09T18:06:26.438822+00:00, run_after=2023-12-10T18:06:26.438822+00:00
[2023-12-10T18:06:26.529+0000] {processor.py:179} INFO - Processing /home/airflow/.local/lib/python3.8/site-packages/airflow/example_dags/example_short_circuit_operator.py took 0.359 seconds
[2023-12-10T18:06:56.839+0000] {processor.py:157} INFO - Started process (PID=98) to work on /home/airflow/.local/lib/python3.8/site-packages/airflow/example_dags/example_short_circuit_operator.py
[2023-12-10T18:06:56.841+0000] {processor.py:829} INFO - Processing file /home/airflow/.local/lib/python3.8/site-packages/airflow/example_dags/example_short_circuit_operator.py for tasks to queue
[2023-12-10T18:06:56.844+0000] {logging_mixin.py:154} INFO - [2023-12-10T18:06:56.844+0000] {dagbag.py:536} INFO - Filling up the DagBag from /home/airflow/.local/lib/python3.8/site-packages/airflow/example_dags/example_short_circuit_operator.py
[2023-12-10T18:06:56.853+0000] {processor.py:839} INFO - DAG(s) dict_keys(['example_short_circuit_operator']) retrieved from /home/airflow/.local/lib/python3.8/site-packages/airflow/example_dags/example_short_circuit_operator.py
[2023-12-10T18:06:56.883+0000] {logging_mixin.py:154} INFO - [2023-12-10T18:06:56.882+0000] {dag.py:2941} INFO - Sync 1 DAGs
[2023-12-10T18:06:56.911+0000] {logging_mixin.py:154} INFO - [2023-12-10T18:06:56.911+0000] {dag.py:3722} INFO - Setting next_dagrun for example_short_circuit_operator to 2023-12-09T18:06:56.911074+00:00, run_after=2023-12-10T18:06:56.911074+00:00
[2023-12-10T18:06:56.939+0000] {processor.py:179} INFO - Processing /home/airflow/.local/lib/python3.8/site-packages/airflow/example_dags/example_short_circuit_operator.py took 0.104 seconds
[2023-12-10T18:07:27.514+0000] {processor.py:157} INFO - Started process (PID=153) to work on /home/airflow/.local/lib/python3.8/site-packages/airflow/example_dags/example_short_circuit_operator.py
[2023-12-10T18:07:27.516+0000] {processor.py:829} INFO - Processing file /home/airflow/.local/lib/python3.8/site-packages/airflow/example_dags/example_short_circuit_operator.py for tasks to queue
[2023-12-10T18:07:27.520+0000] {logging_mixin.py:154} INFO - [2023-12-10T18:07:27.519+0000] {dagbag.py:536} INFO - Filling up the DagBag from /home/airflow/.local/lib/python3.8/site-packages/airflow/example_dags/example_short_circuit_operator.py
[2023-12-10T18:07:27.535+0000] {processor.py:839} INFO - DAG(s) dict_keys(['example_short_circuit_operator']) retrieved from /home/airflow/.local/lib/python3.8/site-packages/airflow/example_dags/example_short_circuit_operator.py
[2023-12-10T18:07:27.576+0000] {logging_mixin.py:154} INFO - [2023-12-10T18:07:27.576+0000] {dag.py:2941} INFO - Sync 1 DAGs
[2023-12-10T18:07:27.603+0000] {logging_mixin.py:154} INFO - [2023-12-10T18:07:27.603+0000] {dag.py:3722} INFO - Setting next_dagrun for example_short_circuit_operator to 2023-12-09T18:07:27.602998+00:00, run_after=2023-12-10T18:07:27.602998+00:00
[2023-12-10T18:07:27.675+0000] {processor.py:179} INFO - Processing /home/airflow/.local/lib/python3.8/site-packages/airflow/example_dags/example_short_circuit_operator.py took 0.165 seconds
[2023-12-10T18:07:57.991+0000] {processor.py:157} INFO - Started process (PID=208) to work on /home/airflow/.local/lib/python3.8/site-packages/airflow/example_dags/example_short_circuit_operator.py
[2023-12-10T18:07:57.993+0000] {processor.py:829} INFO - Processing file /home/airflow/.local/lib/python3.8/site-packages/airflow/example_dags/example_short_circuit_operator.py for tasks to queue
[2023-12-10T18:07:57.996+0000] {logging_mixin.py:154} INFO - [2023-12-10T18:07:57.996+0000] {dagbag.py:536} INFO - Filling up the DagBag from /home/airflow/.local/lib/python3.8/site-packages/airflow/example_dags/example_short_circuit_operator.py
[2023-12-10T18:07:58.005+0000] {processor.py:839} INFO - DAG(s) dict_keys(['example_short_circuit_operator']) retrieved from /home/airflow/.local/lib/python3.8/site-packages/airflow/example_dags/example_short_circuit_operator.py
[2023-12-10T18:07:58.032+0000] {logging_mixin.py:154} INFO - [2023-12-10T18:07:58.032+0000] {dag.py:2941} INFO - Sync 1 DAGs
[2023-12-10T18:07:58.057+0000] {logging_mixin.py:154} INFO - [2023-12-10T18:07:58.057+0000] {dag.py:3722} INFO - Setting next_dagrun for example_short_circuit_operator to 2023-12-09T18:07:58.057014+00:00, run_after=2023-12-10T18:07:58.057014+00:00
[2023-12-10T18:07:58.080+0000] {processor.py:179} INFO - Processing /home/airflow/.local/lib/python3.8/site-packages/airflow/example_dags/example_short_circuit_operator.py took 0.094 seconds
