[2023-12-10T18:06:26.626+0000] {processor.py:157} INFO - Started process (PID=45) to work on /home/airflow/.local/lib/python3.8/site-packages/airflow/example_dags/example_short_circuit_decorator.py
[2023-12-10T18:06:26.636+0000] {processor.py:829} INFO - Processing file /home/airflow/.local/lib/python3.8/site-packages/airflow/example_dags/example_short_circuit_decorator.py for tasks to queue
[2023-12-10T18:06:26.648+0000] {logging_mixin.py:154} INFO - [2023-12-10T18:06:26.647+0000] {dagbag.py:536} INFO - Filling up the DagBag from /home/airflow/.local/lib/python3.8/site-packages/airflow/example_dags/example_short_circuit_decorator.py
[2023-12-10T18:06:26.696+0000] {processor.py:839} INFO - DAG(s) dict_keys(['example_short_circuit_decorator']) retrieved from /home/airflow/.local/lib/python3.8/site-packages/airflow/example_dags/example_short_circuit_decorator.py
[2023-12-10T18:06:26.722+0000] {logging_mixin.py:154} INFO - [2023-12-10T18:06:26.721+0000] {dag.py:2941} INFO - Sync 1 DAGs
[2023-12-10T18:06:26.771+0000] {logging_mixin.py:154} INFO - [2023-12-10T18:06:26.770+0000] {dag.py:3722} INFO - Setting next_dagrun for example_short_circuit_decorator to 2023-12-09T18:06:26.770427+00:00, run_after=2023-12-10T18:06:26.770427+00:00
[2023-12-10T18:06:26.800+0000] {processor.py:179} INFO - Processing /home/airflow/.local/lib/python3.8/site-packages/airflow/example_dags/example_short_circuit_decorator.py took 0.189 seconds
[2023-12-10T18:06:56.968+0000] {processor.py:157} INFO - Started process (PID=100) to work on /home/airflow/.local/lib/python3.8/site-packages/airflow/example_dags/example_short_circuit_decorator.py
[2023-12-10T18:06:56.969+0000] {processor.py:829} INFO - Processing file /home/airflow/.local/lib/python3.8/site-packages/airflow/example_dags/example_short_circuit_decorator.py for tasks to queue
[2023-12-10T18:06:56.973+0000] {logging_mixin.py:154} INFO - [2023-12-10T18:06:56.973+0000] {dagbag.py:536} INFO - Filling up the DagBag from /home/airflow/.local/lib/python3.8/site-packages/airflow/example_dags/example_short_circuit_decorator.py
[2023-12-10T18:06:56.987+0000] {processor.py:839} INFO - DAG(s) dict_keys(['example_short_circuit_decorator']) retrieved from /home/airflow/.local/lib/python3.8/site-packages/airflow/example_dags/example_short_circuit_decorator.py
[2023-12-10T18:06:57.014+0000] {logging_mixin.py:154} INFO - [2023-12-10T18:06:57.014+0000] {dag.py:2941} INFO - Sync 1 DAGs
[2023-12-10T18:06:57.043+0000] {logging_mixin.py:154} INFO - [2023-12-10T18:06:57.043+0000] {dag.py:3722} INFO - Setting next_dagrun for example_short_circuit_decorator to 2023-12-09T18:06:57.042520+00:00, run_after=2023-12-10T18:06:57.042520+00:00
[2023-12-10T18:06:57.072+0000] {processor.py:179} INFO - Processing /home/airflow/.local/lib/python3.8/site-packages/airflow/example_dags/example_short_circuit_decorator.py took 0.110 seconds
[2023-12-10T18:07:27.726+0000] {processor.py:157} INFO - Started process (PID=155) to work on /home/airflow/.local/lib/python3.8/site-packages/airflow/example_dags/example_short_circuit_decorator.py
[2023-12-10T18:07:27.728+0000] {processor.py:829} INFO - Processing file /home/airflow/.local/lib/python3.8/site-packages/airflow/example_dags/example_short_circuit_decorator.py for tasks to queue
[2023-12-10T18:07:27.731+0000] {logging_mixin.py:154} INFO - [2023-12-10T18:07:27.731+0000] {dagbag.py:536} INFO - Filling up the DagBag from /home/airflow/.local/lib/python3.8/site-packages/airflow/example_dags/example_short_circuit_decorator.py
[2023-12-10T18:07:27.743+0000] {processor.py:839} INFO - DAG(s) dict_keys(['example_short_circuit_decorator']) retrieved from /home/airflow/.local/lib/python3.8/site-packages/airflow/example_dags/example_short_circuit_decorator.py
[2023-12-10T18:07:27.775+0000] {logging_mixin.py:154} INFO - [2023-12-10T18:07:27.775+0000] {dag.py:2941} INFO - Sync 1 DAGs
[2023-12-10T18:07:27.806+0000] {logging_mixin.py:154} INFO - [2023-12-10T18:07:27.806+0000] {dag.py:3722} INFO - Setting next_dagrun for example_short_circuit_decorator to 2023-12-09T18:07:27.806317+00:00, run_after=2023-12-10T18:07:27.806317+00:00
[2023-12-10T18:07:27.833+0000] {processor.py:179} INFO - Processing /home/airflow/.local/lib/python3.8/site-packages/airflow/example_dags/example_short_circuit_decorator.py took 0.112 seconds
[2023-12-10T18:07:58.139+0000] {processor.py:157} INFO - Started process (PID=210) to work on /home/airflow/.local/lib/python3.8/site-packages/airflow/example_dags/example_short_circuit_decorator.py
[2023-12-10T18:07:58.141+0000] {processor.py:829} INFO - Processing file /home/airflow/.local/lib/python3.8/site-packages/airflow/example_dags/example_short_circuit_decorator.py for tasks to queue
[2023-12-10T18:07:58.144+0000] {logging_mixin.py:154} INFO - [2023-12-10T18:07:58.144+0000] {dagbag.py:536} INFO - Filling up the DagBag from /home/airflow/.local/lib/python3.8/site-packages/airflow/example_dags/example_short_circuit_decorator.py
[2023-12-10T18:07:58.155+0000] {processor.py:839} INFO - DAG(s) dict_keys(['example_short_circuit_decorator']) retrieved from /home/airflow/.local/lib/python3.8/site-packages/airflow/example_dags/example_short_circuit_decorator.py
[2023-12-10T18:07:58.182+0000] {logging_mixin.py:154} INFO - [2023-12-10T18:07:58.182+0000] {dag.py:2941} INFO - Sync 1 DAGs
[2023-12-10T18:07:58.206+0000] {logging_mixin.py:154} INFO - [2023-12-10T18:07:58.206+0000] {dag.py:3722} INFO - Setting next_dagrun for example_short_circuit_decorator to 2023-12-09T18:07:58.206092+00:00, run_after=2023-12-10T18:07:58.206092+00:00
[2023-12-10T18:07:58.226+0000] {processor.py:179} INFO - Processing /home/airflow/.local/lib/python3.8/site-packages/airflow/example_dags/example_short_circuit_decorator.py took 0.092 seconds
