[2023-12-10T18:06:25.270+0000] {processor.py:157} INFO - Started process (PID=33) to work on /home/airflow/.local/lib/python3.8/site-packages/airflow/example_dags/example_dag_decorator.py
[2023-12-10T18:06:25.272+0000] {processor.py:829} INFO - Processing file /home/airflow/.local/lib/python3.8/site-packages/airflow/example_dags/example_dag_decorator.py for tasks to queue
[2023-12-10T18:06:25.277+0000] {logging_mixin.py:154} INFO - [2023-12-10T18:06:25.277+0000] {dagbag.py:536} INFO - Filling up the DagBag from /home/airflow/.local/lib/python3.8/site-packages/airflow/example_dags/example_dag_decorator.py
[2023-12-10T18:06:25.486+0000] {processor.py:839} INFO - DAG(s) dict_keys(['example_dag_decorator']) retrieved from /home/airflow/.local/lib/python3.8/site-packages/airflow/example_dags/example_dag_decorator.py
[2023-12-10T18:06:25.506+0000] {logging_mixin.py:154} INFO - [2023-12-10T18:06:25.506+0000] {dag.py:2941} INFO - Sync 1 DAGs
[2023-12-10T18:06:25.536+0000] {logging_mixin.py:154} INFO - [2023-12-10T18:06:25.536+0000] {dag.py:3722} INFO - Setting next_dagrun for example_dag_decorator to None, run_after=None
[2023-12-10T18:06:25.592+0000] {processor.py:179} INFO - Processing /home/airflow/.local/lib/python3.8/site-packages/airflow/example_dags/example_dag_decorator.py took 0.326 seconds
[2023-12-10T18:06:55.792+0000] {processor.py:157} INFO - Started process (PID=89) to work on /home/airflow/.local/lib/python3.8/site-packages/airflow/example_dags/example_dag_decorator.py
[2023-12-10T18:06:55.794+0000] {processor.py:829} INFO - Processing file /home/airflow/.local/lib/python3.8/site-packages/airflow/example_dags/example_dag_decorator.py for tasks to queue
[2023-12-10T18:06:55.797+0000] {logging_mixin.py:154} INFO - [2023-12-10T18:06:55.797+0000] {dagbag.py:536} INFO - Filling up the DagBag from /home/airflow/.local/lib/python3.8/site-packages/airflow/example_dags/example_dag_decorator.py
[2023-12-10T18:06:55.885+0000] {processor.py:839} INFO - DAG(s) dict_keys(['example_dag_decorator']) retrieved from /home/airflow/.local/lib/python3.8/site-packages/airflow/example_dags/example_dag_decorator.py
[2023-12-10T18:06:56.180+0000] {logging_mixin.py:154} INFO - [2023-12-10T18:06:56.180+0000] {dag.py:2941} INFO - Sync 1 DAGs
[2023-12-10T18:06:56.195+0000] {logging_mixin.py:154} INFO - [2023-12-10T18:06:56.195+0000] {dag.py:3722} INFO - Setting next_dagrun for example_dag_decorator to None, run_after=None
[2023-12-10T18:06:56.312+0000] {processor.py:179} INFO - Processing /home/airflow/.local/lib/python3.8/site-packages/airflow/example_dags/example_dag_decorator.py took 0.526 seconds
[2023-12-10T18:07:26.343+0000] {processor.py:157} INFO - Started process (PID=146) to work on /home/airflow/.local/lib/python3.8/site-packages/airflow/example_dags/example_dag_decorator.py
[2023-12-10T18:07:26.344+0000] {processor.py:829} INFO - Processing file /home/airflow/.local/lib/python3.8/site-packages/airflow/example_dags/example_dag_decorator.py for tasks to queue
[2023-12-10T18:07:26.347+0000] {logging_mixin.py:154} INFO - [2023-12-10T18:07:26.347+0000] {dagbag.py:536} INFO - Filling up the DagBag from /home/airflow/.local/lib/python3.8/site-packages/airflow/example_dags/example_dag_decorator.py
[2023-12-10T18:07:26.428+0000] {processor.py:839} INFO - DAG(s) dict_keys(['example_dag_decorator']) retrieved from /home/airflow/.local/lib/python3.8/site-packages/airflow/example_dags/example_dag_decorator.py
[2023-12-10T18:07:26.695+0000] {logging_mixin.py:154} INFO - [2023-12-10T18:07:26.695+0000] {dag.py:2941} INFO - Sync 1 DAGs
[2023-12-10T18:07:26.708+0000] {logging_mixin.py:154} INFO - [2023-12-10T18:07:26.708+0000] {dag.py:3722} INFO - Setting next_dagrun for example_dag_decorator to None, run_after=None
[2023-12-10T18:07:26.740+0000] {processor.py:179} INFO - Processing /home/airflow/.local/lib/python3.8/site-packages/airflow/example_dags/example_dag_decorator.py took 0.402 seconds
[2023-12-10T18:07:57.381+0000] {processor.py:157} INFO - Started process (PID=201) to work on /home/airflow/.local/lib/python3.8/site-packages/airflow/example_dags/example_dag_decorator.py
[2023-12-10T18:07:57.386+0000] {processor.py:829} INFO - Processing file /home/airflow/.local/lib/python3.8/site-packages/airflow/example_dags/example_dag_decorator.py for tasks to queue
[2023-12-10T18:07:57.389+0000] {logging_mixin.py:154} INFO - [2023-12-10T18:07:57.389+0000] {dagbag.py:536} INFO - Filling up the DagBag from /home/airflow/.local/lib/python3.8/site-packages/airflow/example_dags/example_dag_decorator.py
[2023-12-10T18:07:57.462+0000] {processor.py:839} INFO - DAG(s) dict_keys(['example_dag_decorator']) retrieved from /home/airflow/.local/lib/python3.8/site-packages/airflow/example_dags/example_dag_decorator.py
[2023-12-10T18:07:57.592+0000] {logging_mixin.py:154} INFO - [2023-12-10T18:07:57.591+0000] {dag.py:2941} INFO - Sync 1 DAGs
[2023-12-10T18:07:57.746+0000] {logging_mixin.py:154} INFO - [2023-12-10T18:07:57.746+0000] {dag.py:3722} INFO - Setting next_dagrun for example_dag_decorator to None, run_after=None
[2023-12-10T18:07:57.766+0000] {processor.py:179} INFO - Processing /home/airflow/.local/lib/python3.8/site-packages/airflow/example_dags/example_dag_decorator.py took 0.390 seconds
