[2023-12-10T18:06:28.307+0000] {processor.py:157} INFO - Started process (PID=53) to work on /home/airflow/.local/lib/python3.8/site-packages/airflow/example_dags/example_branch_operator.py
[2023-12-10T18:06:28.316+0000] {processor.py:829} INFO - Processing file /home/airflow/.local/lib/python3.8/site-packages/airflow/example_dags/example_branch_operator.py for tasks to queue
[2023-12-10T18:06:28.335+0000] {logging_mixin.py:154} INFO - [2023-12-10T18:06:28.334+0000] {dagbag.py:536} INFO - Filling up the DagBag from /home/airflow/.local/lib/python3.8/site-packages/airflow/example_dags/example_branch_operator.py
[2023-12-10T18:06:28.398+0000] {processor.py:839} INFO - DAG(s) dict_keys(['example_branch_operator']) retrieved from /home/airflow/.local/lib/python3.8/site-packages/airflow/example_dags/example_branch_operator.py
[2023-12-10T18:06:28.442+0000] {logging_mixin.py:154} INFO - [2023-12-10T18:06:28.442+0000] {dag.py:2941} INFO - Sync 1 DAGs
[2023-12-10T18:06:28.508+0000] {logging_mixin.py:154} INFO - [2023-12-10T18:06:28.508+0000] {dag.py:3722} INFO - Setting next_dagrun for example_branch_operator to 2023-12-09T00:00:00+00:00, run_after=2023-12-10T00:00:00+00:00
[2023-12-10T18:06:28.581+0000] {processor.py:179} INFO - Processing /home/airflow/.local/lib/python3.8/site-packages/airflow/example_dags/example_branch_operator.py took 0.285 seconds
[2023-12-10T18:06:59.524+0000] {processor.py:157} INFO - Started process (PID=108) to work on /home/airflow/.local/lib/python3.8/site-packages/airflow/example_dags/example_branch_operator.py
[2023-12-10T18:06:59.527+0000] {processor.py:829} INFO - Processing file /home/airflow/.local/lib/python3.8/site-packages/airflow/example_dags/example_branch_operator.py for tasks to queue
[2023-12-10T18:06:59.532+0000] {logging_mixin.py:154} INFO - [2023-12-10T18:06:59.531+0000] {dagbag.py:536} INFO - Filling up the DagBag from /home/airflow/.local/lib/python3.8/site-packages/airflow/example_dags/example_branch_operator.py
[2023-12-10T18:06:59.545+0000] {processor.py:839} INFO - DAG(s) dict_keys(['example_branch_operator']) retrieved from /home/airflow/.local/lib/python3.8/site-packages/airflow/example_dags/example_branch_operator.py
[2023-12-10T18:06:59.586+0000] {logging_mixin.py:154} INFO - [2023-12-10T18:06:59.585+0000] {dag.py:2941} INFO - Sync 1 DAGs
[2023-12-10T18:06:59.621+0000] {logging_mixin.py:154} INFO - [2023-12-10T18:06:59.621+0000] {dag.py:3722} INFO - Setting next_dagrun for example_branch_operator to 2023-12-09T00:00:00+00:00, run_after=2023-12-10T00:00:00+00:00
[2023-12-10T18:06:59.652+0000] {processor.py:179} INFO - Processing /home/airflow/.local/lib/python3.8/site-packages/airflow/example_dags/example_branch_operator.py took 0.134 seconds
[2023-12-10T18:07:30.370+0000] {processor.py:157} INFO - Started process (PID=163) to work on /home/airflow/.local/lib/python3.8/site-packages/airflow/example_dags/example_branch_operator.py
[2023-12-10T18:07:30.372+0000] {processor.py:829} INFO - Processing file /home/airflow/.local/lib/python3.8/site-packages/airflow/example_dags/example_branch_operator.py for tasks to queue
[2023-12-10T18:07:30.375+0000] {logging_mixin.py:154} INFO - [2023-12-10T18:07:30.375+0000] {dagbag.py:536} INFO - Filling up the DagBag from /home/airflow/.local/lib/python3.8/site-packages/airflow/example_dags/example_branch_operator.py
[2023-12-10T18:07:30.391+0000] {processor.py:839} INFO - DAG(s) dict_keys(['example_branch_operator']) retrieved from /home/airflow/.local/lib/python3.8/site-packages/airflow/example_dags/example_branch_operator.py
[2023-12-10T18:07:30.424+0000] {logging_mixin.py:154} INFO - [2023-12-10T18:07:30.424+0000] {dag.py:2941} INFO - Sync 1 DAGs
[2023-12-10T18:07:30.502+0000] {logging_mixin.py:154} INFO - [2023-12-10T18:07:30.502+0000] {dag.py:3722} INFO - Setting next_dagrun for example_branch_operator to 2023-12-09T00:00:00+00:00, run_after=2023-12-10T00:00:00+00:00
[2023-12-10T18:07:30.531+0000] {processor.py:179} INFO - Processing /home/airflow/.local/lib/python3.8/site-packages/airflow/example_dags/example_branch_operator.py took 0.168 seconds
[2023-12-10T18:08:00.840+0000] {processor.py:157} INFO - Started process (PID=218) to work on /home/airflow/.local/lib/python3.8/site-packages/airflow/example_dags/example_branch_operator.py
[2023-12-10T18:08:00.842+0000] {processor.py:829} INFO - Processing file /home/airflow/.local/lib/python3.8/site-packages/airflow/example_dags/example_branch_operator.py for tasks to queue
[2023-12-10T18:08:00.847+0000] {logging_mixin.py:154} INFO - [2023-12-10T18:08:00.846+0000] {dagbag.py:536} INFO - Filling up the DagBag from /home/airflow/.local/lib/python3.8/site-packages/airflow/example_dags/example_branch_operator.py
[2023-12-10T18:08:00.859+0000] {processor.py:839} INFO - DAG(s) dict_keys(['example_branch_operator']) retrieved from /home/airflow/.local/lib/python3.8/site-packages/airflow/example_dags/example_branch_operator.py
[2023-12-10T18:08:00.887+0000] {logging_mixin.py:154} INFO - [2023-12-10T18:08:00.887+0000] {dag.py:2941} INFO - Sync 1 DAGs
[2023-12-10T18:08:00.912+0000] {logging_mixin.py:154} INFO - [2023-12-10T18:08:00.912+0000] {dag.py:3722} INFO - Setting next_dagrun for example_branch_operator to 2023-12-09T00:00:00+00:00, run_after=2023-12-10T00:00:00+00:00
[2023-12-10T18:08:00.935+0000] {processor.py:179} INFO - Processing /home/airflow/.local/lib/python3.8/site-packages/airflow/example_dags/example_branch_operator.py took 0.104 seconds
