[2023-12-10T18:06:25.155+0000] {processor.py:157} INFO - Started process (PID=32) to work on /home/airflow/.local/lib/python3.8/site-packages/airflow/example_dags/example_branch_day_of_week_operator.py
[2023-12-10T18:06:25.157+0000] {processor.py:829} INFO - Processing file /home/airflow/.local/lib/python3.8/site-packages/airflow/example_dags/example_branch_day_of_week_operator.py for tasks to queue
[2023-12-10T18:06:25.162+0000] {logging_mixin.py:154} INFO - [2023-12-10T18:06:25.162+0000] {dagbag.py:536} INFO - Filling up the DagBag from /home/airflow/.local/lib/python3.8/site-packages/airflow/example_dags/example_branch_day_of_week_operator.py
[2023-12-10T18:06:25.176+0000] {processor.py:839} INFO - DAG(s) dict_keys(['example_weekday_branch_operator']) retrieved from /home/airflow/.local/lib/python3.8/site-packages/airflow/example_dags/example_branch_day_of_week_operator.py
[2023-12-10T18:06:25.195+0000] {logging_mixin.py:154} INFO - [2023-12-10T18:06:25.195+0000] {dag.py:2941} INFO - Sync 1 DAGs
[2023-12-10T18:06:25.237+0000] {logging_mixin.py:154} INFO - [2023-12-10T18:06:25.237+0000] {dag.py:3722} INFO - Setting next_dagrun for example_weekday_branch_operator to 2023-12-09T00:00:00+00:00, run_after=2023-12-10T00:00:00+00:00
[2023-12-10T18:06:25.265+0000] {processor.py:179} INFO - Processing /home/airflow/.local/lib/python3.8/site-packages/airflow/example_dags/example_branch_day_of_week_operator.py took 0.119 seconds
[2023-12-10T18:06:55.603+0000] {processor.py:157} INFO - Started process (PID=87) to work on /home/airflow/.local/lib/python3.8/site-packages/airflow/example_dags/example_branch_day_of_week_operator.py
[2023-12-10T18:06:55.604+0000] {processor.py:829} INFO - Processing file /home/airflow/.local/lib/python3.8/site-packages/airflow/example_dags/example_branch_day_of_week_operator.py for tasks to queue
[2023-12-10T18:06:55.609+0000] {logging_mixin.py:154} INFO - [2023-12-10T18:06:55.608+0000] {dagbag.py:536} INFO - Filling up the DagBag from /home/airflow/.local/lib/python3.8/site-packages/airflow/example_dags/example_branch_day_of_week_operator.py
[2023-12-10T18:06:55.631+0000] {processor.py:839} INFO - DAG(s) dict_keys(['example_weekday_branch_operator']) retrieved from /home/airflow/.local/lib/python3.8/site-packages/airflow/example_dags/example_branch_day_of_week_operator.py
[2023-12-10T18:06:55.669+0000] {logging_mixin.py:154} INFO - [2023-12-10T18:06:55.668+0000] {dag.py:2941} INFO - Sync 1 DAGs
[2023-12-10T18:06:55.698+0000] {logging_mixin.py:154} INFO - [2023-12-10T18:06:55.698+0000] {dag.py:3722} INFO - Setting next_dagrun for example_weekday_branch_operator to 2023-12-09T00:00:00+00:00, run_after=2023-12-10T00:00:00+00:00
[2023-12-10T18:06:55.722+0000] {processor.py:179} INFO - Processing /home/airflow/.local/lib/python3.8/site-packages/airflow/example_dags/example_branch_day_of_week_operator.py took 0.123 seconds
[2023-12-10T18:07:25.838+0000] {processor.py:157} INFO - Started process (PID=142) to work on /home/airflow/.local/lib/python3.8/site-packages/airflow/example_dags/example_branch_day_of_week_operator.py
[2023-12-10T18:07:25.839+0000] {processor.py:829} INFO - Processing file /home/airflow/.local/lib/python3.8/site-packages/airflow/example_dags/example_branch_day_of_week_operator.py for tasks to queue
[2023-12-10T18:07:25.842+0000] {logging_mixin.py:154} INFO - [2023-12-10T18:07:25.842+0000] {dagbag.py:536} INFO - Filling up the DagBag from /home/airflow/.local/lib/python3.8/site-packages/airflow/example_dags/example_branch_day_of_week_operator.py
[2023-12-10T18:07:25.851+0000] {processor.py:839} INFO - DAG(s) dict_keys(['example_weekday_branch_operator']) retrieved from /home/airflow/.local/lib/python3.8/site-packages/airflow/example_dags/example_branch_day_of_week_operator.py
[2023-12-10T18:07:25.878+0000] {logging_mixin.py:154} INFO - [2023-12-10T18:07:25.878+0000] {dag.py:2941} INFO - Sync 1 DAGs
[2023-12-10T18:07:25.913+0000] {logging_mixin.py:154} INFO - [2023-12-10T18:07:25.912+0000] {dag.py:3722} INFO - Setting next_dagrun for example_weekday_branch_operator to 2023-12-09T00:00:00+00:00, run_after=2023-12-10T00:00:00+00:00
[2023-12-10T18:07:25.942+0000] {processor.py:179} INFO - Processing /home/airflow/.local/lib/python3.8/site-packages/airflow/example_dags/example_branch_day_of_week_operator.py took 0.110 seconds
[2023-12-10T18:07:56.038+0000] {processor.py:157} INFO - Started process (PID=197) to work on /home/airflow/.local/lib/python3.8/site-packages/airflow/example_dags/example_branch_day_of_week_operator.py
[2023-12-10T18:07:56.039+0000] {processor.py:829} INFO - Processing file /home/airflow/.local/lib/python3.8/site-packages/airflow/example_dags/example_branch_day_of_week_operator.py for tasks to queue
[2023-12-10T18:07:56.042+0000] {logging_mixin.py:154} INFO - [2023-12-10T18:07:56.042+0000] {dagbag.py:536} INFO - Filling up the DagBag from /home/airflow/.local/lib/python3.8/site-packages/airflow/example_dags/example_branch_day_of_week_operator.py
[2023-12-10T18:07:56.049+0000] {processor.py:839} INFO - DAG(s) dict_keys(['example_weekday_branch_operator']) retrieved from /home/airflow/.local/lib/python3.8/site-packages/airflow/example_dags/example_branch_day_of_week_operator.py
[2023-12-10T18:07:56.075+0000] {logging_mixin.py:154} INFO - [2023-12-10T18:07:56.075+0000] {dag.py:2941} INFO - Sync 1 DAGs
[2023-12-10T18:07:56.100+0000] {logging_mixin.py:154} INFO - [2023-12-10T18:07:56.100+0000] {dag.py:3722} INFO - Setting next_dagrun for example_weekday_branch_operator to 2023-12-09T00:00:00+00:00, run_after=2023-12-10T00:00:00+00:00
[2023-12-10T18:07:56.124+0000] {processor.py:179} INFO - Processing /home/airflow/.local/lib/python3.8/site-packages/airflow/example_dags/example_branch_day_of_week_operator.py took 0.089 seconds
