[2023-12-10T18:06:30.205+0000] {processor.py:157} INFO - Started process (PID=68) to work on /home/airflow/.local/lib/python3.8/site-packages/airflow/example_dags/example_nested_branch_dag.py
[2023-12-10T18:06:30.211+0000] {processor.py:829} INFO - Processing file /home/airflow/.local/lib/python3.8/site-packages/airflow/example_dags/example_nested_branch_dag.py for tasks to queue
[2023-12-10T18:06:30.220+0000] {logging_mixin.py:154} INFO - [2023-12-10T18:06:30.220+0000] {dagbag.py:536} INFO - Filling up the DagBag from /home/airflow/.local/lib/python3.8/site-packages/airflow/example_dags/example_nested_branch_dag.py
[2023-12-10T18:06:30.255+0000] {processor.py:839} INFO - DAG(s) dict_keys(['example_nested_branch_dag']) retrieved from /home/airflow/.local/lib/python3.8/site-packages/airflow/example_dags/example_nested_branch_dag.py
[2023-12-10T18:06:30.293+0000] {logging_mixin.py:154} INFO - [2023-12-10T18:06:30.293+0000] {dag.py:2941} INFO - Sync 1 DAGs
[2023-12-10T18:06:30.343+0000] {logging_mixin.py:154} INFO - [2023-12-10T18:06:30.343+0000] {dag.py:3722} INFO - Setting next_dagrun for example_nested_branch_dag to 2023-12-09T00:00:00+00:00, run_after=2023-12-10T00:00:00+00:00
[2023-12-10T18:06:30.373+0000] {processor.py:179} INFO - Processing /home/airflow/.local/lib/python3.8/site-packages/airflow/example_dags/example_nested_branch_dag.py took 0.186 seconds
[2023-12-10T18:07:00.765+0000] {processor.py:157} INFO - Started process (PID=123) to work on /home/airflow/.local/lib/python3.8/site-packages/airflow/example_dags/example_nested_branch_dag.py
[2023-12-10T18:07:00.768+0000] {processor.py:829} INFO - Processing file /home/airflow/.local/lib/python3.8/site-packages/airflow/example_dags/example_nested_branch_dag.py for tasks to queue
[2023-12-10T18:07:00.772+0000] {logging_mixin.py:154} INFO - [2023-12-10T18:07:00.771+0000] {dagbag.py:536} INFO - Filling up the DagBag from /home/airflow/.local/lib/python3.8/site-packages/airflow/example_dags/example_nested_branch_dag.py
[2023-12-10T18:07:00.786+0000] {processor.py:839} INFO - DAG(s) dict_keys(['example_nested_branch_dag']) retrieved from /home/airflow/.local/lib/python3.8/site-packages/airflow/example_dags/example_nested_branch_dag.py
[2023-12-10T18:07:00.814+0000] {logging_mixin.py:154} INFO - [2023-12-10T18:07:00.813+0000] {dag.py:2941} INFO - Sync 1 DAGs
[2023-12-10T18:07:00.849+0000] {logging_mixin.py:154} INFO - [2023-12-10T18:07:00.849+0000] {dag.py:3722} INFO - Setting next_dagrun for example_nested_branch_dag to 2023-12-09T00:00:00+00:00, run_after=2023-12-10T00:00:00+00:00
[2023-12-10T18:07:00.882+0000] {processor.py:179} INFO - Processing /home/airflow/.local/lib/python3.8/site-packages/airflow/example_dags/example_nested_branch_dag.py took 0.121 seconds
[2023-12-10T18:07:31.539+0000] {processor.py:157} INFO - Started process (PID=178) to work on /home/airflow/.local/lib/python3.8/site-packages/airflow/example_dags/example_nested_branch_dag.py
[2023-12-10T18:07:31.541+0000] {processor.py:829} INFO - Processing file /home/airflow/.local/lib/python3.8/site-packages/airflow/example_dags/example_nested_branch_dag.py for tasks to queue
[2023-12-10T18:07:31.544+0000] {logging_mixin.py:154} INFO - [2023-12-10T18:07:31.544+0000] {dagbag.py:536} INFO - Filling up the DagBag from /home/airflow/.local/lib/python3.8/site-packages/airflow/example_dags/example_nested_branch_dag.py
[2023-12-10T18:07:31.556+0000] {processor.py:839} INFO - DAG(s) dict_keys(['example_nested_branch_dag']) retrieved from /home/airflow/.local/lib/python3.8/site-packages/airflow/example_dags/example_nested_branch_dag.py
[2023-12-10T18:07:31.587+0000] {logging_mixin.py:154} INFO - [2023-12-10T18:07:31.587+0000] {dag.py:2941} INFO - Sync 1 DAGs
[2023-12-10T18:07:31.614+0000] {logging_mixin.py:154} INFO - [2023-12-10T18:07:31.614+0000] {dag.py:3722} INFO - Setting next_dagrun for example_nested_branch_dag to 2023-12-09T00:00:00+00:00, run_after=2023-12-10T00:00:00+00:00
[2023-12-10T18:07:31.658+0000] {processor.py:179} INFO - Processing /home/airflow/.local/lib/python3.8/site-packages/airflow/example_dags/example_nested_branch_dag.py took 0.123 seconds
[2023-12-10T18:08:02.087+0000] {processor.py:157} INFO - Started process (PID=233) to work on /home/airflow/.local/lib/python3.8/site-packages/airflow/example_dags/example_nested_branch_dag.py
[2023-12-10T18:08:02.089+0000] {processor.py:829} INFO - Processing file /home/airflow/.local/lib/python3.8/site-packages/airflow/example_dags/example_nested_branch_dag.py for tasks to queue
[2023-12-10T18:08:02.092+0000] {logging_mixin.py:154} INFO - [2023-12-10T18:08:02.092+0000] {dagbag.py:536} INFO - Filling up the DagBag from /home/airflow/.local/lib/python3.8/site-packages/airflow/example_dags/example_nested_branch_dag.py
[2023-12-10T18:08:02.104+0000] {processor.py:839} INFO - DAG(s) dict_keys(['example_nested_branch_dag']) retrieved from /home/airflow/.local/lib/python3.8/site-packages/airflow/example_dags/example_nested_branch_dag.py
[2023-12-10T18:08:02.138+0000] {logging_mixin.py:154} INFO - [2023-12-10T18:08:02.137+0000] {dag.py:2941} INFO - Sync 1 DAGs
[2023-12-10T18:08:02.163+0000] {logging_mixin.py:154} INFO - [2023-12-10T18:08:02.163+0000] {dag.py:3722} INFO - Setting next_dagrun for example_nested_branch_dag to 2023-12-09T00:00:00+00:00, run_after=2023-12-10T00:00:00+00:00
[2023-12-10T18:08:02.191+0000] {processor.py:179} INFO - Processing /home/airflow/.local/lib/python3.8/site-packages/airflow/example_dags/example_nested_branch_dag.py took 0.108 seconds
