[2023-12-10T18:06:30.604+0000] {processor.py:157} INFO - Started process (PID=71) to work on /home/airflow/.local/lib/python3.8/site-packages/airflow/example_dags/example_latest_only.py
[2023-12-10T18:06:30.606+0000] {processor.py:829} INFO - Processing file /home/airflow/.local/lib/python3.8/site-packages/airflow/example_dags/example_latest_only.py for tasks to queue
[2023-12-10T18:06:30.610+0000] {logging_mixin.py:154} INFO - [2023-12-10T18:06:30.609+0000] {dagbag.py:536} INFO - Filling up the DagBag from /home/airflow/.local/lib/python3.8/site-packages/airflow/example_dags/example_latest_only.py
[2023-12-10T18:06:30.617+0000] {processor.py:839} INFO - DAG(s) dict_keys(['latest_only']) retrieved from /home/airflow/.local/lib/python3.8/site-packages/airflow/example_dags/example_latest_only.py
[2023-12-10T18:06:30.652+0000] {logging_mixin.py:154} INFO - [2023-12-10T18:06:30.652+0000] {dag.py:2941} INFO - Sync 1 DAGs
[2023-12-10T18:06:30.710+0000] {logging_mixin.py:154} INFO - [2023-12-10T18:06:30.709+0000] {dag.py:3722} INFO - Setting next_dagrun for latest_only to 2023-12-10T14:06:30.708844+00:00, run_after=2023-12-10T18:06:30.708844+00:00
[2023-12-10T18:06:30.748+0000] {processor.py:179} INFO - Processing /home/airflow/.local/lib/python3.8/site-packages/airflow/example_dags/example_latest_only.py took 0.148 seconds
[2023-12-10T18:07:01.041+0000] {processor.py:157} INFO - Started process (PID=126) to work on /home/airflow/.local/lib/python3.8/site-packages/airflow/example_dags/example_latest_only.py
[2023-12-10T18:07:01.043+0000] {processor.py:829} INFO - Processing file /home/airflow/.local/lib/python3.8/site-packages/airflow/example_dags/example_latest_only.py for tasks to queue
[2023-12-10T18:07:01.048+0000] {logging_mixin.py:154} INFO - [2023-12-10T18:07:01.047+0000] {dagbag.py:536} INFO - Filling up the DagBag from /home/airflow/.local/lib/python3.8/site-packages/airflow/example_dags/example_latest_only.py
[2023-12-10T18:07:01.057+0000] {processor.py:839} INFO - DAG(s) dict_keys(['latest_only']) retrieved from /home/airflow/.local/lib/python3.8/site-packages/airflow/example_dags/example_latest_only.py
[2023-12-10T18:07:01.091+0000] {logging_mixin.py:154} INFO - [2023-12-10T18:07:01.090+0000] {dag.py:2941} INFO - Sync 1 DAGs
[2023-12-10T18:07:01.122+0000] {logging_mixin.py:154} INFO - [2023-12-10T18:07:01.122+0000] {dag.py:3722} INFO - Setting next_dagrun for latest_only to 2023-12-10T14:07:01.121853+00:00, run_after=2023-12-10T18:07:01.121853+00:00
[2023-12-10T18:07:01.158+0000] {processor.py:179} INFO - Processing /home/airflow/.local/lib/python3.8/site-packages/airflow/example_dags/example_latest_only.py took 0.123 seconds
[2023-12-10T18:07:31.791+0000] {processor.py:157} INFO - Started process (PID=181) to work on /home/airflow/.local/lib/python3.8/site-packages/airflow/example_dags/example_latest_only.py
[2023-12-10T18:07:31.793+0000] {processor.py:829} INFO - Processing file /home/airflow/.local/lib/python3.8/site-packages/airflow/example_dags/example_latest_only.py for tasks to queue
[2023-12-10T18:07:31.796+0000] {logging_mixin.py:154} INFO - [2023-12-10T18:07:31.795+0000] {dagbag.py:536} INFO - Filling up the DagBag from /home/airflow/.local/lib/python3.8/site-packages/airflow/example_dags/example_latest_only.py
[2023-12-10T18:07:31.802+0000] {processor.py:839} INFO - DAG(s) dict_keys(['latest_only']) retrieved from /home/airflow/.local/lib/python3.8/site-packages/airflow/example_dags/example_latest_only.py
[2023-12-10T18:07:31.836+0000] {logging_mixin.py:154} INFO - [2023-12-10T18:07:31.835+0000] {dag.py:2941} INFO - Sync 1 DAGs
[2023-12-10T18:07:31.888+0000] {logging_mixin.py:154} INFO - [2023-12-10T18:07:31.888+0000] {dag.py:3722} INFO - Setting next_dagrun for latest_only to 2023-12-10T14:07:31.888294+00:00, run_after=2023-12-10T18:07:31.888294+00:00
[2023-12-10T18:07:31.916+0000] {processor.py:179} INFO - Processing /home/airflow/.local/lib/python3.8/site-packages/airflow/example_dags/example_latest_only.py took 0.131 seconds
[2023-12-10T18:08:02.322+0000] {processor.py:157} INFO - Started process (PID=236) to work on /home/airflow/.local/lib/python3.8/site-packages/airflow/example_dags/example_latest_only.py
[2023-12-10T18:08:02.324+0000] {processor.py:829} INFO - Processing file /home/airflow/.local/lib/python3.8/site-packages/airflow/example_dags/example_latest_only.py for tasks to queue
[2023-12-10T18:08:02.328+0000] {logging_mixin.py:154} INFO - [2023-12-10T18:08:02.328+0000] {dagbag.py:536} INFO - Filling up the DagBag from /home/airflow/.local/lib/python3.8/site-packages/airflow/example_dags/example_latest_only.py
[2023-12-10T18:08:02.336+0000] {processor.py:839} INFO - DAG(s) dict_keys(['latest_only']) retrieved from /home/airflow/.local/lib/python3.8/site-packages/airflow/example_dags/example_latest_only.py
[2023-12-10T18:08:02.363+0000] {logging_mixin.py:154} INFO - [2023-12-10T18:08:02.363+0000] {dag.py:2941} INFO - Sync 1 DAGs
[2023-12-10T18:08:02.392+0000] {logging_mixin.py:154} INFO - [2023-12-10T18:08:02.392+0000] {dag.py:3722} INFO - Setting next_dagrun for latest_only to 2023-12-10T14:08:02.392125+00:00, run_after=2023-12-10T18:08:02.392125+00:00
[2023-12-10T18:08:02.420+0000] {processor.py:179} INFO - Processing /home/airflow/.local/lib/python3.8/site-packages/airflow/example_dags/example_latest_only.py took 0.103 seconds
