[2023-12-10T18:06:30.772+0000] {processor.py:157} INFO - Started process (PID=72) to work on /home/airflow/.local/lib/python3.8/site-packages/airflow/example_dags/example_dynamic_task_mapping_with_no_taskflow_operators.py
[2023-12-10T18:06:30.775+0000] {processor.py:829} INFO - Processing file /home/airflow/.local/lib/python3.8/site-packages/airflow/example_dags/example_dynamic_task_mapping_with_no_taskflow_operators.py for tasks to queue
[2023-12-10T18:06:30.780+0000] {logging_mixin.py:154} INFO - [2023-12-10T18:06:30.779+0000] {dagbag.py:536} INFO - Filling up the DagBag from /home/airflow/.local/lib/python3.8/site-packages/airflow/example_dags/example_dynamic_task_mapping_with_no_taskflow_operators.py
[2023-12-10T18:06:30.801+0000] {processor.py:839} INFO - DAG(s) dict_keys(['example_dynamic_task_mapping_with_no_taskflow_operators']) retrieved from /home/airflow/.local/lib/python3.8/site-packages/airflow/example_dags/example_dynamic_task_mapping_with_no_taskflow_operators.py
[2023-12-10T18:06:30.861+0000] {logging_mixin.py:154} INFO - [2023-12-10T18:06:30.861+0000] {dag.py:2941} INFO - Sync 1 DAGs
[2023-12-10T18:06:30.911+0000] {logging_mixin.py:154} INFO - [2023-12-10T18:06:30.910+0000] {dag.py:3722} INFO - Setting next_dagrun for example_dynamic_task_mapping_with_no_taskflow_operators to 2023-12-09T18:06:30.909998+00:00, run_after=2023-12-10T18:06:30.909998+00:00
[2023-12-10T18:06:30.981+0000] {processor.py:179} INFO - Processing /home/airflow/.local/lib/python3.8/site-packages/airflow/example_dags/example_dynamic_task_mapping_with_no_taskflow_operators.py took 0.216 seconds
[2023-12-10T18:07:01.142+0000] {processor.py:157} INFO - Started process (PID=127) to work on /home/airflow/.local/lib/python3.8/site-packages/airflow/example_dags/example_dynamic_task_mapping_with_no_taskflow_operators.py
[2023-12-10T18:07:01.144+0000] {processor.py:829} INFO - Processing file /home/airflow/.local/lib/python3.8/site-packages/airflow/example_dags/example_dynamic_task_mapping_with_no_taskflow_operators.py for tasks to queue
[2023-12-10T18:07:01.148+0000] {logging_mixin.py:154} INFO - [2023-12-10T18:07:01.147+0000] {dagbag.py:536} INFO - Filling up the DagBag from /home/airflow/.local/lib/python3.8/site-packages/airflow/example_dags/example_dynamic_task_mapping_with_no_taskflow_operators.py
[2023-12-10T18:07:01.159+0000] {processor.py:839} INFO - DAG(s) dict_keys(['example_dynamic_task_mapping_with_no_taskflow_operators']) retrieved from /home/airflow/.local/lib/python3.8/site-packages/airflow/example_dags/example_dynamic_task_mapping_with_no_taskflow_operators.py
[2023-12-10T18:07:01.198+0000] {logging_mixin.py:154} INFO - [2023-12-10T18:07:01.197+0000] {dag.py:2941} INFO - Sync 1 DAGs
[2023-12-10T18:07:01.236+0000] {logging_mixin.py:154} INFO - [2023-12-10T18:07:01.236+0000] {dag.py:3722} INFO - Setting next_dagrun for example_dynamic_task_mapping_with_no_taskflow_operators to 2023-12-09T18:07:01.235991+00:00, run_after=2023-12-10T18:07:01.235991+00:00
[2023-12-10T18:07:01.265+0000] {processor.py:179} INFO - Processing /home/airflow/.local/lib/python3.8/site-packages/airflow/example_dags/example_dynamic_task_mapping_with_no_taskflow_operators.py took 0.129 seconds
[2023-12-10T18:07:31.945+0000] {processor.py:157} INFO - Started process (PID=182) to work on /home/airflow/.local/lib/python3.8/site-packages/airflow/example_dags/example_dynamic_task_mapping_with_no_taskflow_operators.py
[2023-12-10T18:07:31.946+0000] {processor.py:829} INFO - Processing file /home/airflow/.local/lib/python3.8/site-packages/airflow/example_dags/example_dynamic_task_mapping_with_no_taskflow_operators.py for tasks to queue
[2023-12-10T18:07:31.949+0000] {logging_mixin.py:154} INFO - [2023-12-10T18:07:31.949+0000] {dagbag.py:536} INFO - Filling up the DagBag from /home/airflow/.local/lib/python3.8/site-packages/airflow/example_dags/example_dynamic_task_mapping_with_no_taskflow_operators.py
[2023-12-10T18:07:31.957+0000] {processor.py:839} INFO - DAG(s) dict_keys(['example_dynamic_task_mapping_with_no_taskflow_operators']) retrieved from /home/airflow/.local/lib/python3.8/site-packages/airflow/example_dags/example_dynamic_task_mapping_with_no_taskflow_operators.py
[2023-12-10T18:07:31.982+0000] {logging_mixin.py:154} INFO - [2023-12-10T18:07:31.982+0000] {dag.py:2941} INFO - Sync 1 DAGs
[2023-12-10T18:07:32.005+0000] {logging_mixin.py:154} INFO - [2023-12-10T18:07:32.005+0000] {dag.py:3722} INFO - Setting next_dagrun for example_dynamic_task_mapping_with_no_taskflow_operators to 2023-12-09T18:07:32.005464+00:00, run_after=2023-12-10T18:07:32.005464+00:00
[2023-12-10T18:07:32.030+0000] {processor.py:179} INFO - Processing /home/airflow/.local/lib/python3.8/site-packages/airflow/example_dags/example_dynamic_task_mapping_with_no_taskflow_operators.py took 0.090 seconds
[2023-12-10T18:08:02.446+0000] {processor.py:157} INFO - Started process (PID=237) to work on /home/airflow/.local/lib/python3.8/site-packages/airflow/example_dags/example_dynamic_task_mapping_with_no_taskflow_operators.py
[2023-12-10T18:08:02.447+0000] {processor.py:829} INFO - Processing file /home/airflow/.local/lib/python3.8/site-packages/airflow/example_dags/example_dynamic_task_mapping_with_no_taskflow_operators.py for tasks to queue
[2023-12-10T18:08:02.449+0000] {logging_mixin.py:154} INFO - [2023-12-10T18:08:02.449+0000] {dagbag.py:536} INFO - Filling up the DagBag from /home/airflow/.local/lib/python3.8/site-packages/airflow/example_dags/example_dynamic_task_mapping_with_no_taskflow_operators.py
[2023-12-10T18:08:02.456+0000] {processor.py:839} INFO - DAG(s) dict_keys(['example_dynamic_task_mapping_with_no_taskflow_operators']) retrieved from /home/airflow/.local/lib/python3.8/site-packages/airflow/example_dags/example_dynamic_task_mapping_with_no_taskflow_operators.py
[2023-12-10T18:08:02.485+0000] {logging_mixin.py:154} INFO - [2023-12-10T18:08:02.485+0000] {dag.py:2941} INFO - Sync 1 DAGs
[2023-12-10T18:08:02.511+0000] {logging_mixin.py:154} INFO - [2023-12-10T18:08:02.511+0000] {dag.py:3722} INFO - Setting next_dagrun for example_dynamic_task_mapping_with_no_taskflow_operators to 2023-12-09T18:08:02.510901+00:00, run_after=2023-12-10T18:08:02.510901+00:00
[2023-12-10T18:08:02.540+0000] {processor.py:179} INFO - Processing /home/airflow/.local/lib/python3.8/site-packages/airflow/example_dags/example_dynamic_task_mapping_with_no_taskflow_operators.py took 0.098 seconds
