[2023-12-10T18:06:29.389+0000] {processor.py:157} INFO - Started process (PID=61) to work on /home/airflow/.local/lib/python3.8/site-packages/airflow/example_dags/example_setup_teardown_taskflow.py
[2023-12-10T18:06:29.390+0000] {processor.py:829} INFO - Processing file /home/airflow/.local/lib/python3.8/site-packages/airflow/example_dags/example_setup_teardown_taskflow.py for tasks to queue
[2023-12-10T18:06:29.397+0000] {logging_mixin.py:154} INFO - [2023-12-10T18:06:29.396+0000] {dagbag.py:536} INFO - Filling up the DagBag from /home/airflow/.local/lib/python3.8/site-packages/airflow/example_dags/example_setup_teardown_taskflow.py
[2023-12-10T18:06:29.425+0000] {processor.py:839} INFO - DAG(s) dict_keys(['example_setup_teardown_taskflow']) retrieved from /home/airflow/.local/lib/python3.8/site-packages/airflow/example_dags/example_setup_teardown_taskflow.py
[2023-12-10T18:06:29.452+0000] {logging_mixin.py:154} INFO - [2023-12-10T18:06:29.452+0000] {dag.py:2941} INFO - Sync 1 DAGs
[2023-12-10T18:06:29.502+0000] {logging_mixin.py:154} INFO - [2023-12-10T18:06:29.502+0000] {dag.py:3722} INFO - Setting next_dagrun for example_setup_teardown_taskflow to 2023-12-09T18:06:29.501069+00:00, run_after=2023-12-10T18:06:29.501069+00:00
[2023-12-10T18:06:29.539+0000] {processor.py:179} INFO - Processing /home/airflow/.local/lib/python3.8/site-packages/airflow/example_dags/example_setup_teardown_taskflow.py took 0.154 seconds
[2023-12-10T18:07:00.174+0000] {processor.py:157} INFO - Started process (PID=116) to work on /home/airflow/.local/lib/python3.8/site-packages/airflow/example_dags/example_setup_teardown_taskflow.py
[2023-12-10T18:07:00.176+0000] {processor.py:829} INFO - Processing file /home/airflow/.local/lib/python3.8/site-packages/airflow/example_dags/example_setup_teardown_taskflow.py for tasks to queue
[2023-12-10T18:07:00.180+0000] {logging_mixin.py:154} INFO - [2023-12-10T18:07:00.180+0000] {dagbag.py:536} INFO - Filling up the DagBag from /home/airflow/.local/lib/python3.8/site-packages/airflow/example_dags/example_setup_teardown_taskflow.py
[2023-12-10T18:07:00.191+0000] {processor.py:839} INFO - DAG(s) dict_keys(['example_setup_teardown_taskflow']) retrieved from /home/airflow/.local/lib/python3.8/site-packages/airflow/example_dags/example_setup_teardown_taskflow.py
[2023-12-10T18:07:00.215+0000] {logging_mixin.py:154} INFO - [2023-12-10T18:07:00.215+0000] {dag.py:2941} INFO - Sync 1 DAGs
[2023-12-10T18:07:00.249+0000] {logging_mixin.py:154} INFO - [2023-12-10T18:07:00.248+0000] {dag.py:3722} INFO - Setting next_dagrun for example_setup_teardown_taskflow to 2023-12-09T18:07:00.248648+00:00, run_after=2023-12-10T18:07:00.248648+00:00
[2023-12-10T18:07:00.282+0000] {processor.py:179} INFO - Processing /home/airflow/.local/lib/python3.8/site-packages/airflow/example_dags/example_setup_teardown_taskflow.py took 0.113 seconds
[2023-12-10T18:07:30.988+0000] {processor.py:157} INFO - Started process (PID=171) to work on /home/airflow/.local/lib/python3.8/site-packages/airflow/example_dags/example_setup_teardown_taskflow.py
[2023-12-10T18:07:30.990+0000] {processor.py:829} INFO - Processing file /home/airflow/.local/lib/python3.8/site-packages/airflow/example_dags/example_setup_teardown_taskflow.py for tasks to queue
[2023-12-10T18:07:30.993+0000] {logging_mixin.py:154} INFO - [2023-12-10T18:07:30.993+0000] {dagbag.py:536} INFO - Filling up the DagBag from /home/airflow/.local/lib/python3.8/site-packages/airflow/example_dags/example_setup_teardown_taskflow.py
[2023-12-10T18:07:31.004+0000] {processor.py:839} INFO - DAG(s) dict_keys(['example_setup_teardown_taskflow']) retrieved from /home/airflow/.local/lib/python3.8/site-packages/airflow/example_dags/example_setup_teardown_taskflow.py
[2023-12-10T18:07:31.031+0000] {logging_mixin.py:154} INFO - [2023-12-10T18:07:31.031+0000] {dag.py:2941} INFO - Sync 1 DAGs
[2023-12-10T18:07:31.057+0000] {logging_mixin.py:154} INFO - [2023-12-10T18:07:31.057+0000] {dag.py:3722} INFO - Setting next_dagrun for example_setup_teardown_taskflow to 2023-12-09T18:07:31.057451+00:00, run_after=2023-12-10T18:07:31.057451+00:00
[2023-12-10T18:07:31.086+0000] {processor.py:179} INFO - Processing /home/airflow/.local/lib/python3.8/site-packages/airflow/example_dags/example_setup_teardown_taskflow.py took 0.103 seconds
[2023-12-10T18:08:01.398+0000] {processor.py:157} INFO - Started process (PID=226) to work on /home/airflow/.local/lib/python3.8/site-packages/airflow/example_dags/example_setup_teardown_taskflow.py
[2023-12-10T18:08:01.401+0000] {processor.py:829} INFO - Processing file /home/airflow/.local/lib/python3.8/site-packages/airflow/example_dags/example_setup_teardown_taskflow.py for tasks to queue
[2023-12-10T18:08:01.405+0000] {logging_mixin.py:154} INFO - [2023-12-10T18:08:01.404+0000] {dagbag.py:536} INFO - Filling up the DagBag from /home/airflow/.local/lib/python3.8/site-packages/airflow/example_dags/example_setup_teardown_taskflow.py
[2023-12-10T18:08:01.418+0000] {processor.py:839} INFO - DAG(s) dict_keys(['example_setup_teardown_taskflow']) retrieved from /home/airflow/.local/lib/python3.8/site-packages/airflow/example_dags/example_setup_teardown_taskflow.py
[2023-12-10T18:08:01.448+0000] {logging_mixin.py:154} INFO - [2023-12-10T18:08:01.448+0000] {dag.py:2941} INFO - Sync 1 DAGs
[2023-12-10T18:08:01.475+0000] {logging_mixin.py:154} INFO - [2023-12-10T18:08:01.475+0000] {dag.py:3722} INFO - Setting next_dagrun for example_setup_teardown_taskflow to 2023-12-09T18:08:01.474979+00:00, run_after=2023-12-10T18:08:01.474979+00:00
[2023-12-10T18:08:01.519+0000] {processor.py:179} INFO - Processing /home/airflow/.local/lib/python3.8/site-packages/airflow/example_dags/example_setup_teardown_taskflow.py took 0.131 seconds
