[2023-12-10T18:06:29.528+0000] {processor.py:157} INFO - Started process (PID=62) to work on /home/airflow/.local/lib/python3.8/site-packages/airflow/example_dags/example_setup_teardown.py
[2023-12-10T18:06:29.534+0000] {processor.py:829} INFO - Processing file /home/airflow/.local/lib/python3.8/site-packages/airflow/example_dags/example_setup_teardown.py for tasks to queue
[2023-12-10T18:06:29.538+0000] {logging_mixin.py:154} INFO - [2023-12-10T18:06:29.537+0000] {dagbag.py:536} INFO - Filling up the DagBag from /home/airflow/.local/lib/python3.8/site-packages/airflow/example_dags/example_setup_teardown.py
[2023-12-10T18:06:29.566+0000] {processor.py:839} INFO - DAG(s) dict_keys(['example_setup_teardown']) retrieved from /home/airflow/.local/lib/python3.8/site-packages/airflow/example_dags/example_setup_teardown.py
[2023-12-10T18:06:29.598+0000] {logging_mixin.py:154} INFO - [2023-12-10T18:06:29.597+0000] {dag.py:2941} INFO - Sync 1 DAGs
[2023-12-10T18:06:29.648+0000] {logging_mixin.py:154} INFO - [2023-12-10T18:06:29.648+0000] {dag.py:3722} INFO - Setting next_dagrun for example_setup_teardown to 2023-12-09T18:06:29.647577+00:00, run_after=2023-12-10T18:06:29.647577+00:00
[2023-12-10T18:06:29.680+0000] {processor.py:179} INFO - Processing /home/airflow/.local/lib/python3.8/site-packages/airflow/example_dags/example_setup_teardown.py took 0.174 seconds
[2023-12-10T18:07:00.236+0000] {processor.py:157} INFO - Started process (PID=117) to work on /home/airflow/.local/lib/python3.8/site-packages/airflow/example_dags/example_setup_teardown.py
[2023-12-10T18:07:00.238+0000] {processor.py:829} INFO - Processing file /home/airflow/.local/lib/python3.8/site-packages/airflow/example_dags/example_setup_teardown.py for tasks to queue
[2023-12-10T18:07:00.241+0000] {logging_mixin.py:154} INFO - [2023-12-10T18:07:00.241+0000] {dagbag.py:536} INFO - Filling up the DagBag from /home/airflow/.local/lib/python3.8/site-packages/airflow/example_dags/example_setup_teardown.py
[2023-12-10T18:07:00.251+0000] {processor.py:839} INFO - DAG(s) dict_keys(['example_setup_teardown']) retrieved from /home/airflow/.local/lib/python3.8/site-packages/airflow/example_dags/example_setup_teardown.py
[2023-12-10T18:07:00.288+0000] {logging_mixin.py:154} INFO - [2023-12-10T18:07:00.287+0000] {dag.py:2941} INFO - Sync 1 DAGs
[2023-12-10T18:07:00.327+0000] {logging_mixin.py:154} INFO - [2023-12-10T18:07:00.326+0000] {dag.py:3722} INFO - Setting next_dagrun for example_setup_teardown to 2023-12-09T18:07:00.325887+00:00, run_after=2023-12-10T18:07:00.325887+00:00
[2023-12-10T18:07:00.375+0000] {processor.py:179} INFO - Processing /home/airflow/.local/lib/python3.8/site-packages/airflow/example_dags/example_setup_teardown.py took 0.142 seconds
[2023-12-10T18:07:31.082+0000] {processor.py:157} INFO - Started process (PID=172) to work on /home/airflow/.local/lib/python3.8/site-packages/airflow/example_dags/example_setup_teardown.py
[2023-12-10T18:07:31.083+0000] {processor.py:829} INFO - Processing file /home/airflow/.local/lib/python3.8/site-packages/airflow/example_dags/example_setup_teardown.py for tasks to queue
[2023-12-10T18:07:31.086+0000] {logging_mixin.py:154} INFO - [2023-12-10T18:07:31.086+0000] {dagbag.py:536} INFO - Filling up the DagBag from /home/airflow/.local/lib/python3.8/site-packages/airflow/example_dags/example_setup_teardown.py
[2023-12-10T18:07:31.094+0000] {processor.py:839} INFO - DAG(s) dict_keys(['example_setup_teardown']) retrieved from /home/airflow/.local/lib/python3.8/site-packages/airflow/example_dags/example_setup_teardown.py
[2023-12-10T18:07:31.128+0000] {logging_mixin.py:154} INFO - [2023-12-10T18:07:31.128+0000] {dag.py:2941} INFO - Sync 1 DAGs
[2023-12-10T18:07:31.153+0000] {logging_mixin.py:154} INFO - [2023-12-10T18:07:31.153+0000] {dag.py:3722} INFO - Setting next_dagrun for example_setup_teardown to 2023-12-09T18:07:31.153103+00:00, run_after=2023-12-10T18:07:31.153103+00:00
[2023-12-10T18:07:31.181+0000] {processor.py:179} INFO - Processing /home/airflow/.local/lib/python3.8/site-packages/airflow/example_dags/example_setup_teardown.py took 0.104 seconds
[2023-12-10T18:08:01.499+0000] {processor.py:157} INFO - Started process (PID=227) to work on /home/airflow/.local/lib/python3.8/site-packages/airflow/example_dags/example_setup_teardown.py
[2023-12-10T18:08:01.500+0000] {processor.py:829} INFO - Processing file /home/airflow/.local/lib/python3.8/site-packages/airflow/example_dags/example_setup_teardown.py for tasks to queue
[2023-12-10T18:08:01.504+0000] {logging_mixin.py:154} INFO - [2023-12-10T18:08:01.503+0000] {dagbag.py:536} INFO - Filling up the DagBag from /home/airflow/.local/lib/python3.8/site-packages/airflow/example_dags/example_setup_teardown.py
[2023-12-10T18:08:01.513+0000] {processor.py:839} INFO - DAG(s) dict_keys(['example_setup_teardown']) retrieved from /home/airflow/.local/lib/python3.8/site-packages/airflow/example_dags/example_setup_teardown.py
[2023-12-10T18:08:01.545+0000] {logging_mixin.py:154} INFO - [2023-12-10T18:08:01.545+0000] {dag.py:2941} INFO - Sync 1 DAGs
[2023-12-10T18:08:01.659+0000] {logging_mixin.py:154} INFO - [2023-12-10T18:08:01.659+0000] {dag.py:3722} INFO - Setting next_dagrun for example_setup_teardown to 2023-12-09T18:08:01.659284+00:00, run_after=2023-12-10T18:08:01.659284+00:00
[2023-12-10T18:08:01.691+0000] {processor.py:179} INFO - Processing /home/airflow/.local/lib/python3.8/site-packages/airflow/example_dags/example_setup_teardown.py took 0.197 seconds
