[2023-12-10T18:06:25.307+0000] {processor.py:157} INFO - Started process (PID=34) to work on /home/airflow/.local/lib/python3.8/site-packages/airflow/example_dags/example_sensors.py
[2023-12-10T18:06:25.309+0000] {processor.py:829} INFO - Processing file /home/airflow/.local/lib/python3.8/site-packages/airflow/example_dags/example_sensors.py for tasks to queue
[2023-12-10T18:06:25.313+0000] {logging_mixin.py:154} INFO - [2023-12-10T18:06:25.313+0000] {dagbag.py:536} INFO - Filling up the DagBag from /home/airflow/.local/lib/python3.8/site-packages/airflow/example_dags/example_sensors.py
[2023-12-10T18:06:25.326+0000] {processor.py:839} INFO - DAG(s) dict_keys(['example_sensors']) retrieved from /home/airflow/.local/lib/python3.8/site-packages/airflow/example_dags/example_sensors.py
[2023-12-10T18:06:25.341+0000] {logging_mixin.py:154} INFO - [2023-12-10T18:06:25.341+0000] {dag.py:2941} INFO - Sync 1 DAGs
[2023-12-10T18:06:25.359+0000] {logging_mixin.py:154} INFO - [2023-12-10T18:06:25.359+0000] {dag.py:3722} INFO - Setting next_dagrun for example_sensors to None, run_after=None
[2023-12-10T18:06:25.392+0000] {processor.py:179} INFO - Processing /home/airflow/.local/lib/python3.8/site-packages/airflow/example_dags/example_sensors.py took 0.089 seconds
[2023-12-10T18:06:55.682+0000] {processor.py:157} INFO - Started process (PID=88) to work on /home/airflow/.local/lib/python3.8/site-packages/airflow/example_dags/example_sensors.py
[2023-12-10T18:06:55.684+0000] {processor.py:829} INFO - Processing file /home/airflow/.local/lib/python3.8/site-packages/airflow/example_dags/example_sensors.py for tasks to queue
[2023-12-10T18:06:55.687+0000] {logging_mixin.py:154} INFO - [2023-12-10T18:06:55.687+0000] {dagbag.py:536} INFO - Filling up the DagBag from /home/airflow/.local/lib/python3.8/site-packages/airflow/example_dags/example_sensors.py
[2023-12-10T18:06:55.698+0000] {processor.py:839} INFO - DAG(s) dict_keys(['example_sensors']) retrieved from /home/airflow/.local/lib/python3.8/site-packages/airflow/example_dags/example_sensors.py
[2023-12-10T18:06:55.734+0000] {logging_mixin.py:154} INFO - [2023-12-10T18:06:55.734+0000] {dag.py:2941} INFO - Sync 1 DAGs
[2023-12-10T18:06:55.748+0000] {logging_mixin.py:154} INFO - [2023-12-10T18:06:55.748+0000] {dag.py:3722} INFO - Setting next_dagrun for example_sensors to None, run_after=None
[2023-12-10T18:06:55.813+0000] {processor.py:179} INFO - Processing /home/airflow/.local/lib/python3.8/site-packages/airflow/example_dags/example_sensors.py took 0.135 seconds
[2023-12-10T18:07:25.971+0000] {processor.py:157} INFO - Started process (PID=143) to work on /home/airflow/.local/lib/python3.8/site-packages/airflow/example_dags/example_sensors.py
[2023-12-10T18:07:25.973+0000] {processor.py:829} INFO - Processing file /home/airflow/.local/lib/python3.8/site-packages/airflow/example_dags/example_sensors.py for tasks to queue
[2023-12-10T18:07:25.976+0000] {logging_mixin.py:154} INFO - [2023-12-10T18:07:25.976+0000] {dagbag.py:536} INFO - Filling up the DagBag from /home/airflow/.local/lib/python3.8/site-packages/airflow/example_dags/example_sensors.py
[2023-12-10T18:07:25.988+0000] {processor.py:839} INFO - DAG(s) dict_keys(['example_sensors']) retrieved from /home/airflow/.local/lib/python3.8/site-packages/airflow/example_dags/example_sensors.py
[2023-12-10T18:07:26.020+0000] {logging_mixin.py:154} INFO - [2023-12-10T18:07:26.020+0000] {dag.py:2941} INFO - Sync 1 DAGs
[2023-12-10T18:07:26.034+0000] {logging_mixin.py:154} INFO - [2023-12-10T18:07:26.034+0000] {dag.py:3722} INFO - Setting next_dagrun for example_sensors to None, run_after=None
[2023-12-10T18:07:26.059+0000] {processor.py:179} INFO - Processing /home/airflow/.local/lib/python3.8/site-packages/airflow/example_dags/example_sensors.py took 0.091 seconds
[2023-12-10T18:07:56.148+0000] {processor.py:157} INFO - Started process (PID=198) to work on /home/airflow/.local/lib/python3.8/site-packages/airflow/example_dags/example_sensors.py
[2023-12-10T18:07:56.149+0000] {processor.py:829} INFO - Processing file /home/airflow/.local/lib/python3.8/site-packages/airflow/example_dags/example_sensors.py for tasks to queue
[2023-12-10T18:07:56.152+0000] {logging_mixin.py:154} INFO - [2023-12-10T18:07:56.152+0000] {dagbag.py:536} INFO - Filling up the DagBag from /home/airflow/.local/lib/python3.8/site-packages/airflow/example_dags/example_sensors.py
[2023-12-10T18:07:56.161+0000] {processor.py:839} INFO - DAG(s) dict_keys(['example_sensors']) retrieved from /home/airflow/.local/lib/python3.8/site-packages/airflow/example_dags/example_sensors.py
[2023-12-10T18:07:56.196+0000] {logging_mixin.py:154} INFO - [2023-12-10T18:07:56.195+0000] {dag.py:2941} INFO - Sync 1 DAGs
[2023-12-10T18:07:56.209+0000] {logging_mixin.py:154} INFO - [2023-12-10T18:07:56.209+0000] {dag.py:3722} INFO - Setting next_dagrun for example_sensors to None, run_after=None
[2023-12-10T18:07:56.229+0000] {processor.py:179} INFO - Processing /home/airflow/.local/lib/python3.8/site-packages/airflow/example_dags/example_sensors.py took 0.084 seconds
