[2023-12-10T18:06:29.728+0000] {processor.py:157} INFO - Started process (PID=64) to work on /home/airflow/.local/lib/python3.8/site-packages/airflow/example_dags/example_external_task_marker_dag.py
[2023-12-10T18:06:29.731+0000] {processor.py:829} INFO - Processing file /home/airflow/.local/lib/python3.8/site-packages/airflow/example_dags/example_external_task_marker_dag.py for tasks to queue
[2023-12-10T18:06:29.742+0000] {logging_mixin.py:154} INFO - [2023-12-10T18:06:29.741+0000] {dagbag.py:536} INFO - Filling up the DagBag from /home/airflow/.local/lib/python3.8/site-packages/airflow/example_dags/example_external_task_marker_dag.py
[2023-12-10T18:06:29.761+0000] {processor.py:839} INFO - DAG(s) dict_keys(['example_external_task_marker_parent', 'example_external_task_marker_child']) retrieved from /home/airflow/.local/lib/python3.8/site-packages/airflow/example_dags/example_external_task_marker_dag.py
[2023-12-10T18:06:29.802+0000] {logging_mixin.py:154} INFO - [2023-12-10T18:06:29.801+0000] {dag.py:2941} INFO - Sync 2 DAGs
[2023-12-10T18:06:29.876+0000] {logging_mixin.py:154} INFO - [2023-12-10T18:06:29.875+0000] {dag.py:3722} INFO - Setting next_dagrun for example_external_task_marker_child to None, run_after=None
[2023-12-10T18:06:29.886+0000] {logging_mixin.py:154} INFO - [2023-12-10T18:06:29.885+0000] {dag.py:3722} INFO - Setting next_dagrun for example_external_task_marker_parent to None, run_after=None
[2023-12-10T18:06:29.918+0000] {processor.py:179} INFO - Processing /home/airflow/.local/lib/python3.8/site-packages/airflow/example_dags/example_external_task_marker_dag.py took 0.199 seconds
[2023-12-10T18:07:00.417+0000] {processor.py:157} INFO - Started process (PID=119) to work on /home/airflow/.local/lib/python3.8/site-packages/airflow/example_dags/example_external_task_marker_dag.py
[2023-12-10T18:07:00.419+0000] {processor.py:829} INFO - Processing file /home/airflow/.local/lib/python3.8/site-packages/airflow/example_dags/example_external_task_marker_dag.py for tasks to queue
[2023-12-10T18:07:00.425+0000] {logging_mixin.py:154} INFO - [2023-12-10T18:07:00.424+0000] {dagbag.py:536} INFO - Filling up the DagBag from /home/airflow/.local/lib/python3.8/site-packages/airflow/example_dags/example_external_task_marker_dag.py
[2023-12-10T18:07:00.436+0000] {processor.py:839} INFO - DAG(s) dict_keys(['example_external_task_marker_parent', 'example_external_task_marker_child']) retrieved from /home/airflow/.local/lib/python3.8/site-packages/airflow/example_dags/example_external_task_marker_dag.py
[2023-12-10T18:07:00.480+0000] {logging_mixin.py:154} INFO - [2023-12-10T18:07:00.480+0000] {dag.py:2941} INFO - Sync 2 DAGs
[2023-12-10T18:07:00.502+0000] {logging_mixin.py:154} INFO - [2023-12-10T18:07:00.501+0000] {dag.py:3722} INFO - Setting next_dagrun for example_external_task_marker_child to None, run_after=None
[2023-12-10T18:07:00.507+0000] {logging_mixin.py:154} INFO - [2023-12-10T18:07:00.507+0000] {dag.py:3722} INFO - Setting next_dagrun for example_external_task_marker_parent to None, run_after=None
[2023-12-10T18:07:00.542+0000] {processor.py:179} INFO - Processing /home/airflow/.local/lib/python3.8/site-packages/airflow/example_dags/example_external_task_marker_dag.py took 0.132 seconds
[2023-12-10T18:07:31.205+0000] {processor.py:157} INFO - Started process (PID=174) to work on /home/airflow/.local/lib/python3.8/site-packages/airflow/example_dags/example_external_task_marker_dag.py
[2023-12-10T18:07:31.206+0000] {processor.py:829} INFO - Processing file /home/airflow/.local/lib/python3.8/site-packages/airflow/example_dags/example_external_task_marker_dag.py for tasks to queue
[2023-12-10T18:07:31.209+0000] {logging_mixin.py:154} INFO - [2023-12-10T18:07:31.209+0000] {dagbag.py:536} INFO - Filling up the DagBag from /home/airflow/.local/lib/python3.8/site-packages/airflow/example_dags/example_external_task_marker_dag.py
[2023-12-10T18:07:31.220+0000] {processor.py:839} INFO - DAG(s) dict_keys(['example_external_task_marker_parent', 'example_external_task_marker_child']) retrieved from /home/airflow/.local/lib/python3.8/site-packages/airflow/example_dags/example_external_task_marker_dag.py
[2023-12-10T18:07:31.249+0000] {logging_mixin.py:154} INFO - [2023-12-10T18:07:31.248+0000] {dag.py:2941} INFO - Sync 2 DAGs
[2023-12-10T18:07:31.311+0000] {logging_mixin.py:154} INFO - [2023-12-10T18:07:31.311+0000] {dag.py:3722} INFO - Setting next_dagrun for example_external_task_marker_child to None, run_after=None
[2023-12-10T18:07:31.317+0000] {logging_mixin.py:154} INFO - [2023-12-10T18:07:31.317+0000] {dag.py:3722} INFO - Setting next_dagrun for example_external_task_marker_parent to None, run_after=None
[2023-12-10T18:07:31.342+0000] {processor.py:179} INFO - Processing /home/airflow/.local/lib/python3.8/site-packages/airflow/example_dags/example_external_task_marker_dag.py took 0.140 seconds
[2023-12-10T18:08:01.716+0000] {processor.py:157} INFO - Started process (PID=229) to work on /home/airflow/.local/lib/python3.8/site-packages/airflow/example_dags/example_external_task_marker_dag.py
[2023-12-10T18:08:01.718+0000] {processor.py:829} INFO - Processing file /home/airflow/.local/lib/python3.8/site-packages/airflow/example_dags/example_external_task_marker_dag.py for tasks to queue
[2023-12-10T18:08:01.722+0000] {logging_mixin.py:154} INFO - [2023-12-10T18:08:01.722+0000] {dagbag.py:536} INFO - Filling up the DagBag from /home/airflow/.local/lib/python3.8/site-packages/airflow/example_dags/example_external_task_marker_dag.py
[2023-12-10T18:08:01.732+0000] {processor.py:839} INFO - DAG(s) dict_keys(['example_external_task_marker_child', 'example_external_task_marker_parent']) retrieved from /home/airflow/.local/lib/python3.8/site-packages/airflow/example_dags/example_external_task_marker_dag.py
[2023-12-10T18:08:01.764+0000] {logging_mixin.py:154} INFO - [2023-12-10T18:08:01.764+0000] {dag.py:2941} INFO - Sync 2 DAGs
[2023-12-10T18:08:01.798+0000] {logging_mixin.py:154} INFO - [2023-12-10T18:08:01.798+0000] {dag.py:3722} INFO - Setting next_dagrun for example_external_task_marker_child to None, run_after=None
[2023-12-10T18:08:01.802+0000] {logging_mixin.py:154} INFO - [2023-12-10T18:08:01.802+0000] {dag.py:3722} INFO - Setting next_dagrun for example_external_task_marker_parent to None, run_after=None
[2023-12-10T18:08:01.828+0000] {processor.py:179} INFO - Processing /home/airflow/.local/lib/python3.8/site-packages/airflow/example_dags/example_external_task_marker_dag.py took 0.115 seconds
