[2023-12-10T18:06:29.352+0000] {processor.py:157} INFO - Started process (PID=60) to work on /home/airflow/.local/lib/python3.8/site-packages/airflow/example_dags/example_kubernetes_executor.py
[2023-12-10T18:06:29.355+0000] {processor.py:829} INFO - Processing file /home/airflow/.local/lib/python3.8/site-packages/airflow/example_dags/example_kubernetes_executor.py for tasks to queue
[2023-12-10T18:06:29.363+0000] {logging_mixin.py:154} INFO - [2023-12-10T18:06:29.361+0000] {dagbag.py:536} INFO - Filling up the DagBag from /home/airflow/.local/lib/python3.8/site-packages/airflow/example_dags/example_kubernetes_executor.py
[2023-12-10T18:06:29.390+0000] {processor.py:839} INFO - DAG(s) dict_keys(['example_kubernetes_executor']) retrieved from /home/airflow/.local/lib/python3.8/site-packages/airflow/example_dags/example_kubernetes_executor.py
[2023-12-10T18:06:29.418+0000] {logging_mixin.py:154} INFO - [2023-12-10T18:06:29.418+0000] {dag.py:2941} INFO - Sync 1 DAGs
[2023-12-10T18:06:29.446+0000] {logging_mixin.py:154} INFO - [2023-12-10T18:06:29.445+0000] {dag.py:3722} INFO - Setting next_dagrun for example_kubernetes_executor to None, run_after=None
[2023-12-10T18:06:29.471+0000] {processor.py:179} INFO - Processing /home/airflow/.local/lib/python3.8/site-packages/airflow/example_dags/example_kubernetes_executor.py took 0.135 seconds
[2023-12-10T18:07:00.078+0000] {processor.py:157} INFO - Started process (PID=115) to work on /home/airflow/.local/lib/python3.8/site-packages/airflow/example_dags/example_kubernetes_executor.py
[2023-12-10T18:07:00.080+0000] {processor.py:829} INFO - Processing file /home/airflow/.local/lib/python3.8/site-packages/airflow/example_dags/example_kubernetes_executor.py for tasks to queue
[2023-12-10T18:07:00.084+0000] {logging_mixin.py:154} INFO - [2023-12-10T18:07:00.083+0000] {dagbag.py:536} INFO - Filling up the DagBag from /home/airflow/.local/lib/python3.8/site-packages/airflow/example_dags/example_kubernetes_executor.py
[2023-12-10T18:07:00.100+0000] {processor.py:839} INFO - DAG(s) dict_keys(['example_kubernetes_executor']) retrieved from /home/airflow/.local/lib/python3.8/site-packages/airflow/example_dags/example_kubernetes_executor.py
[2023-12-10T18:07:00.165+0000] {logging_mixin.py:154} INFO - [2023-12-10T18:07:00.164+0000] {dag.py:2941} INFO - Sync 1 DAGs
[2023-12-10T18:07:00.185+0000] {logging_mixin.py:154} INFO - [2023-12-10T18:07:00.184+0000] {dag.py:3722} INFO - Setting next_dagrun for example_kubernetes_executor to None, run_after=None
[2023-12-10T18:07:00.207+0000] {processor.py:179} INFO - Processing /home/airflow/.local/lib/python3.8/site-packages/airflow/example_dags/example_kubernetes_executor.py took 0.136 seconds
[2023-12-10T18:07:30.928+0000] {processor.py:157} INFO - Started process (PID=170) to work on /home/airflow/.local/lib/python3.8/site-packages/airflow/example_dags/example_kubernetes_executor.py
[2023-12-10T18:07:30.931+0000] {processor.py:829} INFO - Processing file /home/airflow/.local/lib/python3.8/site-packages/airflow/example_dags/example_kubernetes_executor.py for tasks to queue
[2023-12-10T18:07:30.937+0000] {logging_mixin.py:154} INFO - [2023-12-10T18:07:30.936+0000] {dagbag.py:536} INFO - Filling up the DagBag from /home/airflow/.local/lib/python3.8/site-packages/airflow/example_dags/example_kubernetes_executor.py
[2023-12-10T18:07:30.961+0000] {processor.py:839} INFO - DAG(s) dict_keys(['example_kubernetes_executor']) retrieved from /home/airflow/.local/lib/python3.8/site-packages/airflow/example_dags/example_kubernetes_executor.py
[2023-12-10T18:07:31.010+0000] {logging_mixin.py:154} INFO - [2023-12-10T18:07:31.010+0000] {dag.py:2941} INFO - Sync 1 DAGs
[2023-12-10T18:07:31.027+0000] {logging_mixin.py:154} INFO - [2023-12-10T18:07:31.027+0000] {dag.py:3722} INFO - Setting next_dagrun for example_kubernetes_executor to None, run_after=None
[2023-12-10T18:07:31.053+0000] {processor.py:179} INFO - Processing /home/airflow/.local/lib/python3.8/site-packages/airflow/example_dags/example_kubernetes_executor.py took 0.134 seconds
[2023-12-10T18:08:01.224+0000] {processor.py:157} INFO - Started process (PID=225) to work on /home/airflow/.local/lib/python3.8/site-packages/airflow/example_dags/example_kubernetes_executor.py
[2023-12-10T18:08:01.226+0000] {processor.py:829} INFO - Processing file /home/airflow/.local/lib/python3.8/site-packages/airflow/example_dags/example_kubernetes_executor.py for tasks to queue
[2023-12-10T18:08:01.229+0000] {logging_mixin.py:154} INFO - [2023-12-10T18:08:01.229+0000] {dagbag.py:536} INFO - Filling up the DagBag from /home/airflow/.local/lib/python3.8/site-packages/airflow/example_dags/example_kubernetes_executor.py
[2023-12-10T18:08:01.243+0000] {processor.py:839} INFO - DAG(s) dict_keys(['example_kubernetes_executor']) retrieved from /home/airflow/.local/lib/python3.8/site-packages/airflow/example_dags/example_kubernetes_executor.py
[2023-12-10T18:08:01.297+0000] {logging_mixin.py:154} INFO - [2023-12-10T18:08:01.296+0000] {dag.py:2941} INFO - Sync 1 DAGs
[2023-12-10T18:08:01.411+0000] {logging_mixin.py:154} INFO - [2023-12-10T18:08:01.411+0000] {dag.py:3722} INFO - Setting next_dagrun for example_kubernetes_executor to None, run_after=None
[2023-12-10T18:08:01.441+0000] {processor.py:179} INFO - Processing /home/airflow/.local/lib/python3.8/site-packages/airflow/example_dags/example_kubernetes_executor.py took 0.221 seconds
