[2023-12-10T18:06:27.449+0000] {processor.py:157} INFO - Started process (PID=49) to work on /home/airflow/.local/lib/python3.8/site-packages/airflow/example_dags/example_bash_operator.py
[2023-12-10T18:06:27.455+0000] {processor.py:829} INFO - Processing file /home/airflow/.local/lib/python3.8/site-packages/airflow/example_dags/example_bash_operator.py for tasks to queue
[2023-12-10T18:06:27.466+0000] {logging_mixin.py:154} INFO - [2023-12-10T18:06:27.466+0000] {dagbag.py:536} INFO - Filling up the DagBag from /home/airflow/.local/lib/python3.8/site-packages/airflow/example_dags/example_bash_operator.py
[2023-12-10T18:06:27.521+0000] {processor.py:839} INFO - DAG(s) dict_keys(['example_bash_operator']) retrieved from /home/airflow/.local/lib/python3.8/site-packages/airflow/example_dags/example_bash_operator.py
[2023-12-10T18:06:27.565+0000] {logging_mixin.py:154} INFO - [2023-12-10T18:06:27.565+0000] {dag.py:2941} INFO - Sync 1 DAGs
[2023-12-10T18:06:27.660+0000] {logging_mixin.py:154} INFO - [2023-12-10T18:06:27.659+0000] {dag.py:3722} INFO - Setting next_dagrun for example_bash_operator to 2023-12-09T00:00:00+00:00, run_after=2023-12-10T00:00:00+00:00
[2023-12-10T18:06:27.793+0000] {processor.py:179} INFO - Processing /home/airflow/.local/lib/python3.8/site-packages/airflow/example_dags/example_bash_operator.py took 0.367 seconds
[2023-12-10T18:06:58.183+0000] {processor.py:157} INFO - Started process (PID=104) to work on /home/airflow/.local/lib/python3.8/site-packages/airflow/example_dags/example_bash_operator.py
[2023-12-10T18:06:58.184+0000] {processor.py:829} INFO - Processing file /home/airflow/.local/lib/python3.8/site-packages/airflow/example_dags/example_bash_operator.py for tasks to queue
[2023-12-10T18:06:58.189+0000] {logging_mixin.py:154} INFO - [2023-12-10T18:06:58.188+0000] {dagbag.py:536} INFO - Filling up the DagBag from /home/airflow/.local/lib/python3.8/site-packages/airflow/example_dags/example_bash_operator.py
[2023-12-10T18:06:58.203+0000] {processor.py:839} INFO - DAG(s) dict_keys(['example_bash_operator']) retrieved from /home/airflow/.local/lib/python3.8/site-packages/airflow/example_dags/example_bash_operator.py
[2023-12-10T18:06:58.246+0000] {logging_mixin.py:154} INFO - [2023-12-10T18:06:58.246+0000] {dag.py:2941} INFO - Sync 1 DAGs
[2023-12-10T18:06:58.278+0000] {logging_mixin.py:154} INFO - [2023-12-10T18:06:58.278+0000] {dag.py:3722} INFO - Setting next_dagrun for example_bash_operator to 2023-12-09T00:00:00+00:00, run_after=2023-12-10T00:00:00+00:00
[2023-12-10T18:06:58.307+0000] {processor.py:179} INFO - Processing /home/airflow/.local/lib/python3.8/site-packages/airflow/example_dags/example_bash_operator.py took 0.129 seconds
[2023-12-10T18:07:29.031+0000] {processor.py:157} INFO - Started process (PID=159) to work on /home/airflow/.local/lib/python3.8/site-packages/airflow/example_dags/example_bash_operator.py
[2023-12-10T18:07:29.032+0000] {processor.py:829} INFO - Processing file /home/airflow/.local/lib/python3.8/site-packages/airflow/example_dags/example_bash_operator.py for tasks to queue
[2023-12-10T18:07:29.036+0000] {logging_mixin.py:154} INFO - [2023-12-10T18:07:29.036+0000] {dagbag.py:536} INFO - Filling up the DagBag from /home/airflow/.local/lib/python3.8/site-packages/airflow/example_dags/example_bash_operator.py
[2023-12-10T18:07:29.050+0000] {processor.py:839} INFO - DAG(s) dict_keys(['example_bash_operator']) retrieved from /home/airflow/.local/lib/python3.8/site-packages/airflow/example_dags/example_bash_operator.py
[2023-12-10T18:07:29.100+0000] {logging_mixin.py:154} INFO - [2023-12-10T18:07:29.099+0000] {dag.py:2941} INFO - Sync 1 DAGs
[2023-12-10T18:07:29.137+0000] {logging_mixin.py:154} INFO - [2023-12-10T18:07:29.136+0000] {dag.py:3722} INFO - Setting next_dagrun for example_bash_operator to 2023-12-09T00:00:00+00:00, run_after=2023-12-10T00:00:00+00:00
[2023-12-10T18:07:29.163+0000] {processor.py:179} INFO - Processing /home/airflow/.local/lib/python3.8/site-packages/airflow/example_dags/example_bash_operator.py took 0.136 seconds
[2023-12-10T18:07:59.371+0000] {processor.py:157} INFO - Started process (PID=214) to work on /home/airflow/.local/lib/python3.8/site-packages/airflow/example_dags/example_bash_operator.py
[2023-12-10T18:07:59.373+0000] {processor.py:829} INFO - Processing file /home/airflow/.local/lib/python3.8/site-packages/airflow/example_dags/example_bash_operator.py for tasks to queue
[2023-12-10T18:07:59.376+0000] {logging_mixin.py:154} INFO - [2023-12-10T18:07:59.376+0000] {dagbag.py:536} INFO - Filling up the DagBag from /home/airflow/.local/lib/python3.8/site-packages/airflow/example_dags/example_bash_operator.py
[2023-12-10T18:07:59.394+0000] {processor.py:839} INFO - DAG(s) dict_keys(['example_bash_operator']) retrieved from /home/airflow/.local/lib/python3.8/site-packages/airflow/example_dags/example_bash_operator.py
[2023-12-10T18:07:59.451+0000] {logging_mixin.py:154} INFO - [2023-12-10T18:07:59.451+0000] {dag.py:2941} INFO - Sync 1 DAGs
[2023-12-10T18:07:59.475+0000] {logging_mixin.py:154} INFO - [2023-12-10T18:07:59.475+0000] {dag.py:3722} INFO - Setting next_dagrun for example_bash_operator to 2023-12-09T00:00:00+00:00, run_after=2023-12-10T00:00:00+00:00
[2023-12-10T18:07:59.569+0000] {processor.py:179} INFO - Processing /home/airflow/.local/lib/python3.8/site-packages/airflow/example_dags/example_bash_operator.py took 0.202 seconds
