[2023-12-10T18:06:25.942+0000] {processor.py:157} INFO - Started process (PID=41) to work on /home/airflow/.local/lib/python3.8/site-packages/airflow/example_dags/example_sla_dag.py
[2023-12-10T18:06:25.945+0000] {processor.py:829} INFO - Processing file /home/airflow/.local/lib/python3.8/site-packages/airflow/example_dags/example_sla_dag.py for tasks to queue
[2023-12-10T18:06:25.948+0000] {logging_mixin.py:154} INFO - [2023-12-10T18:06:25.948+0000] {dagbag.py:536} INFO - Filling up the DagBag from /home/airflow/.local/lib/python3.8/site-packages/airflow/example_dags/example_sla_dag.py
[2023-12-10T18:06:25.970+0000] {processor.py:839} INFO - DAG(s) dict_keys(['example_sla_dag']) retrieved from /home/airflow/.local/lib/python3.8/site-packages/airflow/example_dags/example_sla_dag.py
[2023-12-10T18:06:25.987+0000] {logging_mixin.py:154} INFO - [2023-12-10T18:06:25.987+0000] {dag.py:2941} INFO - Sync 1 DAGs
[2023-12-10T18:06:26.029+0000] {logging_mixin.py:154} INFO - [2023-12-10T18:06:26.028+0000] {dag.py:3722} INFO - Setting next_dagrun for example_sla_dag to 2023-12-10T18:04:00+00:00, run_after=2023-12-10T18:06:00+00:00
[2023-12-10T18:06:26.063+0000] {processor.py:179} INFO - Processing /home/airflow/.local/lib/python3.8/site-packages/airflow/example_dags/example_sla_dag.py took 0.125 seconds
[2023-12-10T18:06:56.703+0000] {processor.py:157} INFO - Started process (PID=96) to work on /home/airflow/.local/lib/python3.8/site-packages/airflow/example_dags/example_sla_dag.py
[2023-12-10T18:06:56.705+0000] {processor.py:829} INFO - Processing file /home/airflow/.local/lib/python3.8/site-packages/airflow/example_dags/example_sla_dag.py for tasks to queue
[2023-12-10T18:06:56.709+0000] {logging_mixin.py:154} INFO - [2023-12-10T18:06:56.708+0000] {dagbag.py:536} INFO - Filling up the DagBag from /home/airflow/.local/lib/python3.8/site-packages/airflow/example_dags/example_sla_dag.py
[2023-12-10T18:06:56.722+0000] {processor.py:839} INFO - DAG(s) dict_keys(['example_sla_dag']) retrieved from /home/airflow/.local/lib/python3.8/site-packages/airflow/example_dags/example_sla_dag.py
[2023-12-10T18:06:56.749+0000] {logging_mixin.py:154} INFO - [2023-12-10T18:06:56.749+0000] {dag.py:2941} INFO - Sync 1 DAGs
[2023-12-10T18:06:56.785+0000] {logging_mixin.py:154} INFO - [2023-12-10T18:06:56.785+0000] {dag.py:3722} INFO - Setting next_dagrun for example_sla_dag to 2023-12-10T18:04:00+00:00, run_after=2023-12-10T18:06:00+00:00
[2023-12-10T18:06:56.811+0000] {processor.py:179} INFO - Processing /home/airflow/.local/lib/python3.8/site-packages/airflow/example_dags/example_sla_dag.py took 0.114 seconds
[2023-12-10T18:07:27.244+0000] {processor.py:157} INFO - Started process (PID=151) to work on /home/airflow/.local/lib/python3.8/site-packages/airflow/example_dags/example_sla_dag.py
[2023-12-10T18:07:27.246+0000] {processor.py:829} INFO - Processing file /home/airflow/.local/lib/python3.8/site-packages/airflow/example_dags/example_sla_dag.py for tasks to queue
[2023-12-10T18:07:27.253+0000] {logging_mixin.py:154} INFO - [2023-12-10T18:07:27.251+0000] {dagbag.py:536} INFO - Filling up the DagBag from /home/airflow/.local/lib/python3.8/site-packages/airflow/example_dags/example_sla_dag.py
[2023-12-10T18:07:27.272+0000] {processor.py:839} INFO - DAG(s) dict_keys(['example_sla_dag']) retrieved from /home/airflow/.local/lib/python3.8/site-packages/airflow/example_dags/example_sla_dag.py
[2023-12-10T18:07:27.311+0000] {logging_mixin.py:154} INFO - [2023-12-10T18:07:27.310+0000] {dag.py:2941} INFO - Sync 1 DAGs
[2023-12-10T18:07:27.365+0000] {logging_mixin.py:154} INFO - [2023-12-10T18:07:27.365+0000] {dag.py:3722} INFO - Setting next_dagrun for example_sla_dag to 2023-12-10T18:04:00+00:00, run_after=2023-12-10T18:06:00+00:00
[2023-12-10T18:07:27.407+0000] {processor.py:179} INFO - Processing /home/airflow/.local/lib/python3.8/site-packages/airflow/example_dags/example_sla_dag.py took 0.169 seconds
[2023-12-10T18:07:57.817+0000] {processor.py:157} INFO - Started process (PID=206) to work on /home/airflow/.local/lib/python3.8/site-packages/airflow/example_dags/example_sla_dag.py
[2023-12-10T18:07:57.820+0000] {processor.py:829} INFO - Processing file /home/airflow/.local/lib/python3.8/site-packages/airflow/example_dags/example_sla_dag.py for tasks to queue
[2023-12-10T18:07:57.825+0000] {logging_mixin.py:154} INFO - [2023-12-10T18:07:57.824+0000] {dagbag.py:536} INFO - Filling up the DagBag from /home/airflow/.local/lib/python3.8/site-packages/airflow/example_dags/example_sla_dag.py
[2023-12-10T18:07:57.836+0000] {processor.py:839} INFO - DAG(s) dict_keys(['example_sla_dag']) retrieved from /home/airflow/.local/lib/python3.8/site-packages/airflow/example_dags/example_sla_dag.py
[2023-12-10T18:07:57.862+0000] {logging_mixin.py:154} INFO - [2023-12-10T18:07:57.862+0000] {dag.py:2941} INFO - Sync 1 DAGs
[2023-12-10T18:07:57.887+0000] {logging_mixin.py:154} INFO - [2023-12-10T18:07:57.887+0000] {dag.py:3722} INFO - Setting next_dagrun for example_sla_dag to 2023-12-10T18:04:00+00:00, run_after=2023-12-10T18:06:00+00:00
[2023-12-10T18:07:57.913+0000] {processor.py:179} INFO - Processing /home/airflow/.local/lib/python3.8/site-packages/airflow/example_dags/example_sla_dag.py took 0.101 seconds
