[2023-12-10T18:06:26.538+0000] {processor.py:157} INFO - Started process (PID=44) to work on /home/airflow/.local/lib/python3.8/site-packages/airflow/example_dags/example_xcomargs.py
[2023-12-10T18:06:26.564+0000] {processor.py:829} INFO - Processing file /home/airflow/.local/lib/python3.8/site-packages/airflow/example_dags/example_xcomargs.py for tasks to queue
[2023-12-10T18:06:26.574+0000] {logging_mixin.py:154} INFO - [2023-12-10T18:06:26.571+0000] {dagbag.py:536} INFO - Filling up the DagBag from /home/airflow/.local/lib/python3.8/site-packages/airflow/example_dags/example_xcomargs.py
[2023-12-10T18:06:26.614+0000] {processor.py:839} INFO - DAG(s) dict_keys(['example_xcom_args_with_operators', 'example_xcom_args']) retrieved from /home/airflow/.local/lib/python3.8/site-packages/airflow/example_dags/example_xcomargs.py
[2023-12-10T18:06:26.682+0000] {logging_mixin.py:154} INFO - [2023-12-10T18:06:26.681+0000] {dag.py:2941} INFO - Sync 2 DAGs
[2023-12-10T18:06:26.718+0000] {logging_mixin.py:154} INFO - [2023-12-10T18:06:26.718+0000] {dag.py:3722} INFO - Setting next_dagrun for example_xcom_args to None, run_after=None
[2023-12-10T18:06:26.725+0000] {logging_mixin.py:154} INFO - [2023-12-10T18:06:26.724+0000] {dag.py:3722} INFO - Setting next_dagrun for example_xcom_args_with_operators to None, run_after=None
[2023-12-10T18:06:26.761+0000] {processor.py:179} INFO - Processing /home/airflow/.local/lib/python3.8/site-packages/airflow/example_dags/example_xcomargs.py took 0.247 seconds
[2023-12-10T18:06:56.859+0000] {processor.py:157} INFO - Started process (PID=99) to work on /home/airflow/.local/lib/python3.8/site-packages/airflow/example_dags/example_xcomargs.py
[2023-12-10T18:06:56.860+0000] {processor.py:829} INFO - Processing file /home/airflow/.local/lib/python3.8/site-packages/airflow/example_dags/example_xcomargs.py for tasks to queue
[2023-12-10T18:06:56.862+0000] {logging_mixin.py:154} INFO - [2023-12-10T18:06:56.862+0000] {dagbag.py:536} INFO - Filling up the DagBag from /home/airflow/.local/lib/python3.8/site-packages/airflow/example_dags/example_xcomargs.py
[2023-12-10T18:06:56.875+0000] {processor.py:839} INFO - DAG(s) dict_keys(['example_xcom_args_with_operators', 'example_xcom_args']) retrieved from /home/airflow/.local/lib/python3.8/site-packages/airflow/example_dags/example_xcomargs.py
[2023-12-10T18:06:56.908+0000] {logging_mixin.py:154} INFO - [2023-12-10T18:06:56.908+0000] {dag.py:2941} INFO - Sync 2 DAGs
[2023-12-10T18:06:56.926+0000] {logging_mixin.py:154} INFO - [2023-12-10T18:06:56.925+0000] {dag.py:3722} INFO - Setting next_dagrun for example_xcom_args to None, run_after=None
[2023-12-10T18:06:56.932+0000] {logging_mixin.py:154} INFO - [2023-12-10T18:06:56.932+0000] {dag.py:3722} INFO - Setting next_dagrun for example_xcom_args_with_operators to None, run_after=None
[2023-12-10T18:06:56.959+0000] {processor.py:179} INFO - Processing /home/airflow/.local/lib/python3.8/site-packages/airflow/example_dags/example_xcomargs.py took 0.104 seconds
[2023-12-10T18:07:27.629+0000] {processor.py:157} INFO - Started process (PID=154) to work on /home/airflow/.local/lib/python3.8/site-packages/airflow/example_dags/example_xcomargs.py
[2023-12-10T18:07:27.657+0000] {processor.py:829} INFO - Processing file /home/airflow/.local/lib/python3.8/site-packages/airflow/example_dags/example_xcomargs.py for tasks to queue
[2023-12-10T18:07:27.661+0000] {logging_mixin.py:154} INFO - [2023-12-10T18:07:27.660+0000] {dagbag.py:536} INFO - Filling up the DagBag from /home/airflow/.local/lib/python3.8/site-packages/airflow/example_dags/example_xcomargs.py
[2023-12-10T18:07:27.691+0000] {processor.py:839} INFO - DAG(s) dict_keys(['example_xcom_args', 'example_xcom_args_with_operators']) retrieved from /home/airflow/.local/lib/python3.8/site-packages/airflow/example_dags/example_xcomargs.py
[2023-12-10T18:07:27.739+0000] {logging_mixin.py:154} INFO - [2023-12-10T18:07:27.739+0000] {dag.py:2941} INFO - Sync 2 DAGs
[2023-12-10T18:07:27.754+0000] {logging_mixin.py:154} INFO - [2023-12-10T18:07:27.754+0000] {dag.py:3722} INFO - Setting next_dagrun for example_xcom_args to None, run_after=None
[2023-12-10T18:07:27.760+0000] {logging_mixin.py:154} INFO - [2023-12-10T18:07:27.760+0000] {dag.py:3722} INFO - Setting next_dagrun for example_xcom_args_with_operators to None, run_after=None
[2023-12-10T18:07:27.788+0000] {processor.py:179} INFO - Processing /home/airflow/.local/lib/python3.8/site-packages/airflow/example_dags/example_xcomargs.py took 0.165 seconds
[2023-12-10T18:07:58.060+0000] {processor.py:157} INFO - Started process (PID=209) to work on /home/airflow/.local/lib/python3.8/site-packages/airflow/example_dags/example_xcomargs.py
[2023-12-10T18:07:58.061+0000] {processor.py:829} INFO - Processing file /home/airflow/.local/lib/python3.8/site-packages/airflow/example_dags/example_xcomargs.py for tasks to queue
[2023-12-10T18:07:58.064+0000] {logging_mixin.py:154} INFO - [2023-12-10T18:07:58.063+0000] {dagbag.py:536} INFO - Filling up the DagBag from /home/airflow/.local/lib/python3.8/site-packages/airflow/example_dags/example_xcomargs.py
[2023-12-10T18:07:58.073+0000] {processor.py:839} INFO - DAG(s) dict_keys(['example_xcom_args_with_operators', 'example_xcom_args']) retrieved from /home/airflow/.local/lib/python3.8/site-packages/airflow/example_dags/example_xcomargs.py
[2023-12-10T18:07:58.104+0000] {logging_mixin.py:154} INFO - [2023-12-10T18:07:58.104+0000] {dag.py:2941} INFO - Sync 2 DAGs
[2023-12-10T18:07:58.149+0000] {logging_mixin.py:154} INFO - [2023-12-10T18:07:58.149+0000] {dag.py:3722} INFO - Setting next_dagrun for example_xcom_args to None, run_after=None
[2023-12-10T18:07:58.153+0000] {logging_mixin.py:154} INFO - [2023-12-10T18:07:58.153+0000] {dag.py:3722} INFO - Setting next_dagrun for example_xcom_args_with_operators to None, run_after=None
[2023-12-10T18:07:58.176+0000] {processor.py:179} INFO - Processing /home/airflow/.local/lib/python3.8/site-packages/airflow/example_dags/example_xcomargs.py took 0.120 seconds
