[2023-12-10T18:06:25.649+0000] {processor.py:157} INFO - Started process (PID=37) to work on /home/airflow/.local/lib/python3.8/site-packages/airflow/example_dags/example_task_group.py
[2023-12-10T18:06:25.651+0000] {processor.py:829} INFO - Processing file /home/airflow/.local/lib/python3.8/site-packages/airflow/example_dags/example_task_group.py for tasks to queue
[2023-12-10T18:06:25.654+0000] {logging_mixin.py:154} INFO - [2023-12-10T18:06:25.654+0000] {dagbag.py:536} INFO - Filling up the DagBag from /home/airflow/.local/lib/python3.8/site-packages/airflow/example_dags/example_task_group.py
[2023-12-10T18:06:25.670+0000] {processor.py:839} INFO - DAG(s) dict_keys(['example_task_group']) retrieved from /home/airflow/.local/lib/python3.8/site-packages/airflow/example_dags/example_task_group.py
[2023-12-10T18:06:25.689+0000] {logging_mixin.py:154} INFO - [2023-12-10T18:06:25.687+0000] {dag.py:2941} INFO - Sync 1 DAGs
[2023-12-10T18:06:25.732+0000] {logging_mixin.py:154} INFO - [2023-12-10T18:06:25.732+0000] {dag.py:3722} INFO - Setting next_dagrun for example_task_group to 2023-12-09T18:06:25.731825+00:00, run_after=2023-12-10T18:06:25.731825+00:00
[2023-12-10T18:06:25.754+0000] {processor.py:179} INFO - Processing /home/airflow/.local/lib/python3.8/site-packages/airflow/example_dags/example_task_group.py took 0.111 seconds
[2023-12-10T18:06:56.290+0000] {processor.py:157} INFO - Started process (PID=92) to work on /home/airflow/.local/lib/python3.8/site-packages/airflow/example_dags/example_task_group.py
[2023-12-10T18:06:56.292+0000] {processor.py:829} INFO - Processing file /home/airflow/.local/lib/python3.8/site-packages/airflow/example_dags/example_task_group.py for tasks to queue
[2023-12-10T18:06:56.295+0000] {logging_mixin.py:154} INFO - [2023-12-10T18:06:56.295+0000] {dagbag.py:536} INFO - Filling up the DagBag from /home/airflow/.local/lib/python3.8/site-packages/airflow/example_dags/example_task_group.py
[2023-12-10T18:06:56.306+0000] {processor.py:839} INFO - DAG(s) dict_keys(['example_task_group']) retrieved from /home/airflow/.local/lib/python3.8/site-packages/airflow/example_dags/example_task_group.py
[2023-12-10T18:06:56.336+0000] {logging_mixin.py:154} INFO - [2023-12-10T18:06:56.336+0000] {dag.py:2941} INFO - Sync 1 DAGs
[2023-12-10T18:06:56.416+0000] {logging_mixin.py:154} INFO - [2023-12-10T18:06:56.416+0000] {dag.py:3722} INFO - Setting next_dagrun for example_task_group to 2023-12-09T18:06:56.415496+00:00, run_after=2023-12-10T18:06:56.415496+00:00
[2023-12-10T18:06:56.444+0000] {processor.py:179} INFO - Processing /home/airflow/.local/lib/python3.8/site-packages/airflow/example_dags/example_task_group.py took 0.159 seconds
[2023-12-10T18:07:26.852+0000] {processor.py:157} INFO - Started process (PID=147) to work on /home/airflow/.local/lib/python3.8/site-packages/airflow/example_dags/example_task_group.py
[2023-12-10T18:07:26.854+0000] {processor.py:829} INFO - Processing file /home/airflow/.local/lib/python3.8/site-packages/airflow/example_dags/example_task_group.py for tasks to queue
[2023-12-10T18:07:26.857+0000] {logging_mixin.py:154} INFO - [2023-12-10T18:07:26.856+0000] {dagbag.py:536} INFO - Filling up the DagBag from /home/airflow/.local/lib/python3.8/site-packages/airflow/example_dags/example_task_group.py
[2023-12-10T18:07:26.866+0000] {processor.py:839} INFO - DAG(s) dict_keys(['example_task_group']) retrieved from /home/airflow/.local/lib/python3.8/site-packages/airflow/example_dags/example_task_group.py
[2023-12-10T18:07:26.908+0000] {logging_mixin.py:154} INFO - [2023-12-10T18:07:26.907+0000] {dag.py:2941} INFO - Sync 1 DAGs
[2023-12-10T18:07:26.941+0000] {logging_mixin.py:154} INFO - [2023-12-10T18:07:26.941+0000] {dag.py:3722} INFO - Setting next_dagrun for example_task_group to 2023-12-09T18:07:26.941153+00:00, run_after=2023-12-10T18:07:26.941153+00:00
[2023-12-10T18:07:26.992+0000] {processor.py:179} INFO - Processing /home/airflow/.local/lib/python3.8/site-packages/airflow/example_dags/example_task_group.py took 0.143 seconds
[2023-12-10T18:07:57.392+0000] {processor.py:157} INFO - Started process (PID=202) to work on /home/airflow/.local/lib/python3.8/site-packages/airflow/example_dags/example_task_group.py
[2023-12-10T18:07:57.393+0000] {processor.py:829} INFO - Processing file /home/airflow/.local/lib/python3.8/site-packages/airflow/example_dags/example_task_group.py for tasks to queue
[2023-12-10T18:07:57.397+0000] {logging_mixin.py:154} INFO - [2023-12-10T18:07:57.396+0000] {dagbag.py:536} INFO - Filling up the DagBag from /home/airflow/.local/lib/python3.8/site-packages/airflow/example_dags/example_task_group.py
[2023-12-10T18:07:57.406+0000] {processor.py:839} INFO - DAG(s) dict_keys(['example_task_group']) retrieved from /home/airflow/.local/lib/python3.8/site-packages/airflow/example_dags/example_task_group.py
[2023-12-10T18:07:57.433+0000] {logging_mixin.py:154} INFO - [2023-12-10T18:07:57.433+0000] {dag.py:2941} INFO - Sync 1 DAGs
[2023-12-10T18:07:57.457+0000] {logging_mixin.py:154} INFO - [2023-12-10T18:07:57.457+0000] {dag.py:3722} INFO - Setting next_dagrun for example_task_group to 2023-12-09T18:07:57.456961+00:00, run_after=2023-12-10T18:07:57.456961+00:00
[2023-12-10T18:07:57.480+0000] {processor.py:179} INFO - Processing /home/airflow/.local/lib/python3.8/site-packages/airflow/example_dags/example_task_group.py took 0.093 seconds
