[2023-12-10T18:06:28.654+0000] {processor.py:157} INFO - Started process (PID=55) to work on /home/airflow/.local/lib/python3.8/site-packages/airflow/example_dags/example_branch_python_dop_operator_3.py
[2023-12-10T18:06:28.659+0000] {processor.py:829} INFO - Processing file /home/airflow/.local/lib/python3.8/site-packages/airflow/example_dags/example_branch_python_dop_operator_3.py for tasks to queue
[2023-12-10T18:06:28.672+0000] {logging_mixin.py:154} INFO - [2023-12-10T18:06:28.671+0000] {dagbag.py:536} INFO - Filling up the DagBag from /home/airflow/.local/lib/python3.8/site-packages/airflow/example_dags/example_branch_python_dop_operator_3.py
[2023-12-10T18:06:28.686+0000] {processor.py:839} INFO - DAG(s) dict_keys(['example_branch_dop_operator_v3']) retrieved from /home/airflow/.local/lib/python3.8/site-packages/airflow/example_dags/example_branch_python_dop_operator_3.py
[2023-12-10T18:06:28.716+0000] {logging_mixin.py:154} INFO - [2023-12-10T18:06:28.716+0000] {dag.py:2941} INFO - Sync 1 DAGs
[2023-12-10T18:06:28.784+0000] {logging_mixin.py:154} INFO - [2023-12-10T18:06:28.784+0000] {dag.py:3722} INFO - Setting next_dagrun for example_branch_dop_operator_v3 to 2023-12-10T18:05:00+00:00, run_after=2023-12-10T18:06:00+00:00
[2023-12-10T18:06:28.821+0000] {processor.py:179} INFO - Processing /home/airflow/.local/lib/python3.8/site-packages/airflow/example_dags/example_branch_python_dop_operator_3.py took 0.182 seconds
[2023-12-10T18:06:59.690+0000] {processor.py:157} INFO - Started process (PID=110) to work on /home/airflow/.local/lib/python3.8/site-packages/airflow/example_dags/example_branch_python_dop_operator_3.py
[2023-12-10T18:06:59.691+0000] {processor.py:829} INFO - Processing file /home/airflow/.local/lib/python3.8/site-packages/airflow/example_dags/example_branch_python_dop_operator_3.py for tasks to queue
[2023-12-10T18:06:59.695+0000] {logging_mixin.py:154} INFO - [2023-12-10T18:06:59.694+0000] {dagbag.py:536} INFO - Filling up the DagBag from /home/airflow/.local/lib/python3.8/site-packages/airflow/example_dags/example_branch_python_dop_operator_3.py
[2023-12-10T18:06:59.707+0000] {processor.py:839} INFO - DAG(s) dict_keys(['example_branch_dop_operator_v3']) retrieved from /home/airflow/.local/lib/python3.8/site-packages/airflow/example_dags/example_branch_python_dop_operator_3.py
[2023-12-10T18:06:59.739+0000] {logging_mixin.py:154} INFO - [2023-12-10T18:06:59.739+0000] {dag.py:2941} INFO - Sync 1 DAGs
[2023-12-10T18:06:59.775+0000] {logging_mixin.py:154} INFO - [2023-12-10T18:06:59.774+0000] {dag.py:3722} INFO - Setting next_dagrun for example_branch_dop_operator_v3 to 2023-12-10T18:05:00+00:00, run_after=2023-12-10T18:06:00+00:00
[2023-12-10T18:06:59.801+0000] {processor.py:179} INFO - Processing /home/airflow/.local/lib/python3.8/site-packages/airflow/example_dags/example_branch_python_dop_operator_3.py took 0.118 seconds
[2023-12-10T18:07:30.596+0000] {processor.py:157} INFO - Started process (PID=165) to work on /home/airflow/.local/lib/python3.8/site-packages/airflow/example_dags/example_branch_python_dop_operator_3.py
[2023-12-10T18:07:30.598+0000] {processor.py:829} INFO - Processing file /home/airflow/.local/lib/python3.8/site-packages/airflow/example_dags/example_branch_python_dop_operator_3.py for tasks to queue
[2023-12-10T18:07:30.602+0000] {logging_mixin.py:154} INFO - [2023-12-10T18:07:30.601+0000] {dagbag.py:536} INFO - Filling up the DagBag from /home/airflow/.local/lib/python3.8/site-packages/airflow/example_dags/example_branch_python_dop_operator_3.py
[2023-12-10T18:07:30.613+0000] {processor.py:839} INFO - DAG(s) dict_keys(['example_branch_dop_operator_v3']) retrieved from /home/airflow/.local/lib/python3.8/site-packages/airflow/example_dags/example_branch_python_dop_operator_3.py
[2023-12-10T18:07:30.637+0000] {logging_mixin.py:154} INFO - [2023-12-10T18:07:30.637+0000] {dag.py:2941} INFO - Sync 1 DAGs
[2023-12-10T18:07:30.669+0000] {logging_mixin.py:154} INFO - [2023-12-10T18:07:30.668+0000] {dag.py:3722} INFO - Setting next_dagrun for example_branch_dop_operator_v3 to 2023-12-10T18:06:00+00:00, run_after=2023-12-10T18:07:00+00:00
[2023-12-10T18:07:30.699+0000] {processor.py:179} INFO - Processing /home/airflow/.local/lib/python3.8/site-packages/airflow/example_dags/example_branch_python_dop_operator_3.py took 0.107 seconds
[2023-12-10T18:08:00.959+0000] {processor.py:157} INFO - Started process (PID=220) to work on /home/airflow/.local/lib/python3.8/site-packages/airflow/example_dags/example_branch_python_dop_operator_3.py
[2023-12-10T18:08:00.960+0000] {processor.py:829} INFO - Processing file /home/airflow/.local/lib/python3.8/site-packages/airflow/example_dags/example_branch_python_dop_operator_3.py for tasks to queue
[2023-12-10T18:08:00.963+0000] {logging_mixin.py:154} INFO - [2023-12-10T18:08:00.963+0000] {dagbag.py:536} INFO - Filling up the DagBag from /home/airflow/.local/lib/python3.8/site-packages/airflow/example_dags/example_branch_python_dop_operator_3.py
[2023-12-10T18:08:00.974+0000] {processor.py:839} INFO - DAG(s) dict_keys(['example_branch_dop_operator_v3']) retrieved from /home/airflow/.local/lib/python3.8/site-packages/airflow/example_dags/example_branch_python_dop_operator_3.py
[2023-12-10T18:08:00.998+0000] {logging_mixin.py:154} INFO - [2023-12-10T18:08:00.998+0000] {dag.py:2941} INFO - Sync 1 DAGs
[2023-12-10T18:08:01.027+0000] {logging_mixin.py:154} INFO - [2023-12-10T18:08:01.027+0000] {dag.py:3722} INFO - Setting next_dagrun for example_branch_dop_operator_v3 to 2023-12-10T18:07:00+00:00, run_after=2023-12-10T18:08:00+00:00
[2023-12-10T18:08:01.051+0000] {processor.py:179} INFO - Processing /home/airflow/.local/lib/python3.8/site-packages/airflow/example_dags/example_branch_python_dop_operator_3.py took 0.096 seconds
