[2023-12-10T18:06:27.965+0000] {processor.py:157} INFO - Started process (PID=52) to work on /home/airflow/.local/lib/python3.8/site-packages/airflow/example_dags/example_xcom.py
[2023-12-10T18:06:27.969+0000] {processor.py:829} INFO - Processing file /home/airflow/.local/lib/python3.8/site-packages/airflow/example_dags/example_xcom.py for tasks to queue
[2023-12-10T18:06:27.977+0000] {logging_mixin.py:154} INFO - [2023-12-10T18:06:27.976+0000] {dagbag.py:536} INFO - Filling up the DagBag from /home/airflow/.local/lib/python3.8/site-packages/airflow/example_dags/example_xcom.py
[2023-12-10T18:06:28.010+0000] {processor.py:839} INFO - DAG(s) dict_keys(['example_xcom']) retrieved from /home/airflow/.local/lib/python3.8/site-packages/airflow/example_dags/example_xcom.py
[2023-12-10T18:06:28.116+0000] {logging_mixin.py:154} INFO - [2023-12-10T18:06:28.115+0000] {dag.py:2941} INFO - Sync 1 DAGs
[2023-12-10T18:06:28.206+0000] {logging_mixin.py:154} INFO - [2023-12-10T18:06:28.205+0000] {dag.py:3722} INFO - Setting next_dagrun for example_xcom to 2021-01-01T00:00:00+00:00, run_after=2021-01-01T00:00:00+00:00
[2023-12-10T18:06:28.252+0000] {processor.py:179} INFO - Processing /home/airflow/.local/lib/python3.8/site-packages/airflow/example_dags/example_xcom.py took 0.298 seconds
[2023-12-10T18:06:58.418+0000] {processor.py:157} INFO - Started process (PID=107) to work on /home/airflow/.local/lib/python3.8/site-packages/airflow/example_dags/example_xcom.py
[2023-12-10T18:06:58.421+0000] {processor.py:829} INFO - Processing file /home/airflow/.local/lib/python3.8/site-packages/airflow/example_dags/example_xcom.py for tasks to queue
[2023-12-10T18:06:58.424+0000] {logging_mixin.py:154} INFO - [2023-12-10T18:06:58.424+0000] {dagbag.py:536} INFO - Filling up the DagBag from /home/airflow/.local/lib/python3.8/site-packages/airflow/example_dags/example_xcom.py
[2023-12-10T18:06:58.436+0000] {processor.py:839} INFO - DAG(s) dict_keys(['example_xcom']) retrieved from /home/airflow/.local/lib/python3.8/site-packages/airflow/example_dags/example_xcom.py
[2023-12-10T18:06:58.464+0000] {logging_mixin.py:154} INFO - [2023-12-10T18:06:58.464+0000] {dag.py:2941} INFO - Sync 1 DAGs
[2023-12-10T18:06:58.494+0000] {logging_mixin.py:154} INFO - [2023-12-10T18:06:58.494+0000] {dag.py:3722} INFO - Setting next_dagrun for example_xcom to 2021-01-01T00:00:00+00:00, run_after=2021-01-01T00:00:00+00:00
[2023-12-10T18:06:58.525+0000] {processor.py:179} INFO - Processing /home/airflow/.local/lib/python3.8/site-packages/airflow/example_dags/example_xcom.py took 0.112 seconds
[2023-12-10T18:07:29.289+0000] {processor.py:157} INFO - Started process (PID=162) to work on /home/airflow/.local/lib/python3.8/site-packages/airflow/example_dags/example_xcom.py
[2023-12-10T18:07:29.290+0000] {processor.py:829} INFO - Processing file /home/airflow/.local/lib/python3.8/site-packages/airflow/example_dags/example_xcom.py for tasks to queue
[2023-12-10T18:07:29.293+0000] {logging_mixin.py:154} INFO - [2023-12-10T18:07:29.292+0000] {dagbag.py:536} INFO - Filling up the DagBag from /home/airflow/.local/lib/python3.8/site-packages/airflow/example_dags/example_xcom.py
[2023-12-10T18:07:29.302+0000] {processor.py:839} INFO - DAG(s) dict_keys(['example_xcom']) retrieved from /home/airflow/.local/lib/python3.8/site-packages/airflow/example_dags/example_xcom.py
[2023-12-10T18:07:29.328+0000] {logging_mixin.py:154} INFO - [2023-12-10T18:07:29.328+0000] {dag.py:2941} INFO - Sync 1 DAGs
[2023-12-10T18:07:29.353+0000] {logging_mixin.py:154} INFO - [2023-12-10T18:07:29.353+0000] {dag.py:3722} INFO - Setting next_dagrun for example_xcom to 2021-01-01T00:00:00+00:00, run_after=2021-01-01T00:00:00+00:00
[2023-12-10T18:07:29.375+0000] {processor.py:179} INFO - Processing /home/airflow/.local/lib/python3.8/site-packages/airflow/example_dags/example_xcom.py took 0.090 seconds
[2023-12-10T18:07:59.723+0000] {processor.py:157} INFO - Started process (PID=217) to work on /home/airflow/.local/lib/python3.8/site-packages/airflow/example_dags/example_xcom.py
[2023-12-10T18:07:59.725+0000] {processor.py:829} INFO - Processing file /home/airflow/.local/lib/python3.8/site-packages/airflow/example_dags/example_xcom.py for tasks to queue
[2023-12-10T18:07:59.729+0000] {logging_mixin.py:154} INFO - [2023-12-10T18:07:59.729+0000] {dagbag.py:536} INFO - Filling up the DagBag from /home/airflow/.local/lib/python3.8/site-packages/airflow/example_dags/example_xcom.py
[2023-12-10T18:07:59.738+0000] {processor.py:839} INFO - DAG(s) dict_keys(['example_xcom']) retrieved from /home/airflow/.local/lib/python3.8/site-packages/airflow/example_dags/example_xcom.py
[2023-12-10T18:07:59.766+0000] {logging_mixin.py:154} INFO - [2023-12-10T18:07:59.766+0000] {dag.py:2941} INFO - Sync 1 DAGs
[2023-12-10T18:07:59.793+0000] {logging_mixin.py:154} INFO - [2023-12-10T18:07:59.793+0000] {dag.py:3722} INFO - Setting next_dagrun for example_xcom to 2021-01-01T00:00:00+00:00, run_after=2021-01-01T00:00:00+00:00
[2023-12-10T18:07:59.816+0000] {processor.py:179} INFO - Processing /home/airflow/.local/lib/python3.8/site-packages/airflow/example_dags/example_xcom.py took 0.098 seconds
