[2023-12-10T18:06:29.112+0000] {processor.py:157} INFO - Started process (PID=59) to work on /home/airflow/.local/lib/python3.8/site-packages/airflow/example_dags/tutorial_dag.py
[2023-12-10T18:06:29.116+0000] {processor.py:829} INFO - Processing file /home/airflow/.local/lib/python3.8/site-packages/airflow/example_dags/tutorial_dag.py for tasks to queue
[2023-12-10T18:06:29.150+0000] {logging_mixin.py:154} INFO - [2023-12-10T18:06:29.148+0000] {dagbag.py:536} INFO - Filling up the DagBag from /home/airflow/.local/lib/python3.8/site-packages/airflow/example_dags/tutorial_dag.py
[2023-12-10T18:06:29.197+0000] {processor.py:839} INFO - DAG(s) dict_keys(['tutorial_dag']) retrieved from /home/airflow/.local/lib/python3.8/site-packages/airflow/example_dags/tutorial_dag.py
[2023-12-10T18:06:29.253+0000] {logging_mixin.py:154} INFO - [2023-12-10T18:06:29.253+0000] {dag.py:2941} INFO - Sync 1 DAGs
[2023-12-10T18:06:29.299+0000] {logging_mixin.py:154} INFO - [2023-12-10T18:06:29.298+0000] {dag.py:3722} INFO - Setting next_dagrun for tutorial_dag to None, run_after=None
[2023-12-10T18:06:29.344+0000] {processor.py:179} INFO - Processing /home/airflow/.local/lib/python3.8/site-packages/airflow/example_dags/tutorial_dag.py took 0.239 seconds
[2023-12-10T18:07:00.043+0000] {processor.py:157} INFO - Started process (PID=114) to work on /home/airflow/.local/lib/python3.8/site-packages/airflow/example_dags/tutorial_dag.py
[2023-12-10T18:07:00.046+0000] {processor.py:829} INFO - Processing file /home/airflow/.local/lib/python3.8/site-packages/airflow/example_dags/tutorial_dag.py for tasks to queue
[2023-12-10T18:07:00.052+0000] {logging_mixin.py:154} INFO - [2023-12-10T18:07:00.050+0000] {dagbag.py:536} INFO - Filling up the DagBag from /home/airflow/.local/lib/python3.8/site-packages/airflow/example_dags/tutorial_dag.py
[2023-12-10T18:07:00.063+0000] {processor.py:839} INFO - DAG(s) dict_keys(['tutorial_dag']) retrieved from /home/airflow/.local/lib/python3.8/site-packages/airflow/example_dags/tutorial_dag.py
[2023-12-10T18:07:00.096+0000] {logging_mixin.py:154} INFO - [2023-12-10T18:07:00.096+0000] {dag.py:2941} INFO - Sync 1 DAGs
[2023-12-10T18:07:00.112+0000] {logging_mixin.py:154} INFO - [2023-12-10T18:07:00.112+0000] {dag.py:3722} INFO - Setting next_dagrun for tutorial_dag to None, run_after=None
[2023-12-10T18:07:00.145+0000] {processor.py:179} INFO - Processing /home/airflow/.local/lib/python3.8/site-packages/airflow/example_dags/tutorial_dag.py took 0.108 seconds
[2023-12-10T18:07:30.841+0000] {processor.py:157} INFO - Started process (PID=169) to work on /home/airflow/.local/lib/python3.8/site-packages/airflow/example_dags/tutorial_dag.py
[2023-12-10T18:07:30.843+0000] {processor.py:829} INFO - Processing file /home/airflow/.local/lib/python3.8/site-packages/airflow/example_dags/tutorial_dag.py for tasks to queue
[2023-12-10T18:07:30.845+0000] {logging_mixin.py:154} INFO - [2023-12-10T18:07:30.845+0000] {dagbag.py:536} INFO - Filling up the DagBag from /home/airflow/.local/lib/python3.8/site-packages/airflow/example_dags/tutorial_dag.py
[2023-12-10T18:07:30.852+0000] {processor.py:839} INFO - DAG(s) dict_keys(['tutorial_dag']) retrieved from /home/airflow/.local/lib/python3.8/site-packages/airflow/example_dags/tutorial_dag.py
[2023-12-10T18:07:30.877+0000] {logging_mixin.py:154} INFO - [2023-12-10T18:07:30.877+0000] {dag.py:2941} INFO - Sync 1 DAGs
[2023-12-10T18:07:30.892+0000] {logging_mixin.py:154} INFO - [2023-12-10T18:07:30.892+0000] {dag.py:3722} INFO - Setting next_dagrun for tutorial_dag to None, run_after=None
[2023-12-10T18:07:30.957+0000] {processor.py:179} INFO - Processing /home/airflow/.local/lib/python3.8/site-packages/airflow/example_dags/tutorial_dag.py took 0.119 seconds
[2023-12-10T18:08:01.190+0000] {processor.py:157} INFO - Started process (PID=224) to work on /home/airflow/.local/lib/python3.8/site-packages/airflow/example_dags/tutorial_dag.py
[2023-12-10T18:08:01.191+0000] {processor.py:829} INFO - Processing file /home/airflow/.local/lib/python3.8/site-packages/airflow/example_dags/tutorial_dag.py for tasks to queue
[2023-12-10T18:08:01.194+0000] {logging_mixin.py:154} INFO - [2023-12-10T18:08:01.194+0000] {dagbag.py:536} INFO - Filling up the DagBag from /home/airflow/.local/lib/python3.8/site-packages/airflow/example_dags/tutorial_dag.py
[2023-12-10T18:08:01.201+0000] {processor.py:839} INFO - DAG(s) dict_keys(['tutorial_dag']) retrieved from /home/airflow/.local/lib/python3.8/site-packages/airflow/example_dags/tutorial_dag.py
[2023-12-10T18:08:01.228+0000] {logging_mixin.py:154} INFO - [2023-12-10T18:08:01.228+0000] {dag.py:2941} INFO - Sync 1 DAGs
[2023-12-10T18:08:01.242+0000] {logging_mixin.py:154} INFO - [2023-12-10T18:08:01.241+0000] {dag.py:3722} INFO - Setting next_dagrun for tutorial_dag to None, run_after=None
[2023-12-10T18:08:01.265+0000] {processor.py:179} INFO - Processing /home/airflow/.local/lib/python3.8/site-packages/airflow/example_dags/tutorial_dag.py took 0.079 seconds
