[2023-12-10T18:06:24.963+0000] {processor.py:157} INFO - Started process (PID=31) to work on /home/airflow/.local/lib/python3.8/site-packages/airflow/example_dags/tutorial.py
[2023-12-10T18:06:24.966+0000] {processor.py:829} INFO - Processing file /home/airflow/.local/lib/python3.8/site-packages/airflow/example_dags/tutorial.py for tasks to queue
[2023-12-10T18:06:24.972+0000] {logging_mixin.py:154} INFO - [2023-12-10T18:06:24.972+0000] {dagbag.py:536} INFO - Filling up the DagBag from /home/airflow/.local/lib/python3.8/site-packages/airflow/example_dags/tutorial.py
[2023-12-10T18:06:25.009+0000] {processor.py:839} INFO - DAG(s) dict_keys(['tutorial']) retrieved from /home/airflow/.local/lib/python3.8/site-packages/airflow/example_dags/tutorial.py
[2023-12-10T18:06:25.127+0000] {logging_mixin.py:154} INFO - [2023-12-10T18:06:25.127+0000] {dag.py:2941} INFO - Sync 1 DAGs
[2023-12-10T18:06:25.174+0000] {logging_mixin.py:154} INFO - [2023-12-10T18:06:25.173+0000] {dag.py:3722} INFO - Setting next_dagrun for tutorial to 2023-12-09T18:06:25.173611+00:00, run_after=2023-12-10T18:06:25.173611+00:00
[2023-12-10T18:06:25.196+0000] {processor.py:179} INFO - Processing /home/airflow/.local/lib/python3.8/site-packages/airflow/example_dags/tutorial.py took 0.245 seconds
[2023-12-10T18:06:55.486+0000] {processor.py:157} INFO - Started process (PID=86) to work on /home/airflow/.local/lib/python3.8/site-packages/airflow/example_dags/tutorial.py
[2023-12-10T18:06:55.489+0000] {processor.py:829} INFO - Processing file /home/airflow/.local/lib/python3.8/site-packages/airflow/example_dags/tutorial.py for tasks to queue
[2023-12-10T18:06:55.522+0000] {logging_mixin.py:154} INFO - [2023-12-10T18:06:55.521+0000] {dagbag.py:536} INFO - Filling up the DagBag from /home/airflow/.local/lib/python3.8/site-packages/airflow/example_dags/tutorial.py
[2023-12-10T18:06:55.540+0000] {processor.py:839} INFO - DAG(s) dict_keys(['tutorial']) retrieved from /home/airflow/.local/lib/python3.8/site-packages/airflow/example_dags/tutorial.py
[2023-12-10T18:06:55.588+0000] {logging_mixin.py:154} INFO - [2023-12-10T18:06:55.587+0000] {dag.py:2941} INFO - Sync 1 DAGs
[2023-12-10T18:06:55.626+0000] {logging_mixin.py:154} INFO - [2023-12-10T18:06:55.625+0000] {dag.py:3722} INFO - Setting next_dagrun for tutorial to 2023-12-09T18:06:55.625425+00:00, run_after=2023-12-10T18:06:55.625425+00:00
[2023-12-10T18:06:55.652+0000] {processor.py:179} INFO - Processing /home/airflow/.local/lib/python3.8/site-packages/airflow/example_dags/tutorial.py took 0.173 seconds
[2023-12-10T18:07:25.830+0000] {processor.py:157} INFO - Started process (PID=141) to work on /home/airflow/.local/lib/python3.8/site-packages/airflow/example_dags/tutorial.py
[2023-12-10T18:07:25.832+0000] {processor.py:829} INFO - Processing file /home/airflow/.local/lib/python3.8/site-packages/airflow/example_dags/tutorial.py for tasks to queue
[2023-12-10T18:07:25.836+0000] {logging_mixin.py:154} INFO - [2023-12-10T18:07:25.836+0000] {dagbag.py:536} INFO - Filling up the DagBag from /home/airflow/.local/lib/python3.8/site-packages/airflow/example_dags/tutorial.py
[2023-12-10T18:07:25.843+0000] {processor.py:839} INFO - DAG(s) dict_keys(['tutorial']) retrieved from /home/airflow/.local/lib/python3.8/site-packages/airflow/example_dags/tutorial.py
[2023-12-10T18:07:25.869+0000] {logging_mixin.py:154} INFO - [2023-12-10T18:07:25.869+0000] {dag.py:2941} INFO - Sync 1 DAGs
[2023-12-10T18:07:25.906+0000] {logging_mixin.py:154} INFO - [2023-12-10T18:07:25.906+0000] {dag.py:3722} INFO - Setting next_dagrun for tutorial to 2023-12-09T18:07:25.905903+00:00, run_after=2023-12-10T18:07:25.905903+00:00
[2023-12-10T18:07:25.934+0000] {processor.py:179} INFO - Processing /home/airflow/.local/lib/python3.8/site-packages/airflow/example_dags/tutorial.py took 0.107 seconds
[2023-12-10T18:07:56.037+0000] {processor.py:157} INFO - Started process (PID=196) to work on /home/airflow/.local/lib/python3.8/site-packages/airflow/example_dags/tutorial.py
[2023-12-10T18:07:56.038+0000] {processor.py:829} INFO - Processing file /home/airflow/.local/lib/python3.8/site-packages/airflow/example_dags/tutorial.py for tasks to queue
[2023-12-10T18:07:56.042+0000] {logging_mixin.py:154} INFO - [2023-12-10T18:07:56.041+0000] {dagbag.py:536} INFO - Filling up the DagBag from /home/airflow/.local/lib/python3.8/site-packages/airflow/example_dags/tutorial.py
[2023-12-10T18:07:56.047+0000] {processor.py:839} INFO - DAG(s) dict_keys(['tutorial']) retrieved from /home/airflow/.local/lib/python3.8/site-packages/airflow/example_dags/tutorial.py
[2023-12-10T18:07:56.072+0000] {logging_mixin.py:154} INFO - [2023-12-10T18:07:56.072+0000] {dag.py:2941} INFO - Sync 1 DAGs
[2023-12-10T18:07:56.096+0000] {logging_mixin.py:154} INFO - [2023-12-10T18:07:56.096+0000] {dag.py:3722} INFO - Setting next_dagrun for tutorial to 2023-12-09T18:07:56.096337+00:00, run_after=2023-12-10T18:07:56.096337+00:00
[2023-12-10T18:07:56.122+0000] {processor.py:179} INFO - Processing /home/airflow/.local/lib/python3.8/site-packages/airflow/example_dags/tutorial.py took 0.088 seconds
