[2023-12-10T18:06:28.891+0000] {processor.py:157} INFO - Started process (PID=57) to work on /home/airflow/.local/lib/python3.8/site-packages/airflow/example_dags/tutorial_taskflow_api.py
[2023-12-10T18:06:28.894+0000] {processor.py:829} INFO - Processing file /home/airflow/.local/lib/python3.8/site-packages/airflow/example_dags/tutorial_taskflow_api.py for tasks to queue
[2023-12-10T18:06:28.910+0000] {logging_mixin.py:154} INFO - [2023-12-10T18:06:28.909+0000] {dagbag.py:536} INFO - Filling up the DagBag from /home/airflow/.local/lib/python3.8/site-packages/airflow/example_dags/tutorial_taskflow_api.py
[2023-12-10T18:06:28.936+0000] {processor.py:839} INFO - DAG(s) dict_keys(['tutorial_taskflow_api']) retrieved from /home/airflow/.local/lib/python3.8/site-packages/airflow/example_dags/tutorial_taskflow_api.py
[2023-12-10T18:06:28.957+0000] {logging_mixin.py:154} INFO - [2023-12-10T18:06:28.956+0000] {dag.py:2941} INFO - Sync 1 DAGs
[2023-12-10T18:06:28.991+0000] {logging_mixin.py:154} INFO - [2023-12-10T18:06:28.990+0000] {dag.py:3722} INFO - Setting next_dagrun for tutorial_taskflow_api to None, run_after=None
[2023-12-10T18:06:29.065+0000] {processor.py:179} INFO - Processing /home/airflow/.local/lib/python3.8/site-packages/airflow/example_dags/tutorial_taskflow_api.py took 0.196 seconds
[2023-12-10T18:06:59.843+0000] {processor.py:157} INFO - Started process (PID=112) to work on /home/airflow/.local/lib/python3.8/site-packages/airflow/example_dags/tutorial_taskflow_api.py
[2023-12-10T18:06:59.845+0000] {processor.py:829} INFO - Processing file /home/airflow/.local/lib/python3.8/site-packages/airflow/example_dags/tutorial_taskflow_api.py for tasks to queue
[2023-12-10T18:06:59.849+0000] {logging_mixin.py:154} INFO - [2023-12-10T18:06:59.849+0000] {dagbag.py:536} INFO - Filling up the DagBag from /home/airflow/.local/lib/python3.8/site-packages/airflow/example_dags/tutorial_taskflow_api.py
[2023-12-10T18:06:59.860+0000] {processor.py:839} INFO - DAG(s) dict_keys(['tutorial_taskflow_api']) retrieved from /home/airflow/.local/lib/python3.8/site-packages/airflow/example_dags/tutorial_taskflow_api.py
[2023-12-10T18:06:59.902+0000] {logging_mixin.py:154} INFO - [2023-12-10T18:06:59.902+0000] {dag.py:2941} INFO - Sync 1 DAGs
[2023-12-10T18:06:59.929+0000] {logging_mixin.py:154} INFO - [2023-12-10T18:06:59.928+0000] {dag.py:3722} INFO - Setting next_dagrun for tutorial_taskflow_api to None, run_after=None
[2023-12-10T18:06:59.963+0000] {processor.py:179} INFO - Processing /home/airflow/.local/lib/python3.8/site-packages/airflow/example_dags/tutorial_taskflow_api.py took 0.127 seconds
[2023-12-10T18:07:30.727+0000] {processor.py:157} INFO - Started process (PID=167) to work on /home/airflow/.local/lib/python3.8/site-packages/airflow/example_dags/tutorial_taskflow_api.py
[2023-12-10T18:07:30.728+0000] {processor.py:829} INFO - Processing file /home/airflow/.local/lib/python3.8/site-packages/airflow/example_dags/tutorial_taskflow_api.py for tasks to queue
[2023-12-10T18:07:30.732+0000] {logging_mixin.py:154} INFO - [2023-12-10T18:07:30.731+0000] {dagbag.py:536} INFO - Filling up the DagBag from /home/airflow/.local/lib/python3.8/site-packages/airflow/example_dags/tutorial_taskflow_api.py
[2023-12-10T18:07:30.740+0000] {processor.py:839} INFO - DAG(s) dict_keys(['tutorial_taskflow_api']) retrieved from /home/airflow/.local/lib/python3.8/site-packages/airflow/example_dags/tutorial_taskflow_api.py
[2023-12-10T18:07:30.765+0000] {logging_mixin.py:154} INFO - [2023-12-10T18:07:30.765+0000] {dag.py:2941} INFO - Sync 1 DAGs
[2023-12-10T18:07:30.781+0000] {logging_mixin.py:154} INFO - [2023-12-10T18:07:30.781+0000] {dag.py:3722} INFO - Setting next_dagrun for tutorial_taskflow_api to None, run_after=None
[2023-12-10T18:07:30.807+0000] {processor.py:179} INFO - Processing /home/airflow/.local/lib/python3.8/site-packages/airflow/example_dags/tutorial_taskflow_api.py took 0.085 seconds
[2023-12-10T18:08:01.089+0000] {processor.py:157} INFO - Started process (PID=222) to work on /home/airflow/.local/lib/python3.8/site-packages/airflow/example_dags/tutorial_taskflow_api.py
[2023-12-10T18:08:01.091+0000] {processor.py:829} INFO - Processing file /home/airflow/.local/lib/python3.8/site-packages/airflow/example_dags/tutorial_taskflow_api.py for tasks to queue
[2023-12-10T18:08:01.094+0000] {logging_mixin.py:154} INFO - [2023-12-10T18:08:01.094+0000] {dagbag.py:536} INFO - Filling up the DagBag from /home/airflow/.local/lib/python3.8/site-packages/airflow/example_dags/tutorial_taskflow_api.py
[2023-12-10T18:08:01.101+0000] {processor.py:839} INFO - DAG(s) dict_keys(['tutorial_taskflow_api']) retrieved from /home/airflow/.local/lib/python3.8/site-packages/airflow/example_dags/tutorial_taskflow_api.py
[2023-12-10T18:08:01.125+0000] {logging_mixin.py:154} INFO - [2023-12-10T18:08:01.124+0000] {dag.py:2941} INFO - Sync 1 DAGs
[2023-12-10T18:08:01.140+0000] {logging_mixin.py:154} INFO - [2023-12-10T18:08:01.140+0000] {dag.py:3722} INFO - Setting next_dagrun for tutorial_taskflow_api to None, run_after=None
[2023-12-10T18:08:01.164+0000] {processor.py:179} INFO - Processing /home/airflow/.local/lib/python3.8/site-packages/airflow/example_dags/tutorial_taskflow_api.py took 0.079 seconds
