[2023-12-10T18:06:24.749+0000] {manager.py:487} INFO - Processing files using up to 2 processes at a time 
[2023-12-10T18:06:24.751+0000] {manager.py:488} INFO - Process each file at most once every 30 seconds
[2023-12-10T18:06:24.752+0000] {manager.py:489} INFO - Checking for new files in /opt/airflow/dags every 300 seconds
[2023-12-10T18:06:24.753+0000] {manager.py:755} INFO - Searching for files in /opt/airflow/dags
[2023-12-10T18:06:24.771+0000] {manager.py:758} INFO - There are 47 files in /opt/airflow/dags
[2023-12-10T18:06:24.978+0000] {manager.py:887} INFO - 
================================================================================
DAG File Processing Stats

File Path                                                                                                                           PID  Runtime      # DAGs    # Errors  Last Runtime    Last Run
--------------------------------------------------------------------------------------------------------------------------------  -----  ---------  --------  ----------  --------------  ----------
/opt/airflow/dags/main_de_project_1_dag.py                                                                                           30  0.11s             0           0
/home/airflow/.local/lib/python3.8/site-packages/airflow/example_dags/tutorial.py                                                    31  0.08s             0           0
/home/airflow/.local/lib/python3.8/site-packages/airflow/example_dags/example_branch_day_of_week_operator.py                                               0           0
/home/airflow/.local/lib/python3.8/site-packages/airflow/example_dags/example_dag_decorator.py                                                             0           0
/home/airflow/.local/lib/python3.8/site-packages/airflow/example_dags/example_sensors.py                                                                   0           0
/home/airflow/.local/lib/python3.8/site-packages/airflow/example_dags/example_trigger_target_dag.py                                                        0           0
/home/airflow/.local/lib/python3.8/site-packages/airflow/example_dags/example_sensor_decorator.py                                                          0           0
/home/airflow/.local/lib/python3.8/site-packages/airflow/example_dags/example_task_group.py                                                                0           0
/home/airflow/.local/lib/python3.8/site-packages/airflow/example_dags/tutorial_taskflow_api_virtualenv.py                                                  0           0
/home/airflow/.local/lib/python3.8/site-packages/airflow/example_dags/example_python_operator.py                                                           0           0
/home/airflow/.local/lib/python3.8/site-packages/airflow/example_dags/example_params_ui_tutorial.py                                                        0           0
/home/airflow/.local/lib/python3.8/site-packages/airflow/example_dags/example_sla_dag.py                                                                   0           0
/home/airflow/.local/lib/python3.8/site-packages/airflow/example_dags/example_branch_labels.py                                                             0           0
/home/airflow/.local/lib/python3.8/site-packages/airflow/example_dags/example_short_circuit_operator.py                                                    0           0
/home/airflow/.local/lib/python3.8/site-packages/airflow/example_dags/example_xcomargs.py                                                                  0           0
/home/airflow/.local/lib/python3.8/site-packages/airflow/example_dags/example_short_circuit_decorator.py                                                   0           0
/home/airflow/.local/lib/python3.8/site-packages/airflow/example_dags/example_dynamic_task_mapping.py                                                      0           0
/home/airflow/.local/lib/python3.8/site-packages/airflow/example_dags/example_subdag_operator.py                                                           0           0
/home/airflow/.local/lib/python3.8/site-packages/airflow/example_dags/example_branch_operator_decorator.py                                                 0           0
/home/airflow/.local/lib/python3.8/site-packages/airflow/example_dags/example_bash_operator.py                                                             0           0
/home/airflow/.local/lib/python3.8/site-packages/airflow/example_dags/example_trigger_controller_dag.py                                                    0           0
/home/airflow/.local/lib/python3.8/site-packages/airflow/example_dags/example_complex.py                                                                   0           0
/home/airflow/.local/lib/python3.8/site-packages/airflow/example_dags/example_xcom.py                                                                      0           0
/home/airflow/.local/lib/python3.8/site-packages/airflow/example_dags/example_branch_operator.py                                                           0           0
/home/airflow/.local/lib/python3.8/site-packages/airflow/example_dags/example_branch_datetime_operator.py                                                  0           0
/home/airflow/.local/lib/python3.8/site-packages/airflow/example_dags/example_branch_python_dop_operator_3.py                                              0           0
/home/airflow/.local/lib/python3.8/site-packages/airflow/example_dags/example_task_group_decorator.py                                                      0           0
/home/airflow/.local/lib/python3.8/site-packages/airflow/example_dags/tutorial_taskflow_api.py                                                             0           0
/home/airflow/.local/lib/python3.8/site-packages/airflow/example_dags/example_latest_only_with_trigger.py                                                  0           0
/home/airflow/.local/lib/python3.8/site-packages/airflow/example_dags/tutorial_dag.py                                                                      0           0
/home/airflow/.local/lib/python3.8/site-packages/airflow/example_dags/example_kubernetes_executor.py                                                       0           0
/home/airflow/.local/lib/python3.8/site-packages/airflow/example_dags/example_setup_teardown_taskflow.py                                                   0           0
/home/airflow/.local/lib/python3.8/site-packages/airflow/example_dags/example_setup_teardown.py                                                            0           0
/home/airflow/.local/lib/python3.8/site-packages/airflow/example_dags/example_skip_dag.py                                                                  0           0
/home/airflow/.local/lib/python3.8/site-packages/airflow/example_dags/example_external_task_marker_dag.py                                                  0           0
/home/airflow/.local/lib/python3.8/site-packages/airflow/example_dags/example_passing_params_via_test_command.py                                           0           0
/home/airflow/.local/lib/python3.8/site-packages/airflow/example_dags/example_local_kubernetes_executor.py                                                 0           0
/home/airflow/.local/lib/python3.8/site-packages/airflow/example_dags/example_params_trigger_ui.py                                                         0           0
/home/airflow/.local/lib/python3.8/site-packages/airflow/example_dags/example_nested_branch_dag.py                                                         0           0
/home/airflow/.local/lib/python3.8/site-packages/airflow/example_dags/example_time_delta_sensor_async.py                                                   0           0
/home/airflow/.local/lib/python3.8/site-packages/airflow/example_dags/example_datasets.py                                                                  0           0
/home/airflow/.local/lib/python3.8/site-packages/airflow/example_dags/example_latest_only.py                                                               0           0
/home/airflow/.local/lib/python3.8/site-packages/airflow/example_dags/example_dynamic_task_mapping_with_no_taskflow_operators.py                           0           0
/home/airflow/.local/lib/python3.8/site-packages/airflow/example_dags/subdags/subdag.py                                                                    0           0
/home/airflow/.local/lib/python3.8/site-packages/airflow/example_dags/plugins/event_listener.py                                                            0           0
/home/airflow/.local/lib/python3.8/site-packages/airflow/example_dags/plugins/listener_plugin.py                                                           0           0
/home/airflow/.local/lib/python3.8/site-packages/airflow/example_dags/plugins/workday.py                                                                   0           0
================================================================================
[2023-12-10T18:06:55.487+0000] {manager.py:887} INFO - 
================================================================================
DAG File Processing Stats

File Path                                                                                                                           PID  Runtime      # DAGs    # Errors  Last Runtime    Last Run
--------------------------------------------------------------------------------------------------------------------------------  -----  ---------  --------  ----------  --------------  -------------------
/opt/airflow/dags/main_de_project_1_dag.py                                                                                           85  0.03s             0           1  0.27s           2023-12-10T18:06:25
/home/airflow/.local/lib/python3.8/site-packages/airflow/example_dags/subdags/subdag.py                                                                    0           0  0.17s           2023-12-10T18:06:30
/home/airflow/.local/lib/python3.8/site-packages/airflow/example_dags/plugins/event_listener.py                                                            0           0  0.22s           2023-12-10T18:06:31
/home/airflow/.local/lib/python3.8/site-packages/airflow/example_dags/plugins/listener_plugin.py                                                           0           0  0.13s           2023-12-10T18:06:31
/home/airflow/.local/lib/python3.8/site-packages/airflow/example_dags/plugins/workday.py                                                                   0           0  1.49s           2023-12-10T18:06:32
/home/airflow/.local/lib/python3.8/site-packages/airflow/example_dags/tutorial.py                                                    86  0.01s             1           0  0.32s           2023-12-10T18:06:25
/home/airflow/.local/lib/python3.8/site-packages/airflow/example_dags/example_branch_day_of_week_operator.py                                               1           0  0.15s           2023-12-10T18:06:25
/home/airflow/.local/lib/python3.8/site-packages/airflow/example_dags/example_dag_decorator.py                                                             1           0  0.35s           2023-12-10T18:06:25
/home/airflow/.local/lib/python3.8/site-packages/airflow/example_dags/example_sensors.py                                                                   1           0  0.11s           2023-12-10T18:06:25
/home/airflow/.local/lib/python3.8/site-packages/airflow/example_dags/example_trigger_target_dag.py                                                        1           0  0.16s           2023-12-10T18:06:25
/home/airflow/.local/lib/python3.8/site-packages/airflow/example_dags/example_sensor_decorator.py                                                          1           0  0.15s           2023-12-10T18:06:25
/home/airflow/.local/lib/python3.8/site-packages/airflow/example_dags/example_task_group.py                                                                1           0  0.14s           2023-12-10T18:06:25
/home/airflow/.local/lib/python3.8/site-packages/airflow/example_dags/tutorial_taskflow_api_virtualenv.py                                                  1           0  0.10s           2023-12-10T18:06:25
/home/airflow/.local/lib/python3.8/site-packages/airflow/example_dags/example_python_operator.py                                                           1           0  0.13s           2023-12-10T18:06:25
/home/airflow/.local/lib/python3.8/site-packages/airflow/example_dags/example_params_ui_tutorial.py                                                        1           0  0.17s           2023-12-10T18:06:26
/home/airflow/.local/lib/python3.8/site-packages/airflow/example_dags/example_sla_dag.py                                                                   1           0  0.19s           2023-12-10T18:06:26
/home/airflow/.local/lib/python3.8/site-packages/airflow/example_dags/example_branch_labels.py                                                             1           0  0.43s           2023-12-10T18:06:26
/home/airflow/.local/lib/python3.8/site-packages/airflow/example_dags/example_short_circuit_operator.py                                                    1           0  0.44s           2023-12-10T18:06:26
/home/airflow/.local/lib/python3.8/site-packages/airflow/example_dags/example_short_circuit_decorator.py                                                   1           0  0.27s           2023-12-10T18:06:26
/home/airflow/.local/lib/python3.8/site-packages/airflow/example_dags/example_dynamic_task_mapping.py                                                      1           0  0.31s           2023-12-10T18:06:27
/home/airflow/.local/lib/python3.8/site-packages/airflow/example_dags/example_branch_operator_decorator.py                                                 1           0  0.44s           2023-12-10T18:06:27
/home/airflow/.local/lib/python3.8/site-packages/airflow/example_dags/example_bash_operator.py                                                             1           0  0.41s           2023-12-10T18:06:27
/home/airflow/.local/lib/python3.8/site-packages/airflow/example_dags/example_trigger_controller_dag.py                                                    1           0  0.33s           2023-12-10T18:06:27
/home/airflow/.local/lib/python3.8/site-packages/airflow/example_dags/example_complex.py                                                                   1           0  0.40s           2023-12-10T18:06:28
/home/airflow/.local/lib/python3.8/site-packages/airflow/example_dags/example_xcom.py                                                                      1           0  0.34s           2023-12-10T18:06:28
/home/airflow/.local/lib/python3.8/site-packages/airflow/example_dags/example_branch_operator.py                                                           1           0  0.35s           2023-12-10T18:06:28
/home/airflow/.local/lib/python3.8/site-packages/airflow/example_dags/example_branch_python_dop_operator_3.py                                              1           0  0.23s           2023-12-10T18:06:28
/home/airflow/.local/lib/python3.8/site-packages/airflow/example_dags/example_task_group_decorator.py                                                      1           0  0.26s           2023-12-10T18:06:28
/home/airflow/.local/lib/python3.8/site-packages/airflow/example_dags/tutorial_taskflow_api.py                                                             1           0  0.24s           2023-12-10T18:06:29
/home/airflow/.local/lib/python3.8/site-packages/airflow/example_dags/example_latest_only_with_trigger.py                                                  1           0  0.33s           2023-12-10T18:06:29
/home/airflow/.local/lib/python3.8/site-packages/airflow/example_dags/tutorial_dag.py                                                                      1           0  0.27s           2023-12-10T18:06:29
/home/airflow/.local/lib/python3.8/site-packages/airflow/example_dags/example_kubernetes_executor.py                                                       1           0  0.17s           2023-12-10T18:06:29
/home/airflow/.local/lib/python3.8/site-packages/airflow/example_dags/example_setup_teardown_taskflow.py                                                   1           0  0.18s           2023-12-10T18:06:29
/home/airflow/.local/lib/python3.8/site-packages/airflow/example_dags/example_setup_teardown.py                                                            1           0  0.20s           2023-12-10T18:06:29
/home/airflow/.local/lib/python3.8/site-packages/airflow/example_dags/example_skip_dag.py                                                                  1           0  0.23s           2023-12-10T18:06:29
/home/airflow/.local/lib/python3.8/site-packages/airflow/example_dags/example_passing_params_via_test_command.py                                           1           0  0.26s           2023-12-10T18:06:30
/home/airflow/.local/lib/python3.8/site-packages/airflow/example_dags/example_local_kubernetes_executor.py                                                 1           0  0.19s           2023-12-10T18:06:30
/home/airflow/.local/lib/python3.8/site-packages/airflow/example_dags/example_params_trigger_ui.py                                                         1           0  0.26s           2023-12-10T18:06:30
/home/airflow/.local/lib/python3.8/site-packages/airflow/example_dags/example_nested_branch_dag.py                                                         1           0  0.24s           2023-12-10T18:06:30
/home/airflow/.local/lib/python3.8/site-packages/airflow/example_dags/example_time_delta_sensor_async.py                                                   1           0  0.21s           2023-12-10T18:06:30
/home/airflow/.local/lib/python3.8/site-packages/airflow/example_dags/example_latest_only.py                                                               1           0  0.22s           2023-12-10T18:06:30
/home/airflow/.local/lib/python3.8/site-packages/airflow/example_dags/example_dynamic_task_mapping_with_no_taskflow_operators.py                           1           0  0.25s           2023-12-10T18:06:30
/home/airflow/.local/lib/python3.8/site-packages/airflow/example_dags/example_xcomargs.py                                                                  2           0  0.31s           2023-12-10T18:06:26
/home/airflow/.local/lib/python3.8/site-packages/airflow/example_dags/example_external_task_marker_dag.py                                                  2           0  0.23s           2023-12-10T18:06:29
/home/airflow/.local/lib/python3.8/site-packages/airflow/example_dags/example_subdag_operator.py                                                           3           0  0.52s           2023-12-10T18:06:27
/home/airflow/.local/lib/python3.8/site-packages/airflow/example_dags/example_branch_datetime_operator.py                                                  3           0  0.34s           2023-12-10T18:06:28
/home/airflow/.local/lib/python3.8/site-packages/airflow/example_dags/example_datasets.py                                                                  6           0  0.35s           2023-12-10T18:06:30
================================================================================
[2023-12-10T18:07:25.640+0000] {manager.py:887} INFO - 
================================================================================
DAG File Processing Stats

File Path                                                                                                                           PID  Runtime      # DAGs    # Errors  Last Runtime    Last Run
--------------------------------------------------------------------------------------------------------------------------------  -----  ---------  --------  ----------  --------------  -------------------
/opt/airflow/dags/main_de_project_1_dag.py                                                                                          140  0.01s             0           1  0.13s           2023-12-10T18:06:55
/home/airflow/.local/lib/python3.8/site-packages/airflow/example_dags/subdags/subdag.py                                                                    0           0  0.06s           2023-12-10T18:07:01
/home/airflow/.local/lib/python3.8/site-packages/airflow/example_dags/plugins/event_listener.py                                                            0           0  0.16s           2023-12-10T18:07:01
/home/airflow/.local/lib/python3.8/site-packages/airflow/example_dags/plugins/listener_plugin.py                                                           0           0  0.08s           2023-12-10T18:07:01
/home/airflow/.local/lib/python3.8/site-packages/airflow/example_dags/plugins/workday.py                                                                   0           0  0.65s           2023-12-10T18:07:04
/home/airflow/.local/lib/python3.8/site-packages/airflow/example_dags/tutorial.py                                                                          1           0  0.19s           2023-12-10T18:06:55
/home/airflow/.local/lib/python3.8/site-packages/airflow/example_dags/example_branch_day_of_week_operator.py                                               1           0  0.14s           2023-12-10T18:06:55
/home/airflow/.local/lib/python3.8/site-packages/airflow/example_dags/example_dag_decorator.py                                                             1           0  0.58s           2023-12-10T18:06:56
/home/airflow/.local/lib/python3.8/site-packages/airflow/example_dags/example_sensors.py                                                                   1           0  0.16s           2023-12-10T18:06:55
/home/airflow/.local/lib/python3.8/site-packages/airflow/example_dags/example_trigger_target_dag.py                                                        1           0  0.22s           2023-12-10T18:06:56
/home/airflow/.local/lib/python3.8/site-packages/airflow/example_dags/example_sensor_decorator.py                                                          1           0  0.12s           2023-12-10T18:06:56
/home/airflow/.local/lib/python3.8/site-packages/airflow/example_dags/example_task_group.py                                                                1           0  0.27s           2023-12-10T18:06:56
/home/airflow/.local/lib/python3.8/site-packages/airflow/example_dags/tutorial_taskflow_api_virtualenv.py                                                  1           0  0.16s           2023-12-10T18:06:56
/home/airflow/.local/lib/python3.8/site-packages/airflow/example_dags/example_python_operator.py                                                           1           0  0.24s           2023-12-10T18:06:56
/home/airflow/.local/lib/python3.8/site-packages/airflow/example_dags/example_params_ui_tutorial.py                                                        1           0  0.18s           2023-12-10T18:06:56
/home/airflow/.local/lib/python3.8/site-packages/airflow/example_dags/example_sla_dag.py                                                                   1           0  0.13s           2023-12-10T18:06:56
/home/airflow/.local/lib/python3.8/site-packages/airflow/example_dags/example_branch_labels.py                                                             1           0  0.13s           2023-12-10T18:06:56
/home/airflow/.local/lib/python3.8/site-packages/airflow/example_dags/example_short_circuit_operator.py                                                    1           0  0.12s           2023-12-10T18:06:56
/home/airflow/.local/lib/python3.8/site-packages/airflow/example_dags/example_short_circuit_decorator.py                                                   1           0  0.13s           2023-12-10T18:06:57
/home/airflow/.local/lib/python3.8/site-packages/airflow/example_dags/example_dynamic_task_mapping.py                                                      1           0  0.12s           2023-12-10T18:06:58
/home/airflow/.local/lib/python3.8/site-packages/airflow/example_dags/example_branch_operator_decorator.py                                                 1           0  0.14s           2023-12-10T18:06:58
/home/airflow/.local/lib/python3.8/site-packages/airflow/example_dags/example_bash_operator.py                                                             1           0  0.15s           2023-12-10T18:06:58
/home/airflow/.local/lib/python3.8/site-packages/airflow/example_dags/example_trigger_controller_dag.py                                                    1           0  0.13s           2023-12-10T18:06:58
/home/airflow/.local/lib/python3.8/site-packages/airflow/example_dags/example_complex.py                                                                   1           0  0.13s           2023-12-10T18:06:58
/home/airflow/.local/lib/python3.8/site-packages/airflow/example_dags/example_xcom.py                                                                      1           0  0.13s           2023-12-10T18:06:58
/home/airflow/.local/lib/python3.8/site-packages/airflow/example_dags/example_branch_operator.py                                                           1           0  0.19s           2023-12-10T18:06:59
/home/airflow/.local/lib/python3.8/site-packages/airflow/example_dags/example_branch_python_dop_operator_3.py                                              1           0  0.14s           2023-12-10T18:06:59
/home/airflow/.local/lib/python3.8/site-packages/airflow/example_dags/example_task_group_decorator.py                                                      1           0  0.15s           2023-12-10T18:06:59
/home/airflow/.local/lib/python3.8/site-packages/airflow/example_dags/tutorial_taskflow_api.py                                                             1           0  0.16s           2023-12-10T18:06:59
/home/airflow/.local/lib/python3.8/site-packages/airflow/example_dags/example_latest_only_with_trigger.py                                                  1           0  0.19s           2023-12-10T18:07:00
/home/airflow/.local/lib/python3.8/site-packages/airflow/example_dags/tutorial_dag.py                                                                      1           0  0.17s           2023-12-10T18:07:00
/home/airflow/.local/lib/python3.8/site-packages/airflow/example_dags/example_kubernetes_executor.py                                                       1           0  0.15s           2023-12-10T18:07:00
/home/airflow/.local/lib/python3.8/site-packages/airflow/example_dags/example_setup_teardown_taskflow.py                                                   1           0  0.13s           2023-12-10T18:07:00
/home/airflow/.local/lib/python3.8/site-packages/airflow/example_dags/example_setup_teardown.py                                                            1           0  0.16s           2023-12-10T18:07:00
/home/airflow/.local/lib/python3.8/site-packages/airflow/example_dags/example_skip_dag.py                                                                  1           0  0.21s           2023-12-10T18:07:00
/home/airflow/.local/lib/python3.8/site-packages/airflow/example_dags/example_passing_params_via_test_command.py                                           1           0  0.17s           2023-12-10T18:07:00
/home/airflow/.local/lib/python3.8/site-packages/airflow/example_dags/example_local_kubernetes_executor.py                                                 1           0  0.19s           2023-12-10T18:07:00
/home/airflow/.local/lib/python3.8/site-packages/airflow/example_dags/example_params_trigger_ui.py                                                         1           0  0.18s           2023-12-10T18:07:00
/home/airflow/.local/lib/python3.8/site-packages/airflow/example_dags/example_nested_branch_dag.py                                                         1           0  0.14s           2023-12-10T18:07:00
/home/airflow/.local/lib/python3.8/site-packages/airflow/example_dags/example_time_delta_sensor_async.py                                                   1           0  0.11s           2023-12-10T18:07:00
/home/airflow/.local/lib/python3.8/site-packages/airflow/example_dags/example_latest_only.py                                                               1           0  0.18s           2023-12-10T18:07:01
/home/airflow/.local/lib/python3.8/site-packages/airflow/example_dags/example_dynamic_task_mapping_with_no_taskflow_operators.py                           1           0  0.22s           2023-12-10T18:07:01
/home/airflow/.local/lib/python3.8/site-packages/airflow/example_dags/example_xcomargs.py                                                                  2           0  0.12s           2023-12-10T18:06:56
/home/airflow/.local/lib/python3.8/site-packages/airflow/example_dags/example_external_task_marker_dag.py                                                  2           0  0.15s           2023-12-10T18:07:00
/home/airflow/.local/lib/python3.8/site-packages/airflow/example_dags/example_subdag_operator.py                                                           3           0  0.16s           2023-12-10T18:06:58
/home/airflow/.local/lib/python3.8/site-packages/airflow/example_dags/example_branch_datetime_operator.py                                                  3           0  0.21s           2023-12-10T18:06:59
/home/airflow/.local/lib/python3.8/site-packages/airflow/example_dags/example_datasets.py                                                                  6           0  0.21s           2023-12-10T18:07:01
================================================================================
[2023-12-10T18:07:55.958+0000] {manager.py:887} INFO - 
================================================================================
DAG File Processing Stats

File Path                                                                                                                           PID  Runtime      # DAGs    # Errors  Last Runtime    Last Run
--------------------------------------------------------------------------------------------------------------------------------  -----  ---------  --------  ----------  --------------  -------------------
/opt/airflow/dags/main_de_project_1_dag.py                                                                                          195  0.01s             0           1  0.19s           2023-12-10T18:07:25
/home/airflow/.local/lib/python3.8/site-packages/airflow/example_dags/subdags/subdag.py                                                                    0           0  0.09s           2023-12-10T18:07:32
/home/airflow/.local/lib/python3.8/site-packages/airflow/example_dags/plugins/event_listener.py                                                            0           0  0.09s           2023-12-10T18:07:32
/home/airflow/.local/lib/python3.8/site-packages/airflow/example_dags/plugins/listener_plugin.py                                                           0           0  0.09s           2023-12-10T18:07:32
/home/airflow/.local/lib/python3.8/site-packages/airflow/example_dags/plugins/workday.py                                                                   0           0  0.56s           2023-12-10T18:07:34
/home/airflow/.local/lib/python3.8/site-packages/airflow/example_dags/tutorial.py                                                                          1           0  0.12s           2023-12-10T18:07:25
/home/airflow/.local/lib/python3.8/site-packages/airflow/example_dags/example_branch_day_of_week_operator.py                                               1           0  0.13s           2023-12-10T18:07:25
/home/airflow/.local/lib/python3.8/site-packages/airflow/example_dags/example_dag_decorator.py                                                             1           0  0.42s           2023-12-10T18:07:26
/home/airflow/.local/lib/python3.8/site-packages/airflow/example_dags/example_sensors.py                                                                   1           0  0.12s           2023-12-10T18:07:26
/home/airflow/.local/lib/python3.8/site-packages/airflow/example_dags/example_trigger_target_dag.py                                                        1           0  0.15s           2023-12-10T18:07:26
/home/airflow/.local/lib/python3.8/site-packages/airflow/example_dags/example_sensor_decorator.py                                                          1           0  0.10s           2023-12-10T18:07:26
/home/airflow/.local/lib/python3.8/site-packages/airflow/example_dags/example_task_group.py                                                                1           0  0.24s           2023-12-10T18:07:27
/home/airflow/.local/lib/python3.8/site-packages/airflow/example_dags/tutorial_taskflow_api_virtualenv.py                                                  1           0  0.20s           2023-12-10T18:07:26
/home/airflow/.local/lib/python3.8/site-packages/airflow/example_dags/example_python_operator.py                                                           1           0  0.23s           2023-12-10T18:07:27
/home/airflow/.local/lib/python3.8/site-packages/airflow/example_dags/example_params_ui_tutorial.py                                                        1           0  0.47s           2023-12-10T18:07:27
/home/airflow/.local/lib/python3.8/site-packages/airflow/example_dags/example_sla_dag.py                                                                   1           0  0.21s           2023-12-10T18:07:27
/home/airflow/.local/lib/python3.8/site-packages/airflow/example_dags/example_branch_labels.py                                                             1           0  0.18s           2023-12-10T18:07:27
/home/airflow/.local/lib/python3.8/site-packages/airflow/example_dags/example_short_circuit_operator.py                                                    1           0  0.19s           2023-12-10T18:07:27
/home/airflow/.local/lib/python3.8/site-packages/airflow/example_dags/example_short_circuit_decorator.py                                                   1           0  0.13s           2023-12-10T18:07:27
/home/airflow/.local/lib/python3.8/site-packages/airflow/example_dags/example_dynamic_task_mapping.py                                                      1           0  0.12s           2023-12-10T18:07:28
/home/airflow/.local/lib/python3.8/site-packages/airflow/example_dags/example_branch_operator_decorator.py                                                 1           0  0.18s           2023-12-10T18:07:29
/home/airflow/.local/lib/python3.8/site-packages/airflow/example_dags/example_bash_operator.py                                                             1           0  0.15s           2023-12-10T18:07:29
/home/airflow/.local/lib/python3.8/site-packages/airflow/example_dags/example_trigger_controller_dag.py                                                    1           0  0.15s           2023-12-10T18:07:29
/home/airflow/.local/lib/python3.8/site-packages/airflow/example_dags/example_complex.py                                                                   1           0  0.17s           2023-12-10T18:07:29
/home/airflow/.local/lib/python3.8/site-packages/airflow/example_dags/example_xcom.py                                                                      1           0  0.11s           2023-12-10T18:07:29
/home/airflow/.local/lib/python3.8/site-packages/airflow/example_dags/example_branch_operator.py                                                           1           0  0.18s           2023-12-10T18:07:30
/home/airflow/.local/lib/python3.8/site-packages/airflow/example_dags/example_branch_python_dop_operator_3.py                                              1           0  0.16s           2023-12-10T18:07:30
/home/airflow/.local/lib/python3.8/site-packages/airflow/example_dags/example_task_group_decorator.py                                                      1           0  0.13s           2023-12-10T18:07:30
/home/airflow/.local/lib/python3.8/site-packages/airflow/example_dags/tutorial_taskflow_api.py                                                             1           0  0.10s           2023-12-10T18:07:30
/home/airflow/.local/lib/python3.8/site-packages/airflow/example_dags/example_latest_only_with_trigger.py                                                  1           0  0.13s           2023-12-10T18:07:30
/home/airflow/.local/lib/python3.8/site-packages/airflow/example_dags/tutorial_dag.py                                                                      1           0  0.14s           2023-12-10T18:07:30
/home/airflow/.local/lib/python3.8/site-packages/airflow/example_dags/example_kubernetes_executor.py                                                       1           0  0.18s           2023-12-10T18:07:31
/home/airflow/.local/lib/python3.8/site-packages/airflow/example_dags/example_setup_teardown_taskflow.py                                                   1           0  0.12s           2023-12-10T18:07:31
/home/airflow/.local/lib/python3.8/site-packages/airflow/example_dags/example_setup_teardown.py                                                            1           0  0.12s           2023-12-10T18:07:31
/home/airflow/.local/lib/python3.8/site-packages/airflow/example_dags/example_skip_dag.py                                                                  1           0  0.12s           2023-12-10T18:07:31
/home/airflow/.local/lib/python3.8/site-packages/airflow/example_dags/example_passing_params_via_test_command.py                                           1           0  0.19s           2023-12-10T18:07:31
/home/airflow/.local/lib/python3.8/site-packages/airflow/example_dags/example_local_kubernetes_executor.py                                                 1           0  0.13s           2023-12-10T18:07:31
/home/airflow/.local/lib/python3.8/site-packages/airflow/example_dags/example_params_trigger_ui.py                                                         1           0  0.16s           2023-12-10T18:07:31
/home/airflow/.local/lib/python3.8/site-packages/airflow/example_dags/example_nested_branch_dag.py                                                         1           0  0.17s           2023-12-10T18:07:31
/home/airflow/.local/lib/python3.8/site-packages/airflow/example_dags/example_time_delta_sensor_async.py                                                   1           0  0.15s           2023-12-10T18:07:31
/home/airflow/.local/lib/python3.8/site-packages/airflow/example_dags/example_latest_only.py                                                               1           0  0.18s           2023-12-10T18:07:31
/home/airflow/.local/lib/python3.8/site-packages/airflow/example_dags/example_dynamic_task_mapping_with_no_taskflow_operators.py                           1           0  0.11s           2023-12-10T18:07:32
/home/airflow/.local/lib/python3.8/site-packages/airflow/example_dags/example_xcomargs.py                                                                  2           0  0.19s           2023-12-10T18:07:27
/home/airflow/.local/lib/python3.8/site-packages/airflow/example_dags/example_external_task_marker_dag.py                                                  2           0  0.16s           2023-12-10T18:07:31
/home/airflow/.local/lib/python3.8/site-packages/airflow/example_dags/example_subdag_operator.py                                                           3           0  0.19s           2023-12-10T18:07:29
/home/airflow/.local/lib/python3.8/site-packages/airflow/example_dags/example_branch_datetime_operator.py                                                  3           0  0.23s           2023-12-10T18:07:30
/home/airflow/.local/lib/python3.8/site-packages/airflow/example_dags/example_datasets.py                                                                  6           0  0.26s           2023-12-10T18:07:31
================================================================================
[2023-12-10T18:08:06.310+0000] {manager.py:469} INFO - Exiting gracefully upon receiving signal 15
[2023-12-10T18:09:39.507+0000] {manager.py:487} INFO - Processing files using up to 2 processes at a time 
[2023-12-10T18:09:39.517+0000] {manager.py:488} INFO - Process each file at most once every 30 seconds
[2023-12-10T18:09:39.520+0000] {manager.py:489} INFO - Checking for new files in /opt/airflow/dags every 300 seconds
[2023-12-10T18:09:39.523+0000] {manager.py:755} INFO - Searching for files in /opt/airflow/dags
[2023-12-10T18:09:39.686+0000] {manager.py:758} INFO - There are 1 files in /opt/airflow/dags
[2023-12-10T18:09:40.040+0000] {manager.py:887} INFO - 
================================================================================
DAG File Processing Stats

File Path                                     PID  Runtime      # DAGs    # Errors  Last Runtime    Last Run
------------------------------------------  -----  ---------  --------  ----------  --------------  ----------
/opt/airflow/dags/main_de_project_1_dag.py     31  0.23s             0           0
================================================================================
[2023-12-10T18:10:10.342+0000] {manager.py:887} INFO - 
================================================================================
DAG File Processing Stats

File Path                                     PID  Runtime      # DAGs    # Errors  Last Runtime    Last Run
------------------------------------------  -----  ---------  --------  ----------  --------------  -------------------
/opt/airflow/dags/main_de_project_1_dag.py     39  0.01s             0           1  0.37s           2023-12-10T18:09:40
================================================================================
[2023-12-10T18:10:40.654+0000] {manager.py:887} INFO - 
================================================================================
DAG File Processing Stats

File Path                                     PID  Runtime      # DAGs    # Errors  Last Runtime    Last Run
------------------------------------------  -----  ---------  --------  ----------  --------------  -------------------
/opt/airflow/dags/main_de_project_1_dag.py     47  0.00s             0           1  0.12s           2023-12-10T18:10:10
================================================================================
[2023-12-10T18:11:10.847+0000] {manager.py:887} INFO - 
================================================================================
DAG File Processing Stats

File Path                                     PID  Runtime      # DAGs    # Errors  Last Runtime    Last Run
------------------------------------------  -----  ---------  --------  ----------  --------------  -------------------
/opt/airflow/dags/main_de_project_1_dag.py     55  0.00s             0           1  0.06s           2023-12-10T18:10:40
================================================================================
[2023-12-10T18:11:41.276+0000] {manager.py:887} INFO - 
================================================================================
DAG File Processing Stats

File Path                                     PID  Runtime      # DAGs    # Errors  Last Runtime    Last Run
------------------------------------------  -----  ---------  --------  ----------  --------------  -------------------
/opt/airflow/dags/main_de_project_1_dag.py     63  0.01s             0           1  0.09s           2023-12-10T18:11:10
================================================================================
[2023-12-10T18:12:11.485+0000] {manager.py:887} INFO - 
================================================================================
DAG File Processing Stats

File Path                                     PID  Runtime      # DAGs    # Errors  Last Runtime    Last Run
------------------------------------------  -----  ---------  --------  ----------  --------------  -------------------
/opt/airflow/dags/main_de_project_1_dag.py     71  0.00s             0           1  0.12s           2023-12-10T18:11:41
================================================================================
[2023-12-10T18:12:41.765+0000] {manager.py:887} INFO - 
================================================================================
DAG File Processing Stats

File Path                                     PID  Runtime      # DAGs    # Errors  Last Runtime    Last Run
------------------------------------------  -----  ---------  --------  ----------  --------------  -------------------
/opt/airflow/dags/main_de_project_1_dag.py     79  0.00s             0           1  0.08s           2023-12-10T18:12:11
================================================================================
[2023-12-10T18:13:11.989+0000] {manager.py:887} INFO - 
================================================================================
DAG File Processing Stats

File Path                                     PID  Runtime      # DAGs    # Errors  Last Runtime    Last Run
------------------------------------------  -----  ---------  --------  ----------  --------------  -------------------
/opt/airflow/dags/main_de_project_1_dag.py     87  0.01s             0           1  0.07s           2023-12-10T18:12:41
================================================================================
[2023-12-10T18:13:42.218+0000] {manager.py:887} INFO - 
================================================================================
DAG File Processing Stats

File Path                                     PID  Runtime      # DAGs    # Errors  Last Runtime    Last Run
------------------------------------------  -----  ---------  --------  ----------  --------------  -------------------
/opt/airflow/dags/main_de_project_1_dag.py     95  0.01s             0           1  0.10s           2023-12-10T18:13:12
================================================================================
[2023-12-10T18:14:13.115+0000] {manager.py:887} INFO - 
================================================================================
DAG File Processing Stats

File Path                                   PID    Runtime      # DAGs    # Errors  Last Runtime    Last Run
------------------------------------------  -----  ---------  --------  ----------  --------------  -------------------
/opt/airflow/dags/main_de_project_1_dag.py                           0           1  0.09s           2023-12-10T18:14:10
================================================================================
[2023-12-10T18:14:39.555+0000] {manager.py:755} INFO - Searching for files in /opt/airflow/dags
[2023-12-10T18:14:39.563+0000] {manager.py:758} INFO - There are 1 files in /opt/airflow/dags
[2023-12-10T18:14:43.652+0000] {manager.py:887} INFO - 
================================================================================
DAG File Processing Stats

File Path                                   PID    Runtime      # DAGs    # Errors  Last Runtime    Last Run
------------------------------------------  -----  ---------  --------  ----------  --------------  -------------------
/opt/airflow/dags/main_de_project_1_dag.py                           0           1  0.06s           2023-12-10T18:14:41
================================================================================
[2023-12-10T18:15:14.143+0000] {manager.py:887} INFO - 
================================================================================
DAG File Processing Stats

File Path                                   PID    Runtime      # DAGs    # Errors  Last Runtime    Last Run
------------------------------------------  -----  ---------  --------  ----------  --------------  -------------------
/opt/airflow/dags/main_de_project_1_dag.py                           0           1  0.11s           2023-12-10T18:15:03
================================================================================
[2023-12-10T18:15:44.483+0000] {manager.py:887} INFO - 
================================================================================
DAG File Processing Stats

File Path                                     PID  Runtime      # DAGs    # Errors  Last Runtime    Last Run
------------------------------------------  -----  ---------  --------  ----------  --------------  -------------------
/opt/airflow/dags/main_de_project_1_dag.py    143  0.00s             0           1  0.09s           2023-12-10T18:15:33
================================================================================
[2023-12-10T18:16:14.751+0000] {manager.py:887} INFO - 
================================================================================
DAG File Processing Stats

File Path                                   PID    Runtime      # DAGs    # Errors  Last Runtime    Last Run
------------------------------------------  -----  ---------  --------  ----------  --------------  -------------------
/opt/airflow/dags/main_de_project_1_dag.py                           0           1  0.07s           2023-12-10T18:15:50
================================================================================
[2023-12-10T18:16:45.009+0000] {manager.py:887} INFO - 
================================================================================
DAG File Processing Stats

File Path                                   PID    Runtime      # DAGs    # Errors  Last Runtime    Last Run
------------------------------------------  -----  ---------  --------  ----------  --------------  -------------------
/opt/airflow/dags/main_de_project_1_dag.py                           0           1  0.15s           2023-12-10T18:16:20
================================================================================
[2023-12-10T18:17:15.272+0000] {manager.py:887} INFO - 
================================================================================
DAG File Processing Stats

File Path                                   PID    Runtime      # DAGs    # Errors  Last Runtime    Last Run
------------------------------------------  -----  ---------  --------  ----------  --------------  -------------------
/opt/airflow/dags/main_de_project_1_dag.py                           0           1  0.06s           2023-12-10T18:16:51
================================================================================
[2023-12-10T18:17:45.511+0000] {manager.py:887} INFO - 
================================================================================
DAG File Processing Stats

File Path                                   PID    Runtime      # DAGs    # Errors  Last Runtime    Last Run
------------------------------------------  -----  ---------  --------  ----------  --------------  -------------------
/opt/airflow/dags/main_de_project_1_dag.py                           0           1  0.11s           2023-12-10T18:17:21
================================================================================
[2023-12-10T18:18:02.294+0000] {manager.py:469} INFO - Exiting gracefully upon receiving signal 15
[2023-12-10T18:27:11.416+0000] {manager.py:487} INFO - Processing files using up to 2 processes at a time 
[2023-12-10T18:27:11.417+0000] {manager.py:488} INFO - Process each file at most once every 30 seconds
[2023-12-10T18:27:11.418+0000] {manager.py:489} INFO - Checking for new files in /opt/airflow/dags every 300 seconds
[2023-12-10T18:27:11.419+0000] {manager.py:755} INFO - Searching for files in /opt/airflow/dags
[2023-12-10T18:27:11.444+0000] {manager.py:758} INFO - There are 1 files in /opt/airflow/dags
[2023-12-10T18:27:11.550+0000] {manager.py:887} INFO - 
================================================================================
DAG File Processing Stats

File Path                                     PID  Runtime      # DAGs    # Errors  Last Runtime    Last Run
------------------------------------------  -----  ---------  --------  ----------  --------------  ----------
/opt/airflow/dags/main_de_project_1_dag.py     31  0.04s             0           0
================================================================================
[2023-12-10T18:27:41.813+0000] {manager.py:887} INFO - 
================================================================================
DAG File Processing Stats

File Path                                     PID  Runtime      # DAGs    # Errors  Last Runtime    Last Run
------------------------------------------  -----  ---------  --------  ----------  --------------  -------------------
/opt/airflow/dags/main_de_project_1_dag.py     39  0.01s             0           1  0.13s           2023-12-10T18:27:11
================================================================================
[2023-12-10T18:28:12.134+0000] {manager.py:887} INFO - 
================================================================================
DAG File Processing Stats

File Path                                     PID  Runtime      # DAGs    # Errors  Last Runtime    Last Run
------------------------------------------  -----  ---------  --------  ----------  --------------  -------------------
/opt/airflow/dags/main_de_project_1_dag.py     47  0.00s             0           1  0.11s           2023-12-10T18:27:41
================================================================================
[2023-12-10T18:28:42.476+0000] {manager.py:887} INFO - 
================================================================================
DAG File Processing Stats

File Path                                     PID  Runtime      # DAGs    # Errors  Last Runtime    Last Run
------------------------------------------  -----  ---------  --------  ----------  --------------  -------------------
/opt/airflow/dags/main_de_project_1_dag.py     55  0.01s             0           1  0.06s           2023-12-10T18:28:12
================================================================================
[2023-12-10T18:29:12.756+0000] {manager.py:887} INFO - 
================================================================================
DAG File Processing Stats

File Path                                     PID  Runtime      # DAGs    # Errors  Last Runtime    Last Run
------------------------------------------  -----  ---------  --------  ----------  --------------  -------------------
/opt/airflow/dags/main_de_project_1_dag.py     63  0.00s             0           1  0.06s           2023-12-10T18:28:42
================================================================================
[2023-12-10T18:29:43.020+0000] {manager.py:887} INFO - 
================================================================================
DAG File Processing Stats

File Path                                     PID  Runtime      # DAGs    # Errors  Last Runtime    Last Run
------------------------------------------  -----  ---------  --------  ----------  --------------  -------------------
/opt/airflow/dags/main_de_project_1_dag.py     71  0.01s             0           1  0.10s           2023-12-10T18:29:12
================================================================================
[2023-12-10T18:30:13.376+0000] {manager.py:887} INFO - 
================================================================================
DAG File Processing Stats

File Path                                     PID  Runtime      # DAGs    # Errors  Last Runtime    Last Run
------------------------------------------  -----  ---------  --------  ----------  --------------  -------------------
/opt/airflow/dags/main_de_project_1_dag.py     79  0.00s             0           1  0.10s           2023-12-10T18:29:43
================================================================================
[2023-12-10T18:30:43.756+0000] {manager.py:887} INFO - 
================================================================================
DAG File Processing Stats

File Path                                     PID  Runtime      # DAGs    # Errors  Last Runtime    Last Run
------------------------------------------  -----  ---------  --------  ----------  --------------  -------------------
/opt/airflow/dags/main_de_project_1_dag.py     87  0.01s             0           1  0.23s           2023-12-10T18:30:13
================================================================================
[2023-12-10T18:31:14.092+0000] {manager.py:887} INFO - 
================================================================================
DAG File Processing Stats

File Path                                     PID  Runtime      # DAGs    # Errors  Last Runtime    Last Run
------------------------------------------  -----  ---------  --------  ----------  --------------  -------------------
/opt/airflow/dags/main_de_project_1_dag.py     95  0.01s             0           1  0.08s           2023-12-10T18:30:43
================================================================================
[2023-12-10T18:31:44.361+0000] {manager.py:887} INFO - 
================================================================================
DAG File Processing Stats

File Path                                     PID  Runtime      # DAGs    # Errors  Last Runtime    Last Run
------------------------------------------  -----  ---------  --------  ----------  --------------  -------------------
/opt/airflow/dags/main_de_project_1_dag.py    103  0.00s             0           1  0.07s           2023-12-10T18:31:14
================================================================================
[2023-12-10T18:32:11.641+0000] {manager.py:755} INFO - Searching for files in /opt/airflow/dags
[2023-12-10T18:32:11.678+0000] {manager.py:758} INFO - There are 1 files in /opt/airflow/dags
[2023-12-10T18:32:14.749+0000] {manager.py:887} INFO - 
================================================================================
DAG File Processing Stats

File Path                                     PID  Runtime      # DAGs    # Errors  Last Runtime    Last Run
------------------------------------------  -----  ---------  --------  ----------  --------------  -------------------
/opt/airflow/dags/main_de_project_1_dag.py    111  0.01s             0           1  0.12s           2023-12-10T18:31:44
================================================================================
[2023-12-10T18:32:45.054+0000] {manager.py:887} INFO - 
================================================================================
DAG File Processing Stats

File Path                                     PID  Runtime      # DAGs    # Errors  Last Runtime    Last Run
------------------------------------------  -----  ---------  --------  ----------  --------------  -------------------
/opt/airflow/dags/main_de_project_1_dag.py    119  0.01s             0           1  0.06s           2023-12-10T18:32:14
================================================================================
[2023-12-10T18:33:15.340+0000] {manager.py:887} INFO - 
================================================================================
DAG File Processing Stats

File Path                                     PID  Runtime      # DAGs    # Errors  Last Runtime    Last Run
------------------------------------------  -----  ---------  --------  ----------  --------------  -------------------
/opt/airflow/dags/main_de_project_1_dag.py    127  0.00s             0           1  0.06s           2023-12-10T18:32:45
================================================================================
[2023-12-10T18:33:45.613+0000] {manager.py:887} INFO - 
================================================================================
DAG File Processing Stats

File Path                                     PID  Runtime      # DAGs    # Errors  Last Runtime    Last Run
------------------------------------------  -----  ---------  --------  ----------  --------------  -------------------
/opt/airflow/dags/main_de_project_1_dag.py    135  0.00s             0           1  0.06s           2023-12-10T18:33:15
================================================================================
[2023-12-10T18:34:15.947+0000] {manager.py:887} INFO - 
================================================================================
DAG File Processing Stats

File Path                                     PID  Runtime      # DAGs    # Errors  Last Runtime    Last Run
------------------------------------------  -----  ---------  --------  ----------  --------------  -------------------
/opt/airflow/dags/main_de_project_1_dag.py    143  0.04s             0           1  0.07s           2023-12-10T18:33:45
================================================================================
[2023-12-10T18:34:46.298+0000] {manager.py:887} INFO - 
================================================================================
DAG File Processing Stats

File Path                                     PID  Runtime      # DAGs    # Errors  Last Runtime    Last Run
------------------------------------------  -----  ---------  --------  ----------  --------------  -------------------
/opt/airflow/dags/main_de_project_1_dag.py    151  0.01s             0           1  0.16s           2023-12-10T18:34:16
================================================================================
[2023-12-10T18:35:16.588+0000] {manager.py:887} INFO - 
================================================================================
DAG File Processing Stats

File Path                                     PID  Runtime      # DAGs    # Errors  Last Runtime    Last Run
------------------------------------------  -----  ---------  --------  ----------  --------------  -------------------
/opt/airflow/dags/main_de_project_1_dag.py    159  0.01s             0           1  0.09s           2023-12-10T18:34:46
================================================================================
[2023-12-10T18:35:46.873+0000] {manager.py:887} INFO - 
================================================================================
DAG File Processing Stats

File Path                                     PID  Runtime      # DAGs    # Errors  Last Runtime    Last Run
------------------------------------------  -----  ---------  --------  ----------  --------------  -------------------
/opt/airflow/dags/main_de_project_1_dag.py    167  0.00s             0           1  0.06s           2023-12-10T18:35:16
================================================================================
[2023-12-10T18:36:17.158+0000] {manager.py:887} INFO - 
================================================================================
DAG File Processing Stats

File Path                                     PID  Runtime      # DAGs    # Errors  Last Runtime    Last Run
------------------------------------------  -----  ---------  --------  ----------  --------------  -------------------
/opt/airflow/dags/main_de_project_1_dag.py    175  0.00s             0           1  0.11s           2023-12-10T18:35:46
================================================================================
[2023-12-10T18:36:47.475+0000] {manager.py:887} INFO - 
================================================================================
DAG File Processing Stats

File Path                                     PID  Runtime      # DAGs    # Errors  Last Runtime    Last Run
------------------------------------------  -----  ---------  --------  ----------  --------------  -------------------
/opt/airflow/dags/main_de_project_1_dag.py    183  0.01s             0           1  0.07s           2023-12-10T18:36:17
================================================================================
[2023-12-10T18:37:11.672+0000] {manager.py:755} INFO - Searching for files in /opt/airflow/dags
[2023-12-10T18:37:11.679+0000] {manager.py:758} INFO - There are 1 files in /opt/airflow/dags
[2023-12-10T18:37:17.766+0000] {manager.py:887} INFO - 
================================================================================
DAG File Processing Stats

File Path                                     PID  Runtime      # DAGs    # Errors  Last Runtime    Last Run
------------------------------------------  -----  ---------  --------  ----------  --------------  -------------------
/opt/airflow/dags/main_de_project_1_dag.py    191  0.00s             0           1  0.06s           2023-12-10T18:36:47
================================================================================
[2023-12-10T18:37:48.073+0000] {manager.py:887} INFO - 
================================================================================
DAG File Processing Stats

File Path                                     PID  Runtime      # DAGs    # Errors  Last Runtime    Last Run
------------------------------------------  -----  ---------  --------  ----------  --------------  -------------------
/opt/airflow/dags/main_de_project_1_dag.py    199  0.01s             0           1  0.06s           2023-12-10T18:37:17
================================================================================
[2023-12-10T18:38:18.391+0000] {manager.py:887} INFO - 
================================================================================
DAG File Processing Stats

File Path                                     PID  Runtime      # DAGs    # Errors  Last Runtime    Last Run
------------------------------------------  -----  ---------  --------  ----------  --------------  -------------------
/opt/airflow/dags/main_de_project_1_dag.py    207  0.00s             0           1  0.07s           2023-12-10T18:37:48
================================================================================
[2023-12-10T18:38:48.725+0000] {manager.py:887} INFO - 
================================================================================
DAG File Processing Stats

File Path                                     PID  Runtime      # DAGs    # Errors  Last Runtime    Last Run
------------------------------------------  -----  ---------  --------  ----------  --------------  -------------------
/opt/airflow/dags/main_de_project_1_dag.py    215  0.00s             0           1  0.11s           2023-12-10T18:38:18
================================================================================
[2023-12-10T18:39:18.972+0000] {manager.py:469} INFO - Exiting gracefully upon receiving signal 15
[2023-12-10T18:41:30.684+0000] {manager.py:487} INFO - Processing files using up to 2 processes at a time 
[2023-12-10T18:41:30.685+0000] {manager.py:488} INFO - Process each file at most once every 30 seconds
[2023-12-10T18:41:30.686+0000] {manager.py:489} INFO - Checking for new files in /opt/airflow/dags every 300 seconds
[2023-12-10T18:41:30.687+0000] {manager.py:755} INFO - Searching for files in /opt/airflow/dags
[2023-12-10T18:41:30.704+0000] {manager.py:758} INFO - There are 1 files in /opt/airflow/dags
[2023-12-10T18:41:30.816+0000] {manager.py:887} INFO - 
================================================================================
DAG File Processing Stats

File Path                                     PID  Runtime      # DAGs    # Errors  Last Runtime    Last Run
------------------------------------------  -----  ---------  --------  ----------  --------------  ----------
/opt/airflow/dags/main_de_project_1_dag.py     30  0.06s             0           0
================================================================================
[2023-12-10T18:42:01.065+0000] {manager.py:887} INFO - 
================================================================================
DAG File Processing Stats

File Path                                     PID  Runtime      # DAGs    # Errors  Last Runtime    Last Run
------------------------------------------  -----  ---------  --------  ----------  --------------  -------------------
/opt/airflow/dags/main_de_project_1_dag.py     38  0.00s             0           1  0.13s           2023-12-10T18:41:30
================================================================================
[2023-12-10T18:42:31.292+0000] {manager.py:887} INFO - 
================================================================================
DAG File Processing Stats

File Path                                     PID  Runtime      # DAGs    # Errors  Last Runtime    Last Run
------------------------------------------  -----  ---------  --------  ----------  --------------  -------------------
/opt/airflow/dags/main_de_project_1_dag.py     46  0.00s             0           1  0.07s           2023-12-10T18:42:01
================================================================================
[2023-12-10T18:43:01.534+0000] {manager.py:887} INFO - 
================================================================================
DAG File Processing Stats

File Path                                     PID  Runtime      # DAGs    # Errors  Last Runtime    Last Run
------------------------------------------  -----  ---------  --------  ----------  --------------  -------------------
/opt/airflow/dags/main_de_project_1_dag.py     54  0.00s             0           1  0.06s           2023-12-10T18:42:31
================================================================================
[2023-12-10T18:43:31.830+0000] {manager.py:887} INFO - 
================================================================================
DAG File Processing Stats

File Path                                     PID  Runtime      # DAGs    # Errors  Last Runtime    Last Run
------------------------------------------  -----  ---------  --------  ----------  --------------  -------------------
/opt/airflow/dags/main_de_project_1_dag.py     62  0.01s             0           1  0.12s           2023-12-10T18:43:01
================================================================================
[2023-12-10T18:44:02.086+0000] {manager.py:887} INFO - 
================================================================================
DAG File Processing Stats

File Path                                   PID    Runtime      # DAGs    # Errors  Last Runtime    Last Run
------------------------------------------  -----  ---------  --------  ----------  --------------  -------------------
/opt/airflow/dags/main_de_project_1_dag.py                           0           1  0.11s           2023-12-10T18:44:00
================================================================================
[2023-12-10T18:44:32.416+0000] {manager.py:887} INFO - 
================================================================================
DAG File Processing Stats

File Path                                   PID    Runtime      # DAGs    # Errors  Last Runtime    Last Run
------------------------------------------  -----  ---------  --------  ----------  --------------  -------------------
/opt/airflow/dags/main_de_project_1_dag.py                           0           1  0.12s           2023-12-10T18:44:30
================================================================================
[2023-12-10T18:45:02.732+0000] {manager.py:887} INFO - 
================================================================================
DAG File Processing Stats

File Path                                   PID    Runtime      # DAGs    # Errors  Last Runtime    Last Run
------------------------------------------  -----  ---------  --------  ----------  --------------  -------------------
/opt/airflow/dags/main_de_project_1_dag.py                           0           1  0.11s           2023-12-10T18:45:00
================================================================================
[2023-12-10T18:45:32.996+0000] {manager.py:887} INFO - 
================================================================================
DAG File Processing Stats

File Path                                   PID    Runtime      # DAGs    # Errors  Last Runtime    Last Run
------------------------------------------  -----  ---------  --------  ----------  --------------  -------------------
/opt/airflow/dags/main_de_project_1_dag.py                           0           1  0.10s           2023-12-10T18:45:31
================================================================================
[2023-12-10T18:46:03.286+0000] {manager.py:887} INFO - 
================================================================================
DAG File Processing Stats

File Path                                   PID    Runtime      # DAGs    # Errors  Last Runtime    Last Run
------------------------------------------  -----  ---------  --------  ----------  --------------  -------------------
/opt/airflow/dags/main_de_project_1_dag.py                           0           1  0.12s           2023-12-10T18:46:01
================================================================================
[2023-12-10T18:46:31.440+0000] {manager.py:755} INFO - Searching for files in /opt/airflow/dags
[2023-12-10T18:46:31.455+0000] {manager.py:758} INFO - There are 1 files in /opt/airflow/dags
[2023-12-10T18:46:33.595+0000] {manager.py:887} INFO - 
================================================================================
DAG File Processing Stats

File Path                                   PID    Runtime      # DAGs    # Errors  Last Runtime    Last Run
------------------------------------------  -----  ---------  --------  ----------  --------------  -------------------
/opt/airflow/dags/main_de_project_1_dag.py                           0           1  0.06s           2023-12-10T18:46:32
================================================================================
[2023-12-10T18:47:04.164+0000] {manager.py:887} INFO - 
================================================================================
DAG File Processing Stats

File Path                                   PID    Runtime      # DAGs    # Errors  Last Runtime    Last Run
------------------------------------------  -----  ---------  --------  ----------  --------------  -------------------
/opt/airflow/dags/main_de_project_1_dag.py                           0           1  0.07s           2023-12-10T18:47:03
================================================================================
[2023-12-10T18:47:34.518+0000] {manager.py:887} INFO - 
================================================================================
DAG File Processing Stats

File Path                                   PID    Runtime      # DAGs    # Errors  Last Runtime    Last Run
------------------------------------------  -----  ---------  --------  ----------  --------------  -------------------
/opt/airflow/dags/main_de_project_1_dag.py                           0           1  0.10s           2023-12-10T18:47:11
================================================================================
[2023-12-10T18:48:04.934+0000] {manager.py:887} INFO - 
================================================================================
DAG File Processing Stats

File Path                                   PID    Runtime      # DAGs    # Errors  Last Runtime    Last Run
------------------------------------------  -----  ---------  --------  ----------  --------------  -------------------
/opt/airflow/dags/main_de_project_1_dag.py                           0           1  0.16s           2023-12-10T18:47:58
================================================================================
[2023-12-10T18:48:35.374+0000] {manager.py:887} INFO - 
================================================================================
DAG File Processing Stats

File Path                                   PID    Runtime      # DAGs    # Errors  Last Runtime    Last Run
------------------------------------------  -----  ---------  --------  ----------  --------------  -------------------
/opt/airflow/dags/main_de_project_1_dag.py                           0           1  0.08s           2023-12-10T18:48:23
================================================================================
[2023-12-10T18:49:05.643+0000] {manager.py:887} INFO - 
================================================================================
DAG File Processing Stats

File Path                                   PID    Runtime      # DAGs    # Errors  Last Runtime    Last Run
------------------------------------------  -----  ---------  --------  ----------  --------------  -------------------
/opt/airflow/dags/main_de_project_1_dag.py                           0           1  0.22s           2023-12-10T18:48:53
================================================================================
[2023-12-10T18:49:35.942+0000] {manager.py:887} INFO - 
================================================================================
DAG File Processing Stats

File Path                                   PID    Runtime      # DAGs    # Errors  Last Runtime    Last Run
------------------------------------------  -----  ---------  --------  ----------  --------------  -------------------
/opt/airflow/dags/main_de_project_1_dag.py                           0           1  0.13s           2023-12-10T18:49:23
================================================================================
[2023-12-10T18:50:06.297+0000] {manager.py:887} INFO - 
================================================================================
DAG File Processing Stats

File Path                                   PID    Runtime      # DAGs    # Errors  Last Runtime    Last Run
------------------------------------------  -----  ---------  --------  ----------  --------------  -------------------
/opt/airflow/dags/main_de_project_1_dag.py                           0           1  0.10s           2023-12-10T18:49:54
================================================================================
[2023-12-10T18:50:36.623+0000] {manager.py:887} INFO - 
================================================================================
DAG File Processing Stats

File Path                                   PID    Runtime      # DAGs    # Errors  Last Runtime    Last Run
------------------------------------------  -----  ---------  --------  ----------  --------------  -------------------
/opt/airflow/dags/main_de_project_1_dag.py                           0           1  0.06s           2023-12-10T18:50:24
================================================================================
[2023-12-10T18:51:06.923+0000] {manager.py:887} INFO - 
================================================================================
DAG File Processing Stats

File Path                                   PID    Runtime      # DAGs    # Errors  Last Runtime    Last Run
------------------------------------------  -----  ---------  --------  ----------  --------------  -------------------
/opt/airflow/dags/main_de_project_1_dag.py                           0           1  0.06s           2023-12-10T18:50:54
================================================================================
[2023-12-10T18:51:32.132+0000] {manager.py:755} INFO - Searching for files in /opt/airflow/dags
[2023-12-10T18:51:32.148+0000] {manager.py:758} INFO - There are 1 files in /opt/airflow/dags
[2023-12-10T18:51:37.214+0000] {manager.py:887} INFO - 
================================================================================
DAG File Processing Stats

File Path                                   PID    Runtime      # DAGs    # Errors  Last Runtime    Last Run
------------------------------------------  -----  ---------  --------  ----------  --------------  -------------------
/opt/airflow/dags/main_de_project_1_dag.py                           0           1  0.07s           2023-12-10T18:51:25
================================================================================
[2023-12-10T18:52:07.485+0000] {manager.py:887} INFO - 
================================================================================
DAG File Processing Stats

File Path                                   PID    Runtime      # DAGs    # Errors  Last Runtime    Last Run
------------------------------------------  -----  ---------  --------  ----------  --------------  -------------------
/opt/airflow/dags/main_de_project_1_dag.py                           0           1  0.06s           2023-12-10T18:51:55
================================================================================
[2023-12-10T18:52:37.815+0000] {manager.py:887} INFO - 
================================================================================
DAG File Processing Stats

File Path                                   PID    Runtime      # DAGs    # Errors  Last Runtime    Last Run
------------------------------------------  -----  ---------  --------  ----------  --------------  -------------------
/opt/airflow/dags/main_de_project_1_dag.py                           0           1  0.06s           2023-12-10T18:52:25
================================================================================
[2023-12-10T18:53:08.112+0000] {manager.py:887} INFO - 
================================================================================
DAG File Processing Stats

File Path                                   PID    Runtime      # DAGs    # Errors  Last Runtime    Last Run
------------------------------------------  -----  ---------  --------  ----------  --------------  -------------------
/opt/airflow/dags/main_de_project_1_dag.py                           0           1  0.07s           2023-12-10T18:52:56
================================================================================
[2023-12-10T18:53:38.424+0000] {manager.py:887} INFO - 
================================================================================
DAG File Processing Stats

File Path                                   PID    Runtime      # DAGs    # Errors  Last Runtime    Last Run
------------------------------------------  -----  ---------  --------  ----------  --------------  -------------------
/opt/airflow/dags/main_de_project_1_dag.py                           0           1  0.08s           2023-12-10T18:53:26
================================================================================
[2023-12-10T18:54:08.683+0000] {manager.py:887} INFO - 
================================================================================
DAG File Processing Stats

File Path                                   PID    Runtime      # DAGs    # Errors  Last Runtime    Last Run
------------------------------------------  -----  ---------  --------  ----------  --------------  -------------------
/opt/airflow/dags/main_de_project_1_dag.py                           0           1  0.06s           2023-12-10T18:53:56
================================================================================
[2023-12-10T18:54:39.006+0000] {manager.py:887} INFO - 
================================================================================
DAG File Processing Stats

File Path                                   PID    Runtime      # DAGs    # Errors  Last Runtime    Last Run
------------------------------------------  -----  ---------  --------  ----------  --------------  -------------------
/opt/airflow/dags/main_de_project_1_dag.py                           0           1  0.06s           2023-12-10T18:54:26
================================================================================
[2023-12-10T18:55:09.372+0000] {manager.py:887} INFO - 
================================================================================
DAG File Processing Stats

File Path                                   PID    Runtime      # DAGs    # Errors  Last Runtime    Last Run
------------------------------------------  -----  ---------  --------  ----------  --------------  -------------------
/opt/airflow/dags/main_de_project_1_dag.py                           0           1  0.16s           2023-12-10T18:54:57
================================================================================
[2023-12-10T18:55:39.690+0000] {manager.py:887} INFO - 
================================================================================
DAG File Processing Stats

File Path                                   PID    Runtime      # DAGs    # Errors  Last Runtime    Last Run
------------------------------------------  -----  ---------  --------  ----------  --------------  -------------------
/opt/airflow/dags/main_de_project_1_dag.py                           0           1  0.06s           2023-12-10T18:55:27
================================================================================
[2023-12-10T18:56:10.005+0000] {manager.py:887} INFO - 
================================================================================
DAG File Processing Stats

File Path                                   PID    Runtime      # DAGs    # Errors  Last Runtime    Last Run
------------------------------------------  -----  ---------  --------  ----------  --------------  -------------------
/opt/airflow/dags/main_de_project_1_dag.py                           0           1  0.11s           2023-12-10T18:55:57
================================================================================
[2023-12-10T18:56:32.158+0000] {manager.py:755} INFO - Searching for files in /opt/airflow/dags
[2023-12-10T18:56:32.165+0000] {manager.py:758} INFO - There are 1 files in /opt/airflow/dags
[2023-12-10T18:56:40.233+0000] {manager.py:887} INFO - 
================================================================================
DAG File Processing Stats

File Path                                   PID    Runtime      # DAGs    # Errors  Last Runtime    Last Run
------------------------------------------  -----  ---------  --------  ----------  --------------  -------------------
/opt/airflow/dags/main_de_project_1_dag.py                           0           1  0.07s           2023-12-10T18:56:28
================================================================================
[2023-12-10T18:57:10.413+0000] {manager.py:887} INFO - 
================================================================================
DAG File Processing Stats

File Path                                   PID    Runtime      # DAGs    # Errors  Last Runtime    Last Run
------------------------------------------  -----  ---------  --------  ----------  --------------  -------------------
/opt/airflow/dags/main_de_project_1_dag.py                           0           1  0.05s           2023-12-10T18:56:58
================================================================================
[2023-12-10T18:57:40.643+0000] {manager.py:887} INFO - 
================================================================================
DAG File Processing Stats

File Path                                   PID    Runtime      # DAGs    # Errors  Last Runtime    Last Run
------------------------------------------  -----  ---------  --------  ----------  --------------  -------------------
/opt/airflow/dags/main_de_project_1_dag.py                           0           1  0.08s           2023-12-10T18:57:28
================================================================================
[2023-12-10T18:58:10.851+0000] {manager.py:887} INFO - 
================================================================================
DAG File Processing Stats

File Path                                   PID    Runtime      # DAGs    # Errors  Last Runtime    Last Run
------------------------------------------  -----  ---------  --------  ----------  --------------  -------------------
/opt/airflow/dags/main_de_project_1_dag.py                           0           1  0.06s           2023-12-10T18:57:58
================================================================================
[2023-12-10T18:58:41.048+0000] {manager.py:887} INFO - 
================================================================================
DAG File Processing Stats

File Path                                   PID    Runtime      # DAGs    # Errors  Last Runtime    Last Run
------------------------------------------  -----  ---------  --------  ----------  --------------  -------------------
/opt/airflow/dags/main_de_project_1_dag.py                           0           1  0.07s           2023-12-10T18:58:29
================================================================================
[2023-12-10T18:59:11.303+0000] {manager.py:887} INFO - 
================================================================================
DAG File Processing Stats

File Path                                   PID    Runtime      # DAGs    # Errors  Last Runtime    Last Run
------------------------------------------  -----  ---------  --------  ----------  --------------  -------------------
/opt/airflow/dags/main_de_project_1_dag.py                           0           1  0.07s           2023-12-10T18:58:59
================================================================================
[2023-12-10T18:59:41.540+0000] {manager.py:887} INFO - 
================================================================================
DAG File Processing Stats

File Path                                   PID    Runtime      # DAGs    # Errors  Last Runtime    Last Run
------------------------------------------  -----  ---------  --------  ----------  --------------  -------------------
/opt/airflow/dags/main_de_project_1_dag.py                           0           1  0.07s           2023-12-10T18:59:29
================================================================================
[2023-12-10T19:00:11.822+0000] {manager.py:887} INFO - 
================================================================================
DAG File Processing Stats

File Path                                   PID    Runtime      # DAGs    # Errors  Last Runtime    Last Run
------------------------------------------  -----  ---------  --------  ----------  --------------  -------------------
/opt/airflow/dags/main_de_project_1_dag.py                           0           1  0.11s           2023-12-10T18:59:59
================================================================================
[2023-12-10T19:00:42.030+0000] {manager.py:887} INFO - 
================================================================================
DAG File Processing Stats

File Path                                   PID    Runtime      # DAGs    # Errors  Last Runtime    Last Run
------------------------------------------  -----  ---------  --------  ----------  --------------  -------------------
/opt/airflow/dags/main_de_project_1_dag.py                           0           1  0.06s           2023-12-10T19:00:30
================================================================================
[2023-12-10T19:01:12.265+0000] {manager.py:887} INFO - 
================================================================================
DAG File Processing Stats

File Path                                   PID    Runtime      # DAGs    # Errors  Last Runtime    Last Run
------------------------------------------  -----  ---------  --------  ----------  --------------  -------------------
/opt/airflow/dags/main_de_project_1_dag.py                           0           1  0.08s           2023-12-10T19:01:00
================================================================================
[2023-12-10T19:01:32.478+0000] {manager.py:755} INFO - Searching for files in /opt/airflow/dags
[2023-12-10T19:01:32.493+0000] {manager.py:758} INFO - There are 1 files in /opt/airflow/dags
[2023-12-10T19:01:42.607+0000] {manager.py:887} INFO - 
================================================================================
DAG File Processing Stats

File Path                                   PID    Runtime      # DAGs    # Errors  Last Runtime    Last Run
------------------------------------------  -----  ---------  --------  ----------  --------------  -------------------
/opt/airflow/dags/main_de_project_1_dag.py                           0           1  0.10s           2023-12-10T19:01:30
================================================================================
[2023-12-10T19:02:13.175+0000] {manager.py:887} INFO - 
================================================================================
DAG File Processing Stats

File Path                                   PID    Runtime      # DAGs    # Errors  Last Runtime    Last Run
------------------------------------------  -----  ---------  --------  ----------  --------------  -------------------
/opt/airflow/dags/main_de_project_1_dag.py                           0           1  0.07s           2023-12-10T19:02:00
================================================================================
[2023-12-10T19:22:12.298+0000] {manager.py:755} INFO - Searching for files in /opt/airflow/dags
[2023-12-10T19:22:12.379+0000] {manager.py:758} INFO - There are 1 files in /opt/airflow/dags
[2023-12-10T19:22:12.694+0000] {manager.py:887} INFO - 
================================================================================
DAG File Processing Stats

File Path                                     PID  Runtime      # DAGs    # Errors  Last Runtime    Last Run
------------------------------------------  -----  ---------  --------  ----------  --------------  -------------------
/opt/airflow/dags/main_de_project_1_dag.py    390  0.01s             0           1  0.07s           2023-12-10T19:02:00
================================================================================
[2023-12-10T19:23:49.147+0000] {manager.py:887} INFO - 
================================================================================
DAG File Processing Stats

File Path                                     PID  Runtime      # DAGs    # Errors  Last Runtime    Last Run
------------------------------------------  -----  ---------  --------  ----------  --------------  -------------------
/opt/airflow/dags/main_de_project_1_dag.py    392  0.01s             0           1  0.40s           2023-12-10T19:22:13
================================================================================
[2023-12-10T19:24:20.303+0000] {manager.py:887} INFO - 
================================================================================
DAG File Processing Stats

File Path                                   PID    Runtime      # DAGs    # Errors  Last Runtime    Last Run
------------------------------------------  -----  ---------  --------  ----------  --------------  -------------------
/opt/airflow/dags/main_de_project_1_dag.py                           0           1  1.92s           2023-12-10T19:23:51
================================================================================
[2023-12-10T19:24:50.622+0000] {manager.py:887} INFO - 
================================================================================
DAG File Processing Stats

File Path                                   PID    Runtime      # DAGs    # Errors  Last Runtime    Last Run
------------------------------------------  -----  ---------  --------  ----------  --------------  -------------------
/opt/airflow/dags/main_de_project_1_dag.py                           0           1  0.14s           2023-12-10T19:24:21
================================================================================
[2023-12-10T19:25:20.889+0000] {manager.py:887} INFO - 
================================================================================
DAG File Processing Stats

File Path                                   PID    Runtime      # DAGs    # Errors  Last Runtime    Last Run
------------------------------------------  -----  ---------  --------  ----------  --------------  -------------------
/opt/airflow/dags/main_de_project_1_dag.py                           0           1  0.06s           2023-12-10T19:24:51
================================================================================
[2023-12-10T19:25:51.132+0000] {manager.py:887} INFO - 
================================================================================
DAG File Processing Stats

File Path                                   PID    Runtime      # DAGs    # Errors  Last Runtime    Last Run
------------------------------------------  -----  ---------  --------  ----------  --------------  -------------------
/opt/airflow/dags/main_de_project_1_dag.py                           0           1  0.06s           2023-12-10T19:25:21
================================================================================
[2023-12-10T19:26:21.391+0000] {manager.py:887} INFO - 
================================================================================
DAG File Processing Stats

File Path                                   PID    Runtime      # DAGs    # Errors  Last Runtime    Last Run
------------------------------------------  -----  ---------  --------  ----------  --------------  -------------------
/opt/airflow/dags/main_de_project_1_dag.py                           0           1  0.06s           2023-12-10T19:25:52
================================================================================
